#
# There is insufficient memory for the Java Runtime Environment to continue.
# Native memory allocation (malloc) failed to allocate 2304912 bytes. Error detail: Chunk::new
# Possible reasons:
#   The system is out of physical RAM or swap space
#   This process is running with CompressedOops enabled, and the Java Heap may be blocking the growth of the native heap
# Possible solutions:
#   Reduce memory load on the system
#   Increase physical memory or swap space
#   Check if swap backing store is full
#   Decrease Java heap size (-Xmx/-Xms)
#   Decrease number of Java threads
#   Decrease Java thread stack sizes (-Xss)
#   Set larger code cache with -XX:ReservedCodeCacheSize=
#   JVM is running with Unscaled Compressed Oops mode in which the Java heap is
#     placed in the first 4GB address space. The Java Heap base address is the
#     maximum limit for the native heap growth. Please use -XX:HeapBaseMinAddress
#     to set the Java Heap base and to place the Java Heap above 4GB virtual address.
# This output file may be truncated or incomplete.
#
#  Out of Memory Error (arena.cpp:168), pid=14804, tid=16988
#
# JRE version: OpenJDK Runtime Environment Temurin-21.0.6+7 (21.0.6+7) (build 21.0.6+7-LTS)
# Java VM: OpenJDK 64-Bit Server VM Temurin-21.0.6+7 (21.0.6+7-LTS, mixed mode, sharing, tiered, compressed oops, compressed class ptrs, parallel gc, windows-amd64)
# No core dump will be written. Minidumps are not enabled by default on client versions of Windows
#

---------------  S U M M A R Y ------------

Command Line: --add-modules=ALL-SYSTEM --add-opens=java.base/java.util=ALL-UNNAMED --add-opens=java.base/java.lang=ALL-UNNAMED --add-opens=java.base/sun.nio.fs=ALL-UNNAMED -Declipse.application=org.eclipse.jdt.ls.core.id1 -Dosgi.bundles.defaultStartLevel=4 -Declipse.product=org.eclipse.jdt.ls.core.product -Djava.import.generatesMetadataFilesAtProjectRoot=false -DDetectVMInstallationsJob.disabled=true -Dfile.encoding=utf8 -XX:+UseParallelGC -XX:GCTimeRatio=4 -XX:AdaptiveSizePolicyWeight=90 -Dsun.zip.disableMemoryMapping=true -Xmx1G -Xms100m -Xlog:disable -javaagent:c:\Users\ankik\.vscode\extensions\redhat.java-1.41.1-win32-x64\lombok\lombok-1.18.36.jar -XX:+HeapDumpOnOutOfMemoryError -XX:HeapDumpPath=c:\Users\ankik\AppData\Roaming\Code\User\workspaceStorage\9961edf7579b5d0fc1c44e751a7c1207\redhat.java -Daether.dependencyCollector.impl=bf c:\Users\ankik\.vscode\extensions\redhat.java-1.41.1-win32-x64\server\plugins\org.eclipse.equinox.launcher_1.7.0.v20250331-1702.jar -configuration c:\Users\ankik\AppData\Roaming\Code\User\globalStorage\redhat.java\1.41.1\config_win -data c:\Users\ankik\AppData\Roaming\Code\User\workspaceStorage\9961edf7579b5d0fc1c44e751a7c1207\redhat.java\jdt_ws --pipe=\\.\pipe\lsp-83e14ccb0d8f524cc386093e5ab49b7b-sock

Host: 11th Gen Intel(R) Core(TM) i5-1135G7 @ 2.40GHz, 8 cores, 7G,  Windows 11 , 64 bit Build 26100 (10.0.26100.3912)
Time: Tue May 13 15:25:07 2025 India Standard Time elapsed time: 6.104636 seconds (0d 0h 0m 6s)

---------------  T H R E A D  ---------------

Current thread (0x000001f7bdb8ac70):  JavaThread "C2 CompilerThread0" daemon [_thread_in_native, id=16988, stack(0x00000048acc00000,0x00000048acd00000) (1024K)]


Current CompileTask:
C2:6104 3986       4       org.lombokweb.asm.ClassReader::readMethod (1070 bytes)

Stack: [0x00000048acc00000,0x00000048acd00000]
Native frames: (J=compiled Java code, j=interpreted, Vv=VM code, C=native code)
V  [jvm.dll+0x6cdee9]
V  [jvm.dll+0x8a83d1]
V  [jvm.dll+0x8aa8fe]
V  [jvm.dll+0x8aafe3]
V  [jvm.dll+0x27f706]
V  [jvm.dll+0xc500d]
V  [jvm.dll+0xc5543]
V  [jvm.dll+0x3b678c]
V  [jvm.dll+0x1e0009]
V  [jvm.dll+0x247b42]
V  [jvm.dll+0x246fcf]
V  [jvm.dll+0x1c75ee]
V  [jvm.dll+0x25685a]
V  [jvm.dll+0x254dfa]
V  [jvm.dll+0x3f0256]
V  [jvm.dll+0x851f8b]
V  [jvm.dll+0x6cc5ed]
C  [ucrtbase.dll+0x37b0]
C  [KERNEL32.DLL+0x2e8d7]
C  [ntdll.dll+0x9c5dc]


---------------  P R O C E S S  ---------------

Threads class SMR info:
_java_thread_list=0x000001f7883c6e60, length=40, elements={
0x000001f7a97ca170, 0x000001f7bdb7e520, 0x000001f7bdb81740, 0x000001f7bdb83730,
0x000001f7bdb84380, 0x000001f7bdb84fd0, 0x000001f7bdb87e30, 0x000001f7bdb8ac70,
0x000001f780598b30, 0x000001f78060fbf0, 0x000001f7807ab450, 0x000001f78088c270,
0x000001f78553a330, 0x000001f7859a9960, 0x000001f7859c8e20, 0x000001f78584ed60,
0x000001f785b480d0, 0x000001f785769d00, 0x000001f7860a8df0, 0x000001f785d3e230,
0x000001f785d08f80, 0x000001f785d08260, 0x000001f785d07bd0, 0x000001f785d0a9c0,
0x000001f785d07540, 0x000001f785d088f0, 0x000001f785d09610, 0x000001f785d0a330,
0x000001f785d09ca0, 0x000001f787222720, 0x000001f787222db0, 0x000001f787223440,
0x000001f787222090, 0x000001f787223ad0, 0x000001f787224160, 0x000001f787221a00,
0x000001f7872247f0, 0x000001f787221370, 0x000001f787225510, 0x000001f787224e80
}

Java Threads: ( => current thread )
  0x000001f7a97ca170 JavaThread "main"                              [_thread_in_vm, id=15808, stack(0x00000048ac200000,0x00000048ac300000) (1024K)]
  0x000001f7bdb7e520 JavaThread "Reference Handler"          daemon [_thread_blocked, id=19488, stack(0x00000048ac600000,0x00000048ac700000) (1024K)]
  0x000001f7bdb81740 JavaThread "Finalizer"                  daemon [_thread_blocked, id=20144, stack(0x00000048ac700000,0x00000048ac800000) (1024K)]
  0x000001f7bdb83730 JavaThread "Signal Dispatcher"          daemon [_thread_blocked, id=6940, stack(0x00000048ac800000,0x00000048ac900000) (1024K)]
  0x000001f7bdb84380 JavaThread "Attach Listener"            daemon [_thread_blocked, id=8628, stack(0x00000048ac900000,0x00000048aca00000) (1024K)]
  0x000001f7bdb84fd0 JavaThread "Service Thread"             daemon [_thread_blocked, id=14144, stack(0x00000048aca00000,0x00000048acb00000) (1024K)]
  0x000001f7bdb87e30 JavaThread "Monitor Deflation Thread"   daemon [_thread_blocked, id=16080, stack(0x00000048acb00000,0x00000048acc00000) (1024K)]
=>0x000001f7bdb8ac70 JavaThread "C2 CompilerThread0"         daemon [_thread_in_native, id=16988, stack(0x00000048acc00000,0x00000048acd00000) (1024K)]
  0x000001f780598b30 JavaThread "C1 CompilerThread0"         daemon [_thread_in_native, id=9404, stack(0x00000048acd00000,0x00000048ace00000) (1024K)]
  0x000001f78060fbf0 JavaThread "Common-Cleaner"             daemon [_thread_blocked, id=9224, stack(0x00000048ace00000,0x00000048acf00000) (1024K)]
  0x000001f7807ab450 JavaThread "C2 CompilerThread1"         daemon [_thread_in_native, id=12800, stack(0x00000048acf00000,0x00000048ad000000) (1024K)]
  0x000001f78088c270 JavaThread "Notification Thread"        daemon [_thread_blocked, id=16484, stack(0x00000048ad000000,0x00000048ad100000) (1024K)]
  0x000001f78553a330 JavaThread "C2 CompilerThread2"         daemon [_thread_in_native, id=2840, stack(0x00000048ad100000,0x00000048ad200000) (1024K)]
  0x000001f7859a9960 JavaThread "Active Thread: Equinox Container: ef80e476-8550-4841-9845-655898189a22"        [_thread_blocked, id=1044, stack(0x00000048ad800000,0x00000048ad900000) (1024K)]
  0x000001f7859c8e20 JavaThread "Refresh Thread: Equinox Container: ef80e476-8550-4841-9845-655898189a22" daemon [_thread_blocked, id=1340, stack(0x00000048ad900000,0x00000048ada00000) (1024K)]
  0x000001f78584ed60 JavaThread "Framework Event Dispatcher: Equinox Container: ef80e476-8550-4841-9845-655898189a22" daemon [_thread_blocked, id=2768, stack(0x00000048adb00000,0x00000048adc00000) (1024K)]
  0x000001f785b480d0 JavaThread "Start Level: Equinox Container: ef80e476-8550-4841-9845-655898189a22" daemon [_thread_blocked, id=11584, stack(0x00000048adc00000,0x00000048add00000) (1024K)]
  0x000001f785769d00 JavaThread "Bundle File Closer"         daemon [_thread_blocked, id=12256, stack(0x00000048add00000,0x00000048ade00000) (1024K)]
  0x000001f7860a8df0 JavaThread "SCR Component Actor"        daemon [_thread_blocked, id=17460, stack(0x00000048ade00000,0x00000048adf00000) (1024K)]
  0x000001f785d3e230 JavaThread "SCR Component Registry"     daemon [_thread_blocked, id=2820, stack(0x00000048adf00000,0x00000048ae000000) (1024K)]
  0x000001f785d08f80 JavaThread "Worker-JM"                         [_thread_blocked, id=16032, stack(0x00000048ae000000,0x00000048ae100000) (1024K)]
  0x000001f785d08260 JavaThread "JNA Cleaner"                daemon [_thread_blocked, id=9648, stack(0x00000048ae100000,0x00000048ae200000) (1024K)]
  0x000001f785d07bd0 JavaThread "Worker-0: Initialize After Load"        [_thread_blocked, id=22328, stack(0x00000048ae200000,0x00000048ae300000) (1024K)]
  0x000001f785d0a9c0 JavaThread "Worker-1: Processing Java changes since last activation"        [_thread_blocked, id=7568, stack(0x00000048ae300000,0x00000048ae400000) (1024K)]
  0x000001f785d07540 JavaThread "Worker-2: Building"                [_thread_in_vm, id=13628, stack(0x00000048ae400000,0x00000048ae500000) (1024K)]
  0x000001f785d088f0 JavaThread "Java indexing"              daemon [_thread_blocked, id=12048, stack(0x00000048ae500000,0x00000048ae600000) (1024K)]
  0x000001f785d09610 JavaThread "Worker-3: Loading available Gradle versions"        [_thread_in_vm, id=3264, stack(0x00000048ae800000,0x00000048ae900000) (1024K)]
  0x000001f785d0a330 JavaThread "Worker-4: Repository registry initialization"        [_thread_blocked, id=14968, stack(0x00000048ae900000,0x00000048aea00000) (1024K)]
  0x000001f785d09ca0 JavaThread "Worker-5: Updating Maven Dependencies"        [_thread_in_Java, id=13808, stack(0x00000048aea00000,0x00000048aeb00000) (1024K)]
  0x000001f787222720 JavaThread "Thread-2"                   daemon [_thread_in_native, id=4616, stack(0x00000048aeb00000,0x00000048aec00000) (1024K)]
  0x000001f787222db0 JavaThread "Thread-3"                   daemon [_thread_in_native, id=2788, stack(0x00000048aec00000,0x00000048aed00000) (1024K)]
  0x000001f787223440 JavaThread "Thread-4"                   daemon [_thread_in_native, id=5648, stack(0x00000048aed00000,0x00000048aee00000) (1024K)]
  0x000001f787222090 JavaThread "Thread-5"                   daemon [_thread_in_native, id=9524, stack(0x00000048aee00000,0x00000048aef00000) (1024K)]
  0x000001f787223ad0 JavaThread "Thread-6"                   daemon [_thread_in_native, id=22036, stack(0x00000048aef00000,0x00000048af000000) (1024K)]
  0x000001f787224160 JavaThread "Thread-7"                   daemon [_thread_in_native, id=5124, stack(0x00000048af000000,0x00000048af100000) (1024K)]
  0x000001f787221a00 JavaThread "Thread-8"                   daemon [_thread_in_native, id=20244, stack(0x00000048af100000,0x00000048af200000) (1024K)]
  0x000001f7872247f0 JavaThread "Thread-9"                   daemon [_thread_in_native, id=2144, stack(0x00000048af200000,0x00000048af300000) (1024K)]
  0x000001f787221370 JavaThread "Thread-10"                  daemon [_thread_in_native, id=7504, stack(0x00000048af300000,0x00000048af400000) (1024K)]
  0x000001f787225510 JavaThread "pool-2-thread-1"                   [_thread_blocked, id=19292, stack(0x00000048af400000,0x00000048af500000) (1024K)]
  0x000001f787224e80 JavaThread "Worker-6"                          [_thread_blocked, id=11312, stack(0x00000048af500000,0x00000048af600000) (1024K)]
Total: 40

Other Threads:
  0x000001f7a744e520 VMThread "VM Thread"                           [id=16200, stack(0x00000048ac500000,0x00000048ac600000) (1024K)]
  0x000001f7a983a990 WatcherThread "VM Periodic Task Thread"        [id=14868, stack(0x00000048ac400000,0x00000048ac500000) (1024K)]
  0x000001f7a744f3a0 WorkerThread "GC Thread#0"                     [id=9488, stack(0x00000048ac300000,0x00000048ac400000) (1024K)]
  0x000001f7a744f740 WorkerThread "GC Thread#1"                     [id=12588, stack(0x00000048ad200000,0x00000048ad300000) (1024K)]
  0x000001f7a744fae0 WorkerThread "GC Thread#2"                     [id=13200, stack(0x00000048ad300000,0x00000048ad400000) (1024K)]
  0x000001f7856fc8a0 WorkerThread "GC Thread#3"                     [id=12028, stack(0x00000048ad400000,0x00000048ad500000) (1024K)]
  0x000001f7856fb2e0 WorkerThread "GC Thread#4"                     [id=18032, stack(0x00000048ad500000,0x00000048ad600000) (1024K)]
  0x000001f7856fd720 WorkerThread "GC Thread#5"                     [id=14436, stack(0x00000048ad600000,0x00000048ad700000) (1024K)]
  0x000001f7856fbdc0 WorkerThread "GC Thread#6"                     [id=13240, stack(0x00000048ad700000,0x00000048ad800000) (1024K)]
  0x000001f7856fd380 WorkerThread "GC Thread#7"                     [id=20916, stack(0x00000048ada00000,0x00000048adb00000) (1024K)]
Total: 10

Threads with active compile tasks:
C2 CompilerThread0  6134 3986       4       org.lombokweb.asm.ClassReader::readMethod (1070 bytes)
C1 CompilerThread0  6135 4711       2       sun.invoke.util.VerifyType::isNullConversion (157 bytes)
C2 CompilerThread1  6135 4682       4       java.util.ArrayList::equalsRange (85 bytes)
C2 CompilerThread2  6135 4695       4       org.eclipse.jdt.internal.core.util.Util::splitOn (134 bytes)
Total: 4

VM state: not at safepoint (normal execution)

VM Mutex/Monitor currently owned by a thread: None

Heap address: 0x00000000c0000000, size: 1024 MB, Compressed Oops mode: 32-bit

CDS archive(s) mapped at: [0x000001f7be000000-0x000001f7beba0000-0x000001f7beba0000), size 12189696, SharedBaseAddress: 0x000001f7be000000, ArchiveRelocationMode: 1.
Compressed class space mapped at: 0x000001f7bf000000-0x000001f7ff000000, reserved size: 1073741824
Narrow klass base: 0x000001f7be000000, Narrow klass shift: 0, Narrow klass range: 0x100000000

GC Precious Log:
 CardTable entry size: 512
 CPUs: 8 total, 8 available
 Memory: 7971M
 Large Page Support: Disabled
 NUMA Support: Disabled
 Compressed Oops: Enabled (32-bit)
 Alignments: Space 512K, Generation 512K, Heap 2M
 Heap Min Capacity: 100M
 Heap Initial Capacity: 100M
 Heap Max Capacity: 1G
 Pre-touch: Disabled
 Parallel Workers: 8

Heap:
 PSYoungGen      total 24064K, used 5432K [0x00000000eab00000, 0x00000000ec700000, 0x0000000100000000)
  eden space 22016K, 15% used [0x00000000eab00000,0x00000000eae6e2d8,0x00000000ec080000)
  from space 2048K, 93% used [0x00000000ec080000,0x00000000ec260010,0x00000000ec280000)
  to   space 3072K, 0% used [0x00000000ec400000,0x00000000ec400000,0x00000000ec700000)
 ParOldGen       total 68608K, used 19812K [0x00000000c0000000, 0x00000000c4300000, 0x00000000eab00000)
  object space 68608K, 28% used [0x00000000c0000000,0x00000000c1359268,0x00000000c4300000)
 Metaspace       used 33686K, committed 34816K, reserved 1114112K
  class space    used 3257K, committed 3712K, reserved 1048576K

Card table byte_map: [0x000001f7a9170000,0x000001f7a9380000] _byte_map_base: 0x000001f7a8b70000

Marking Bits: (ParMarkBitMap*) 0x00007ffd7e623260
 Begin Bits: [0x000001f7bb9c0000, 0x000001f7bc9c0000)
 End Bits:   [0x000001f7bc9c0000, 0x000001f7bd9c0000)

Polling page: 0x000001f7a77b0000

Metaspace:

Usage:
  Non-class:     29.72 MB used.
      Class:      3.18 MB used.
       Both:     32.90 MB used.

Virtual space:
  Non-class space:       64.00 MB reserved,      30.38 MB ( 47%) committed,  1 nodes.
      Class space:        1.00 GB reserved,       3.62 MB ( <1%) committed,  1 nodes.
             Both:        1.06 GB reserved,      34.00 MB (  3%) committed. 

Chunk freelists:
   Non-Class:  1.36 MB
       Class:  12.30 MB
        Both:  13.66 MB

MaxMetaspaceSize: unlimited
CompressedClassSpaceSize: 1.00 GB
Initial GC threshold: 21.00 MB
Current GC threshold: 35.00 MB
CDS: on
 - commit_granule_bytes: 65536.
 - commit_granule_words: 8192.
 - virtual_space_node_default_size: 8388608.
 - enlarge_chunks_in_place: 1.
 - use_allocation_guard: 0.


Internal statistics:

num_allocs_failed_limit: 3.
num_arena_births: 758.
num_arena_deaths: 14.
num_vsnodes_births: 2.
num_vsnodes_deaths: 0.
num_space_committed: 544.
num_space_uncommitted: 0.
num_chunks_returned_to_freelist: 17.
num_chunks_taken_from_freelist: 2144.
num_chunk_merges: 9.
num_chunk_splits: 1389.
num_chunks_enlarged: 865.
num_inconsistent_stats: 0.

CodeHeap 'non-profiled nmethods': size=120000Kb used=2330Kb max_used=2330Kb free=117670Kb
 bounds [0x000001f7b4490000, 0x000001f7b4700000, 0x000001f7bb9c0000]
CodeHeap 'profiled nmethods': size=120000Kb used=9868Kb max_used=9868Kb free=110131Kb
 bounds [0x000001f7ac9c0000, 0x000001f7ad370000, 0x000001f7b3ef0000]
CodeHeap 'non-nmethods': size=5760Kb used=1368Kb max_used=1409Kb free=4391Kb
 bounds [0x000001f7b3ef0000, 0x000001f7b4160000, 0x000001f7b4490000]
 total_blobs=5341 nmethods=4687 adapters=560
 compilation: enabled
              stopped_count=0, restarted_count=0
 full_count=0

Compilation events (20 events):
Event: 5.093 Thread 0x000001f780598b30 nmethod 4678 0x000001f7ad342010 code [0x000001f7ad342880, 0x000001f7ad346db0]
Event: 5.095 Thread 0x000001f780598b30 4679       1       org.eclipse.core.runtime.Status::getSeverity (5 bytes)
Event: 5.095 Thread 0x000001f780598b30 nmethod 4679 0x000001f7b46cf590 code [0x000001f7b46cf720, 0x000001f7b46cf7e8]
Event: 5.096 Thread 0x000001f780598b30 4681       2       java.lang.Character::isHighSurrogate (18 bytes)
Event: 5.096 Thread 0x000001f780598b30 nmethod 4681 0x000001f7ad348510 code [0x000001f7ad3486a0, 0x000001f7ad3487b0]
Event: 5.104 Thread 0x000001f780598b30 4683       3       java.util.ImmutableCollections$ListItr::<init> (25 bytes)
Event: 5.104 Thread 0x000001f780598b30 nmethod 4683 0x000001f7ad348810 code [0x000001f7ad3489c0, 0x000001f7ad348b50]
Event: 5.104 Thread 0x000001f780598b30 4684 %     3       org.eclipse.jdt.internal.core.util.Util::splitOn @ 37 (134 bytes)
Event: 5.105 Thread 0x000001f780598b30 nmethod 4684% 0x000001f7ad348c10 code [0x000001f7ad348f00, 0x000001f7ad34a230]
Event: 5.105 Thread 0x000001f780598b30 4685 %     3       org.eclipse.jdt.internal.core.util.Util::splitOn @ 78 (134 bytes)
Event: 5.106 Thread 0x000001f780598b30 nmethod 4685% 0x000001f7ad34a990 code [0x000001f7ad34ac80, 0x000001f7ad34bfb0]
Event: 5.107 Thread 0x000001f780598b30 4686       3       org.eclipse.jdt.internal.core.util.Util::splitOn (134 bytes)
Event: 5.107 Thread 0x000001f780598b30 nmethod 4686 0x000001f7ad34c790 code [0x000001f7ad34ca60, 0x000001f7ad34dc90]
Event: 5.109 Thread 0x000001f780598b30 4688       3       org.eclipse.jdt.internal.compiler.util.JrtFileSystem$2::preVisitDirectory (10 bytes)
Event: 5.109 Thread 0x000001f780598b30 nmethod 4688 0x000001f7ad34e410 code [0x000001f7ad34e5c0, 0x000001f7ad34e820]
Event: 5.109 Thread 0x000001f780598b30 4689       3       org.eclipse.jdt.internal.compiler.util.JrtFileSystem$2::preVisitDirectory (136 bytes)
Event: 5.110 Thread 0x000001f780598b30 nmethod 4689 0x000001f7ad34e910 code [0x000001f7ad34eba0, 0x000001f7ad34f688]
Event: 5.110 Thread 0x000001f780598b30 4690       3       jdk.internal.jimage.ImageReader$SharedImageReader$$Lambda/0x000001f7bf355458::<init> (15 bytes)
Event: 5.110 Thread 0x000001f780598b30 nmethod 4690 0x000001f7ad34f990 code [0x000001f7ad34fb40, 0x000001f7ad34fcd8]
Event: 5.110 Thread 0x000001f780598b30 4691       3       java.util.regex.Pattern::atom (422 bytes)

GC Heap History (20 events):
Event: 2.040 GC heap before
{Heap before GC invocations=4 (full 0):
 PSYoungGen      total 29696K, used 29670K [0x00000000eab00000, 0x00000000ecc00000, 0x0000000100000000)
  eden space 25600K, 99% used [0x00000000eab00000,0x00000000ec3ffff0,0x00000000ec400000)
  from space 4096K, 99% used [0x00000000ec400000,0x00000000ec7f9be0,0x00000000ec800000)
  to   space 4096K, 0% used [0x00000000ec800000,0x00000000ec800000,0x00000000ecc00000)
 ParOldGen       total 68608K, used 5851K [0x00000000c0000000, 0x00000000c4300000, 0x00000000eab00000)
  object space 68608K, 8% used [0x00000000c0000000,0x00000000c05b6f90,0x00000000c4300000)
 Metaspace       used 12101K, committed 12480K, reserved 1114112K
  class space    used 1210K, committed 1344K, reserved 1048576K
}
Event: 2.045 GC heap after
{Heap after GC invocations=4 (full 0):
 PSYoungGen      total 29696K, used 4091K [0x00000000eab00000, 0x00000000ecc00000, 0x0000000100000000)
  eden space 25600K, 0% used [0x00000000eab00000,0x00000000eab00000,0x00000000ec400000)
  from space 4096K, 99% used [0x00000000ec800000,0x00000000ecbfec30,0x00000000ecc00000)
  to   space 4096K, 0% used [0x00000000ec400000,0x00000000ec400000,0x00000000ec800000)
 ParOldGen       total 68608K, used 6800K [0x00000000c0000000, 0x00000000c4300000, 0x00000000eab00000)
  object space 68608K, 9% used [0x00000000c0000000,0x00000000c06a41d0,0x00000000c4300000)
 Metaspace       used 12101K, committed 12480K, reserved 1114112K
  class space    used 1210K, committed 1344K, reserved 1048576K
}
Event: 2.367 GC heap before
{Heap before GC invocations=5 (full 0):
 PSYoungGen      total 29696K, used 29691K [0x00000000eab00000, 0x00000000ecc00000, 0x0000000100000000)
  eden space 25600K, 100% used [0x00000000eab00000,0x00000000ec400000,0x00000000ec400000)
  from space 4096K, 99% used [0x00000000ec800000,0x00000000ecbfec30,0x00000000ecc00000)
  to   space 4096K, 0% used [0x00000000ec400000,0x00000000ec400000,0x00000000ec800000)
 ParOldGen       total 68608K, used 6800K [0x00000000c0000000, 0x00000000c4300000, 0x00000000eab00000)
  object space 68608K, 9% used [0x00000000c0000000,0x00000000c06a41d0,0x00000000c4300000)
 Metaspace       used 15818K, committed 16384K, reserved 1114112K
  class space    used 1561K, committed 1792K, reserved 1048576K
}
Event: 2.370 GC heap after
{Heap after GC invocations=5 (full 0):
 PSYoungGen      total 29184K, used 4077K [0x00000000eab00000, 0x00000000ecf80000, 0x0000000100000000)
  eden space 25088K, 0% used [0x00000000eab00000,0x00000000eab00000,0x00000000ec380000)
  from space 4096K, 99% used [0x00000000ec400000,0x00000000ec7fb7c8,0x00000000ec800000)
  to   space 6144K, 0% used [0x00000000ec980000,0x00000000ec980000,0x00000000ecf80000)
 ParOldGen       total 68608K, used 8472K [0x00000000c0000000, 0x00000000c4300000, 0x00000000eab00000)
  object space 68608K, 12% used [0x00000000c0000000,0x00000000c0846398,0x00000000c4300000)
 Metaspace       used 15818K, committed 16384K, reserved 1114112K
  class space    used 1561K, committed 1792K, reserved 1048576K
}
Event: 3.903 GC heap before
{Heap before GC invocations=6 (full 0):
 PSYoungGen      total 29184K, used 29165K [0x00000000eab00000, 0x00000000ecf80000, 0x0000000100000000)
  eden space 25088K, 100% used [0x00000000eab00000,0x00000000ec380000,0x00000000ec380000)
  from space 4096K, 99% used [0x00000000ec400000,0x00000000ec7fb7c8,0x00000000ec800000)
  to   space 6144K, 0% used [0x00000000ec980000,0x00000000ec980000,0x00000000ecf80000)
 ParOldGen       total 68608K, used 8472K [0x00000000c0000000, 0x00000000c4300000, 0x00000000eab00000)
  object space 68608K, 12% used [0x00000000c0000000,0x00000000c0846398,0x00000000c4300000)
 Metaspace       used 18791K, committed 19584K, reserved 1114112K
  class space    used 1891K, committed 2240K, reserved 1048576K
}
Event: 3.907 GC heap after
{Heap after GC invocations=6 (full 0):
 PSYoungGen      total 29184K, used 4458K [0x00000000eab00000, 0x00000000ece00000, 0x0000000100000000)
  eden space 24576K, 0% used [0x00000000eab00000,0x00000000eab00000,0x00000000ec300000)
  from space 4608K, 96% used [0x00000000ec980000,0x00000000ecddab68,0x00000000ece00000)
  to   space 5120K, 0% used [0x00000000ec400000,0x00000000ec400000,0x00000000ec900000)
 ParOldGen       total 68608K, used 8480K [0x00000000c0000000, 0x00000000c4300000, 0x00000000eab00000)
  object space 68608K, 12% used [0x00000000c0000000,0x00000000c0848398,0x00000000c4300000)
 Metaspace       used 18791K, committed 19584K, reserved 1114112K
  class space    used 1891K, committed 2240K, reserved 1048576K
}
Event: 4.195 GC heap before
{Heap before GC invocations=7 (full 0):
 PSYoungGen      total 29184K, used 22423K [0x00000000eab00000, 0x00000000ece00000, 0x0000000100000000)
  eden space 24576K, 73% used [0x00000000eab00000,0x00000000ebc8b310,0x00000000ec300000)
  from space 4608K, 96% used [0x00000000ec980000,0x00000000ecddab68,0x00000000ece00000)
  to   space 5120K, 0% used [0x00000000ec400000,0x00000000ec400000,0x00000000ec900000)
 ParOldGen       total 68608K, used 8480K [0x00000000c0000000, 0x00000000c4300000, 0x00000000eab00000)
  object space 68608K, 12% used [0x00000000c0000000,0x00000000c0848398,0x00000000c4300000)
 Metaspace       used 20796K, committed 21504K, reserved 1114112K
  class space    used 2103K, committed 2432K, reserved 1048576K
}
Event: 4.198 GC heap after
{Heap after GC invocations=7 (full 0):
 PSYoungGen      total 29184K, used 4188K [0x00000000eab00000, 0x00000000ecc00000, 0x0000000100000000)
  eden space 24576K, 0% used [0x00000000eab00000,0x00000000eab00000,0x00000000ec300000)
  from space 4608K, 90% used [0x00000000ec400000,0x00000000ec817120,0x00000000ec880000)
  to   space 3584K, 0% used [0x00000000ec880000,0x00000000ec880000,0x00000000ecc00000)
 ParOldGen       total 68608K, used 9639K [0x00000000c0000000, 0x00000000c4300000, 0x00000000eab00000)
  object space 68608K, 14% used [0x00000000c0000000,0x00000000c0969d70,0x00000000c4300000)
 Metaspace       used 20796K, committed 21504K, reserved 1114112K
  class space    used 2103K, committed 2432K, reserved 1048576K
}
Event: 4.198 GC heap before
{Heap before GC invocations=8 (full 1):
 PSYoungGen      total 29184K, used 4188K [0x00000000eab00000, 0x00000000ecc00000, 0x0000000100000000)
  eden space 24576K, 0% used [0x00000000eab00000,0x00000000eab00000,0x00000000ec300000)
  from space 4608K, 90% used [0x00000000ec400000,0x00000000ec817120,0x00000000ec880000)
  to   space 3584K, 0% used [0x00000000ec880000,0x00000000ec880000,0x00000000ecc00000)
 ParOldGen       total 68608K, used 9639K [0x00000000c0000000, 0x00000000c4300000, 0x00000000eab00000)
  object space 68608K, 14% used [0x00000000c0000000,0x00000000c0969d70,0x00000000c4300000)
 Metaspace       used 20796K, committed 21504K, reserved 1114112K
  class space    used 2103K, committed 2432K, reserved 1048576K
}
Event: 4.228 GC heap after
{Heap after GC invocations=8 (full 1):
 PSYoungGen      total 29184K, used 0K [0x00000000eab00000, 0x00000000ecc00000, 0x0000000100000000)
  eden space 24576K, 0% used [0x00000000eab00000,0x00000000eab00000,0x00000000ec300000)
  from space 4608K, 0% used [0x00000000ec400000,0x00000000ec400000,0x00000000ec880000)
  to   space 3584K, 0% used [0x00000000ec880000,0x00000000ec880000,0x00000000ecc00000)
 ParOldGen       total 68608K, used 12983K [0x00000000c0000000, 0x00000000c4300000, 0x00000000eab00000)
  object space 68608K, 18% used [0x00000000c0000000,0x00000000c0cadfb0,0x00000000c4300000)
 Metaspace       used 20783K, committed 21504K, reserved 1114112K
  class space    used 2100K, committed 2432K, reserved 1048576K
}
Event: 4.361 GC heap before
{Heap before GC invocations=9 (full 1):
 PSYoungGen      total 29184K, used 24576K [0x00000000eab00000, 0x00000000ecc00000, 0x0000000100000000)
  eden space 24576K, 100% used [0x00000000eab00000,0x00000000ec300000,0x00000000ec300000)
  from space 4608K, 0% used [0x00000000ec400000,0x00000000ec400000,0x00000000ec880000)
  to   space 3584K, 0% used [0x00000000ec880000,0x00000000ec880000,0x00000000ecc00000)
 ParOldGen       total 68608K, used 12983K [0x00000000c0000000, 0x00000000c4300000, 0x00000000eab00000)
  object space 68608K, 18% used [0x00000000c0000000,0x00000000c0cadfb0,0x00000000c4300000)
 Metaspace       used 23420K, committed 24128K, reserved 1114112K
  class space    used 2266K, committed 2560K, reserved 1048576K
}
Event: 4.362 GC heap after
{Heap after GC invocations=9 (full 1):
 PSYoungGen      total 24576K, used 298K [0x00000000eab00000, 0x00000000ec900000, 0x0000000100000000)
  eden space 24064K, 0% used [0x00000000eab00000,0x00000000eab00000,0x00000000ec280000)
  from space 512K, 58% used [0x00000000ec880000,0x00000000ec8ca8a0,0x00000000ec900000)
  to   space 2048K, 0% used [0x00000000ec500000,0x00000000ec500000,0x00000000ec700000)
 ParOldGen       total 68608K, used 12983K [0x00000000c0000000, 0x00000000c4300000, 0x00000000eab00000)
  object space 68608K, 18% used [0x00000000c0000000,0x00000000c0cadfb0,0x00000000c4300000)
 Metaspace       used 23420K, committed 24128K, reserved 1114112K
  class space    used 2266K, committed 2560K, reserved 1048576K
}
Event: 4.522 GC heap before
{Heap before GC invocations=10 (full 1):
 PSYoungGen      total 24576K, used 24362K [0x00000000eab00000, 0x00000000ec900000, 0x0000000100000000)
  eden space 24064K, 100% used [0x00000000eab00000,0x00000000ec280000,0x00000000ec280000)
  from space 512K, 58% used [0x00000000ec880000,0x00000000ec8ca8a0,0x00000000ec900000)
  to   space 2048K, 0% used [0x00000000ec500000,0x00000000ec500000,0x00000000ec700000)
 ParOldGen       total 68608K, used 12983K [0x00000000c0000000, 0x00000000c4300000, 0x00000000eab00000)
  object space 68608K, 18% used [0x00000000c0000000,0x00000000c0cadfb0,0x00000000c4300000)
 Metaspace       used 26082K, committed 26880K, reserved 1114112K
  class space    used 2485K, committed 2816K, reserved 1048576K
}
Event: 4.524 GC heap after
{Heap after GC invocations=10 (full 1):
 PSYoungGen      total 25600K, used 1371K [0x00000000eab00000, 0x00000000ec900000, 0x0000000100000000)
  eden space 23552K, 0% used [0x00000000eab00000,0x00000000eab00000,0x00000000ec200000)
  from space 2048K, 66% used [0x00000000ec500000,0x00000000ec656da0,0x00000000ec700000)
  to   space 2048K, 0% used [0x00000000ec700000,0x00000000ec700000,0x00000000ec900000)
 ParOldGen       total 68608K, used 13765K [0x00000000c0000000, 0x00000000c4300000, 0x00000000eab00000)
  object space 68608K, 20% used [0x00000000c0000000,0x00000000c0d714c0,0x00000000c4300000)
 Metaspace       used 26082K, committed 26880K, reserved 1114112K
  class space    used 2485K, committed 2816K, reserved 1048576K
}
Event: 4.726 GC heap before
{Heap before GC invocations=11 (full 1):
 PSYoungGen      total 25600K, used 24920K [0x00000000eab00000, 0x00000000ec900000, 0x0000000100000000)
  eden space 23552K, 99% used [0x00000000eab00000,0x00000000ec1ff5d0,0x00000000ec200000)
  from space 2048K, 66% used [0x00000000ec500000,0x00000000ec656da0,0x00000000ec700000)
  to   space 2048K, 0% used [0x00000000ec700000,0x00000000ec700000,0x00000000ec900000)
 ParOldGen       total 68608K, used 13765K [0x00000000c0000000, 0x00000000c4300000, 0x00000000eab00000)
  object space 68608K, 20% used [0x00000000c0000000,0x00000000c0d714c0,0x00000000c4300000)
 Metaspace       used 28495K, committed 29312K, reserved 1114112K
  class space    used 2678K, committed 3008K, reserved 1048576K
}
Event: 4.728 GC heap after
{Heap after GC invocations=11 (full 1):
 PSYoungGen      total 25088K, used 2034K [0x00000000eab00000, 0x00000000ec900000, 0x0000000100000000)
  eden space 23040K, 0% used [0x00000000eab00000,0x00000000eab00000,0x00000000ec180000)
  from space 2048K, 99% used [0x00000000ec700000,0x00000000ec8fcbb0,0x00000000ec900000)
  to   space 2560K, 0% used [0x00000000ec400000,0x00000000ec400000,0x00000000ec680000)
 ParOldGen       total 68608K, used 14053K [0x00000000c0000000, 0x00000000c4300000, 0x00000000eab00000)
  object space 68608K, 20% used [0x00000000c0000000,0x00000000c0db94e0,0x00000000c4300000)
 Metaspace       used 28495K, committed 29312K, reserved 1114112K
  class space    used 2678K, committed 3008K, reserved 1048576K
}
Event: 4.980 GC heap before
{Heap before GC invocations=12 (full 1):
 PSYoungGen      total 25088K, used 25073K [0x00000000eab00000, 0x00000000ec900000, 0x0000000100000000)
  eden space 23040K, 99% used [0x00000000eab00000,0x00000000ec17fc48,0x00000000ec180000)
  from space 2048K, 99% used [0x00000000ec700000,0x00000000ec8fcbb0,0x00000000ec900000)
  to   space 2560K, 0% used [0x00000000ec400000,0x00000000ec400000,0x00000000ec680000)
 ParOldGen       total 68608K, used 14053K [0x00000000c0000000, 0x00000000c4300000, 0x00000000eab00000)
  object space 68608K, 20% used [0x00000000c0000000,0x00000000c0db94e0,0x00000000c4300000)
 Metaspace       used 31486K, committed 32512K, reserved 1114112K
  class space    used 3016K, committed 3456K, reserved 1048576K
}
Event: 4.984 GC heap after
{Heap after GC invocations=12 (full 1):
 PSYoungGen      total 25088K, used 2078K [0x00000000eab00000, 0x00000000ec780000, 0x0000000100000000)
  eden space 22528K, 0% used [0x00000000eab00000,0x00000000eab00000,0x00000000ec100000)
  from space 2560K, 81% used [0x00000000ec400000,0x00000000ec607868,0x00000000ec680000)
  to   space 1024K, 0% used [0x00000000ec680000,0x00000000ec680000,0x00000000ec780000)
 ParOldGen       total 68608K, used 16019K [0x00000000c0000000, 0x00000000c4300000, 0x00000000eab00000)
  object space 68608K, 23% used [0x00000000c0000000,0x00000000c0fa4d40,0x00000000c4300000)
 Metaspace       used 31486K, committed 32512K, reserved 1114112K
  class space    used 3016K, committed 3456K, reserved 1048576K
}
Event: 5.069 GC heap before
{Heap before GC invocations=13 (full 1):
 PSYoungGen      total 25088K, used 24606K [0x00000000eab00000, 0x00000000ec780000, 0x0000000100000000)
  eden space 22528K, 100% used [0x00000000eab00000,0x00000000ec100000,0x00000000ec100000)
  from space 2560K, 81% used [0x00000000ec400000,0x00000000ec607868,0x00000000ec680000)
  to   space 1024K, 0% used [0x00000000ec680000,0x00000000ec680000,0x00000000ec780000)
 ParOldGen       total 68608K, used 16019K [0x00000000c0000000, 0x00000000c4300000, 0x00000000eab00000)
  object space 68608K, 23% used [0x00000000c0000000,0x00000000c0fa4d40,0x00000000c4300000)
 Metaspace       used 33002K, committed 34048K, reserved 1114112K
  class space    used 3172K, committed 3584K, reserved 1048576K
}
Event: 5.074 GC heap after
{Heap after GC invocations=13 (full 1):
 PSYoungGen      total 23040K, used 1017K [0x00000000eab00000, 0x00000000ec980000, 0x0000000100000000)
  eden space 22016K, 0% used [0x00000000eab00000,0x00000000eab00000,0x00000000ec080000)
  from space 1024K, 99% used [0x00000000ec680000,0x00000000ec77e718,0x00000000ec780000)
  to   space 4608K, 0% used [0x00000000ec080000,0x00000000ec080000,0x00000000ec500000)
 ParOldGen       total 68608K, used 18812K [0x00000000c0000000, 0x00000000c4300000, 0x00000000eab00000)
  object space 68608K, 27% used [0x00000000c0000000,0x00000000c125f3e0,0x00000000c4300000)
 Metaspace       used 33002K, committed 34048K, reserved 1114112K
  class space    used 3172K, committed 3584K, reserved 1048576K
}

Dll operation events (10 events):
Event: 0.065 Loaded shared library c:\Users\ankik\.vscode\extensions\redhat.java-1.41.1-win32-x64\jre\21.0.6-win32-x86_64\bin\java.dll
Event: 0.230 Loaded shared library c:\Users\ankik\.vscode\extensions\redhat.java-1.41.1-win32-x64\jre\21.0.6-win32-x86_64\bin\zip.dll
Event: 0.281 Loaded shared library C:\Users\ankik\.vscode\extensions\redhat.java-1.41.1-win32-x64\jre\21.0.6-win32-x86_64\bin\instrument.dll
Event: 0.290 Loaded shared library C:\Users\ankik\.vscode\extensions\redhat.java-1.41.1-win32-x64\jre\21.0.6-win32-x86_64\bin\net.dll
Event: 0.294 Loaded shared library C:\Users\ankik\.vscode\extensions\redhat.java-1.41.1-win32-x64\jre\21.0.6-win32-x86_64\bin\nio.dll
Event: 0.300 Loaded shared library C:\Users\ankik\.vscode\extensions\redhat.java-1.41.1-win32-x64\jre\21.0.6-win32-x86_64\bin\zip.dll
Event: 0.327 Loaded shared library C:\Users\ankik\.vscode\extensions\redhat.java-1.41.1-win32-x64\jre\21.0.6-win32-x86_64\bin\jimage.dll
Event: 0.437 Loaded shared library c:\Users\ankik\.vscode\extensions\redhat.java-1.41.1-win32-x64\jre\21.0.6-win32-x86_64\bin\verify.dll
Event: 1.389 Loaded shared library C:\Users\ankik\AppData\Roaming\Code\User\globalStorage\redhat.java\1.41.1\config_win\org.eclipse.equinox.launcher\org.eclipse.equinox.launcher.win32.win32.x86_64_1.2.1300.v20250331-1702\eclipse_11911.dll
Event: 2.483 Loaded shared library C:\Users\ankik\AppData\Local\Temp\jna-92964736\jna5562867630855427162.dll

Deoptimization events (20 events):
Event: 5.095 Thread 0x000001f785d09ca0 Uncommon trap: trap_request=0xffffffde fr.pc=0x000001f7b4669bb8 relative=0x00000000000000f8
Event: 5.095 Thread 0x000001f785d09ca0 Uncommon trap: reason=class_check action=maybe_recompile pc=0x000001f7b4669bb8 method=java.lang.Character.codePointAt(Ljava/lang/CharSequence;I)I @ 2 c2
Event: 5.095 Thread 0x000001f785d09ca0 DEOPT PACKING pc=0x000001f7b4669bb8 sp=0x00000048aeafe440
Event: 5.095 Thread 0x000001f785d09ca0 DEOPT UNPACKING pc=0x000001f7b3f46da2 sp=0x00000048aeafe3c8 mode 2
Event: 5.095 Thread 0x000001f785d09ca0 Uncommon trap: trap_request=0xffffffde fr.pc=0x000001f7b4669bb8 relative=0x00000000000000f8
Event: 5.095 Thread 0x000001f785d09ca0 Uncommon trap: reason=class_check action=maybe_recompile pc=0x000001f7b4669bb8 method=java.lang.Character.codePointAt(Ljava/lang/CharSequence;I)I @ 2 c2
Event: 5.095 Thread 0x000001f785d09ca0 DEOPT PACKING pc=0x000001f7b4669bb8 sp=0x00000048aeafe440
Event: 5.095 Thread 0x000001f785d09ca0 DEOPT UNPACKING pc=0x000001f7b3f46da2 sp=0x00000048aeafe3c8 mode 2
Event: 5.095 Thread 0x000001f785d09ca0 Uncommon trap: trap_request=0xffffffde fr.pc=0x000001f7b4669bb8 relative=0x00000000000000f8
Event: 5.096 Thread 0x000001f785d09ca0 Uncommon trap: reason=class_check action=maybe_recompile pc=0x000001f7b4669bb8 method=java.lang.Character.codePointAt(Ljava/lang/CharSequence;I)I @ 2 c2
Event: 5.096 Thread 0x000001f785d09ca0 DEOPT PACKING pc=0x000001f7b4669bb8 sp=0x00000048aeafe440
Event: 5.096 Thread 0x000001f785d09ca0 DEOPT UNPACKING pc=0x000001f7b3f46da2 sp=0x00000048aeafe3c8 mode 2
Event: 5.096 Thread 0x000001f785d09ca0 Uncommon trap: trap_request=0xffffffde fr.pc=0x000001f7b4669bb8 relative=0x00000000000000f8
Event: 5.096 Thread 0x000001f785d09ca0 Uncommon trap: reason=class_check action=maybe_recompile pc=0x000001f7b4669bb8 method=java.lang.Character.codePointAt(Ljava/lang/CharSequence;I)I @ 2 c2
Event: 5.096 Thread 0x000001f785d09ca0 DEOPT PACKING pc=0x000001f7b4669bb8 sp=0x00000048aeafe440
Event: 5.096 Thread 0x000001f785d09ca0 DEOPT UNPACKING pc=0x000001f7b3f46da2 sp=0x00000048aeafe3c8 mode 2
Event: 5.104 Thread 0x000001f785d07540 Uncommon trap: trap_request=0xffffff45 fr.pc=0x000001f7b46ce6a8 relative=0x00000000000012a8
Event: 5.104 Thread 0x000001f785d07540 Uncommon trap: reason=unstable_if action=reinterpret pc=0x000001f7b46ce6a8 method=org.eclipse.jdt.internal.core.util.Util.splitOn(CLjava/lang/String;II)[Ljava/lang/String; @ 21 c2
Event: 5.104 Thread 0x000001f785d07540 DEOPT PACKING pc=0x000001f7b46ce6a8 sp=0x00000048ae4fd670
Event: 5.104 Thread 0x000001f785d07540 DEOPT UNPACKING pc=0x000001f7b3f46da2 sp=0x00000048ae4fd638 mode 2

Classes loaded (20 events):
Event: 5.062 Loading class sun/nio/ch/AsynchronousChannelGroupImpl$2 done
Event: 5.062 Loading class sun/nio/ch/AsynchronousChannelGroupImpl$1
Event: 5.062 Loading class sun/nio/ch/AsynchronousChannelGroupImpl$1 done
Event: 5.062 Loading class java/math/BigDecimal done
Event: 5.063 Loading class sun/nio/ch/Invoker
Event: 5.063 Loading class sun/nio/ch/Invoker done
Event: 5.063 Loading class sun/nio/ch/Invoker$1
Event: 5.063 Loading class sun/nio/ch/Invoker$1 done
Event: 5.063 Loading class sun/nio/ch/Invoker$GroupAndInvokeCount
Event: 5.063 Loading class sun/nio/ch/PendingIoCache
Event: 5.064 Loading class sun/nio/ch/PendingIoCache done
Event: 5.064 Loading class sun/nio/ch/Invoker$GroupAndInvokeCount done
Event: 5.086 Loading class java/util/concurrent/atomic/AtomicIntegerArray
Event: 5.086 Loading class java/util/concurrent/atomic/AtomicIntegerArray done
Event: 5.088 Loading class java/util/Currency
Event: 5.088 Loading class java/util/Currency done
Event: 5.095 Loading class java/io/FileReader
Event: 5.095 Loading class java/io/FileReader done
Event: 5.100 Loading class java/util/concurrent/atomic/AtomicLongArray
Event: 5.100 Loading class java/util/concurrent/atomic/AtomicLongArray done

Classes unloaded (7 events):
Event: 4.203 Thread 0x000001f7a744e520 Unloading class 0x000001f7bf19b400 'java/lang/invoke/LambdaForm$MH+0x000001f7bf19b400'
Event: 4.203 Thread 0x000001f7a744e520 Unloading class 0x000001f7bf19b000 'java/lang/invoke/LambdaForm$MH+0x000001f7bf19b000'
Event: 4.203 Thread 0x000001f7a744e520 Unloading class 0x000001f7bf19ac00 'java/lang/invoke/LambdaForm$MH+0x000001f7bf19ac00'
Event: 4.203 Thread 0x000001f7a744e520 Unloading class 0x000001f7bf19a800 'java/lang/invoke/LambdaForm$MH+0x000001f7bf19a800'
Event: 4.203 Thread 0x000001f7a744e520 Unloading class 0x000001f7bf19a400 'java/lang/invoke/LambdaForm$BMH+0x000001f7bf19a400'
Event: 4.203 Thread 0x000001f7a744e520 Unloading class 0x000001f7bf19a000 'java/lang/invoke/LambdaForm$DMH+0x000001f7bf19a000'
Event: 4.203 Thread 0x000001f7a744e520 Unloading class 0x000001f7bf198c00 'java/lang/invoke/LambdaForm$DMH+0x000001f7bf198c00'

Classes redefined (0 events):
No events

Internal exceptions (20 events):
Event: 4.856 Thread 0x000001f785d07540 Implicit null exception at 0x000001f7b4696ba6 to 0x000001f7b4696e74
Event: 4.856 Thread 0x000001f785d07540 Exception <a 'java/lang/NoSuchMethodError'{0x00000000eb4ce670}: 'java.lang.Object java.lang.invoke.DelegatingMethodHandle$Holder.reinvoke_L(java.lang.Object, int, long, java.lang.Object, java.lang.Object, int, java.lang.Object)'> (0x00000000eb4ce670) 
thrown [s\src\hotspot\share\interpreter\linkResolver.cpp, line 773]
Event: 4.885 Thread 0x000001f785b480d0 Exception <a 'java/io/FileNotFoundException'{0x00000000eb6eaef8}> (0x00000000eb6eaef8) 
thrown [s\src\hotspot\share\prims\jni.cpp, line 520]
Event: 4.916 Thread 0x000001f785b480d0 Exception <a 'java/lang/UnsatisfiedLinkError'{0x00000000eb981a00}: The specified procedure could not be found.
> (0x00000000eb981a00) 
thrown [s\src\hotspot\share\prims\jni.cpp, line 539]
Event: 4.918 Thread 0x000001f785b480d0 Exception <a 'java/io/FileNotFoundException'{0x00000000eba84818}> (0x00000000eba84818) 
thrown [s\src\hotspot\share\prims\jni.cpp, line 520]
Event: 4.935 Thread 0x000001f785b480d0 Exception <a 'java/lang/UnsatisfiedLinkError'{0x00000000ebbe5a90}: The specified procedure could not be found.
> (0x00000000ebbe5a90) 
thrown [s\src\hotspot\share\prims\jni.cpp, line 539]
Event: 4.963 Thread 0x000001f785d07540 Exception <a 'java/lang/NoSuchMethodError'{0x00000000ebf36aa0}: 'java.lang.Object java.lang.invoke.DirectMethodHandle$Holder.invokeStaticInit(java.lang.Object, java.lang.Object, java.lang.Object, java.lang.Object, java.lang.Object, java.lang.Object, java.lang.Object)'> (0x00000000ebf36aa0) 
thrown [s\src\hotspot\share\interpreter\linkResolver.cpp, line 773]
Event: 4.963 Thread 0x000001f785d07540 Exception <a 'java/lang/NoSuchMethodError'{0x00000000ebf3b798}: 'java.lang.Object java.lang.invoke.Invokers$Holder.invoke_MT(java.lang.Object, java.lang.Object, java.lang.Object, java.lang.Object, java.lang.Object, java.lang.Object, java.lang.Object, java.lang.Object, java.lang.Object, java.lang.Object)'> (0x00000000ebf3b798) 
thrown [s\src\hotspot\share\interpreter\linkResolver.cpp, line 773]
Event: 4.969 Thread 0x000001f785d07540 Exception <a 'java/lang/NoSuchMethodError'{0x00000000ec0145c8}: 'int java.lang.invoke.DirectMethodHandle$Holder.invokeVirtual(java.lang.Object, java.lang.Object, java.lang.Object)'> (0x00000000ec0145c8) 
thrown [s\src\hotspot\share\interpreter\linkResolver.cpp, line 773]
Event: 4.969 Thread 0x000001f785d07540 Exception <a 'java/lang/NoSuchMethodError'{0x00000000ec020af0}: 'int java.lang.invoke.DirectMethodHandle$Holder.invokeStaticInit(java.lang.Object, int, int)'> (0x00000000ec020af0) 
thrown [s\src\hotspot\share\interpreter\linkResolver.cpp, line 773]
Event: 4.970 Thread 0x000001f785d07540 Exception <a 'java/lang/NoSuchMethodError'{0x00000000ec03d000}: 'int java.lang.invoke.DirectMethodHandle$Holder.invokeStaticInit(java.lang.Object, long, long)'> (0x00000000ec03d000) 
thrown [s\src\hotspot\share\interpreter\linkResolver.cpp, line 773]
Event: 4.971 Thread 0x000001f785d07540 Exception <a 'java/lang/NoSuchMethodError'{0x00000000ec043d48}: 'int java.lang.invoke.DirectMethodHandle$Holder.invokeStaticInit(java.lang.Object, float, float)'> (0x00000000ec043d48) 
thrown [s\src\hotspot\share\interpreter\linkResolver.cpp, line 773]
Event: 4.971 Thread 0x000001f785d07540 Exception <a 'java/lang/NoSuchMethodError'{0x00000000ec0643c0}: 'int java.lang.invoke.DirectMethodHandle$Holder.invokeStaticInit(java.lang.Object, double, double)'> (0x00000000ec0643c0) 
thrown [s\src\hotspot\share\interpreter\linkResolver.cpp, line 773]
Event: 4.972 Thread 0x000001f785d07540 Exception <a 'java/lang/NoSuchMethodError'{0x00000000ec068c10}: 'int java.lang.invoke.DirectMethodHandle$Holder.invokeStatic(java.lang.Object, long)'> (0x00000000ec068c10) 
thrown [s\src\hotspot\share\interpreter\linkResolver.cpp, line 773]
Event: 4.977 Thread 0x000001f785d07540 Exception <a 'java/lang/NoSuchMethodError'{0x00000000ec0b8fc8}: 'int java.lang.invoke.Invokers$Holder.linkToTargetMethod(java.lang.Object, java.lang.Object)'> (0x00000000ec0b8fc8) 
thrown [s\src\hotspot\share\interpreter\linkResolver.cpp, line 773]
Event: 5.020 Thread 0x000001f785d09610 Exception <a 'java/lang/NoSuchMethodError'{0x00000000eb105358}: 'void java.lang.invoke.DirectMethodHandle$Holder.invokeStaticInit(java.lang.Object, java.lang.Object, java.lang.Object, java.lang.Object)'> (0x00000000eb105358) 
thrown [s\src\hotspot\share\interpreter\linkResolver.cpp, line 773]
Event: 5.050 Thread 0x000001f7a97ca170 Exception <a 'java/lang/NoSuchMethodError'{0x00000000eb9be098}: 'java.lang.Object java.lang.invoke.DirectMethodHandle$Holder.invokeStatic(java.lang.Object, long, java.lang.Object)'> (0x00000000eb9be098) 
thrown [s\src\hotspot\share\interpreter\linkResolver.cpp, line 773]
Event: 5.050 Thread 0x000001f7a97ca170 Exception <a 'java/lang/NoSuchMethodError'{0x00000000eb9f15e0}: 'java.lang.Object java.lang.invoke.DirectMethodHandle$Holder.invokeStaticInit(java.lang.Object, long, java.lang.Object)'> (0x00000000eb9f15e0) 
thrown [s\src\hotspot\share\interpreter\linkResolver.cpp, line 773]
Event: 5.050 Thread 0x000001f7a97ca170 Exception <a 'java/lang/NoSuchMethodError'{0x00000000eba3bc68}: 'java.lang.Object java.lang.invoke.DirectMethodHandle$Holder.newInvokeSpecial(java.lang.Object, long)'> (0x00000000eba3bc68) 
thrown [s\src\hotspot\share\interpreter\linkResolver.cpp, line 773]
Event: 5.076 Thread 0x000001f785d09ca0 Exception <a 'java/lang/NoSuchMethodError'{0x00000000eab01990}: 'java.lang.Object java.lang.invoke.Invokers$Holder.invoke_MT(java.lang.Object, java.lang.Object, java.lang.Object, java.lang.Object, java.lang.Object, java.lang.Object, java.lang.Object, java.lang.Object, java.lang.Object)'> (0x00000000eab01990) 
thrown [s\src\hotspot\share\interpreter\linkResolver.cpp, line 773]

ZGC Phase Switch (0 events):
No events

VM Operations (20 events):
Event: 4.799 Executing VM operation: HandshakeAllThreads (Deoptimize) done
Event: 4.805 Executing VM operation: HandshakeAllThreads (Deoptimize)
Event: 4.805 Executing VM operation: HandshakeAllThreads (Deoptimize) done
Event: 4.833 Executing VM operation: HandshakeAllThreads (Deoptimize)
Event: 4.833 Executing VM operation: HandshakeAllThreads (Deoptimize) done
Event: 4.836 Executing VM operation: HandshakeAllThreads (Deoptimize)
Event: 4.836 Executing VM operation: HandshakeAllThreads (Deoptimize) done
Event: 4.871 Executing VM operation: HandshakeAllThreads (Deoptimize)
Event: 4.871 Executing VM operation: HandshakeAllThreads (Deoptimize) done
Event: 4.872 Executing VM operation: HandshakeAllThreads (Deoptimize)
Event: 4.872 Executing VM operation: HandshakeAllThreads (Deoptimize) done
Event: 4.915 Executing VM operation: HandshakeAllThreads (Deoptimize)
Event: 4.915 Executing VM operation: HandshakeAllThreads (Deoptimize) done
Event: 4.980 Executing VM operation: ParallelGCFailedAllocation (Allocation Failure)
Event: 4.984 Executing VM operation: ParallelGCFailedAllocation (Allocation Failure) done
Event: 5.069 Executing VM operation: ParallelGCFailedAllocation (Allocation Failure)
Event: 5.074 Executing VM operation: ParallelGCFailedAllocation (Allocation Failure) done
Event: 5.083 Executing VM operation: HandshakeAllThreads (Deoptimize)
Event: 5.084 Executing VM operation: HandshakeAllThreads (Deoptimize) done
Event: 6.084 Executing VM operation: Cleanup

Memory protections (0 events):
No events

Nmethod flushes (0 events):
No events

Events (20 events):
Event: 1.872 Thread 0x000001f785b480d0 Thread added: 0x000001f785d3e230
Event: 2.194 Thread 0x000001f785b480d0 Thread added: 0x000001f785d08f80
Event: 2.500 Thread 0x000001f785b480d0 Thread added: 0x000001f785d08260
Event: 2.523 Thread 0x000001f785b480d0 Thread added: 0x000001f785d07bd0
Event: 2.539 Thread 0x000001f785b480d0 Thread added: 0x000001f785d0a9c0
Event: 3.779 Thread 0x000001f785d0a9c0 Thread added: 0x000001f785d07540
Event: 4.652 Thread 0x000001f785b480d0 Thread added: 0x000001f785d088f0
Event: 4.945 Thread 0x000001f785d07bd0 Thread added: 0x000001f785d09610
Event: 4.980 Thread 0x000001f785d09610 Thread added: 0x000001f785d0a330
Event: 5.007 Thread 0x000001f785d0a330 Thread added: 0x000001f785d09ca0
Event: 5.062 Thread 0x000001f7a97ca170 Thread added: 0x000001f787222720
Event: 5.063 Thread 0x000001f7a97ca170 Thread added: 0x000001f787222db0
Event: 5.063 Thread 0x000001f7a97ca170 Thread added: 0x000001f787223440
Event: 5.063 Thread 0x000001f7a97ca170 Thread added: 0x000001f787222090
Event: 5.063 Thread 0x000001f7a97ca170 Thread added: 0x000001f787223ad0
Event: 5.063 Thread 0x000001f7a97ca170 Thread added: 0x000001f787224160
Event: 5.063 Thread 0x000001f7a97ca170 Thread added: 0x000001f787221a00
Event: 5.063 Thread 0x000001f7a97ca170 Thread added: 0x000001f7872247f0
Event: 5.063 Thread 0x000001f7a97ca170 Thread added: 0x000001f787221370
Event: 5.094 Thread 0x000001f7a97ca170 Thread added: 0x000001f787225510


Dynamic libraries:
0x00007ff720e30000 - 0x00007ff720e3e000 	c:\Users\ankik\.vscode\extensions\redhat.java-1.41.1-win32-x64\jre\21.0.6-win32-x86_64\bin\java.exe
0x00007ffddf640000 - 0x00007ffddf8a6000 	C:\WINDOWS\SYSTEM32\ntdll.dll
0x00007ffddeb30000 - 0x00007ffddebf9000 	C:\WINDOWS\System32\KERNEL32.DLL
0x00007ffddcb40000 - 0x00007ffddcf0c000 	C:\WINDOWS\System32\KERNELBASE.dll
0x00007ffddc930000 - 0x00007ffddca7b000 	C:\WINDOWS\System32\ucrtbase.dll
0x00007ffdd28b0000 - 0x00007ffdd28ce000 	c:\Users\ankik\.vscode\extensions\redhat.java-1.41.1-win32-x64\jre\21.0.6-win32-x86_64\bin\VCRUNTIME140.dll
0x00007ffdd20c0000 - 0x00007ffdd20d8000 	c:\Users\ankik\.vscode\extensions\redhat.java-1.41.1-win32-x64\jre\21.0.6-win32-x86_64\bin\jli.dll
0x00007ffddf1c0000 - 0x00007ffddf38a000 	C:\WINDOWS\System32\USER32.dll
0x00007ffdc46b0000 - 0x00007ffdc494a000 	C:\WINDOWS\WinSxS\amd64_microsoft.windows.common-controls_6595b64144ccf1df_6.0.26100.3912_none_3e07963ce335137e\COMCTL32.dll
0x00007ffddc860000 - 0x00007ffddc887000 	C:\WINDOWS\System32\win32u.dll
0x00007ffddf3a0000 - 0x00007ffddf449000 	C:\WINDOWS\System32\msvcrt.dll
0x00007ffddf480000 - 0x00007ffddf4ab000 	C:\WINDOWS\System32\GDI32.dll
0x00007ffddcf10000 - 0x00007ffddd042000 	C:\WINDOWS\System32\gdi32full.dll
0x00007ffddd1d0000 - 0x00007ffddd273000 	C:\WINDOWS\System32\msvcp_win.dll
0x00007ffdde2c0000 - 0x00007ffdde2f0000 	C:\WINDOWS\System32\IMM32.DLL
0x00007ffdd6bb0000 - 0x00007ffdd6bbc000 	c:\Users\ankik\.vscode\extensions\redhat.java-1.41.1-win32-x64\jre\21.0.6-win32-x86_64\bin\vcruntime140_1.dll
0x00007ffdca1c0000 - 0x00007ffdca24d000 	c:\Users\ankik\.vscode\extensions\redhat.java-1.41.1-win32-x64\jre\21.0.6-win32-x86_64\bin\msvcp140.dll
0x00007ffd7d970000 - 0x00007ffd7e700000 	c:\Users\ankik\.vscode\extensions\redhat.java-1.41.1-win32-x64\jre\21.0.6-win32-x86_64\bin\server\jvm.dll
0x00007ffddf540000 - 0x00007ffddf5f2000 	C:\WINDOWS\System32\ADVAPI32.dll
0x00007ffdde050000 - 0x00007ffdde0f6000 	C:\WINDOWS\System32\sechost.dll
0x00007ffddee60000 - 0x00007ffddef76000 	C:\WINDOWS\System32\RPCRT4.dll
0x00007ffdde100000 - 0x00007ffdde174000 	C:\WINDOWS\System32\WS2_32.dll
0x00007ffddc0a0000 - 0x00007ffddc0fe000 	C:\WINDOWS\SYSTEM32\POWRPROF.dll
0x00007ffdc4a90000 - 0x00007ffdc4ac6000 	C:\WINDOWS\SYSTEM32\WINMM.dll
0x00007ffdd0d80000 - 0x00007ffdd0d8b000 	C:\WINDOWS\SYSTEM32\VERSION.dll
0x00007ffddc080000 - 0x00007ffddc094000 	C:\WINDOWS\SYSTEM32\UMPDC.dll
0x00007ffddb570000 - 0x00007ffddb58a000 	C:\WINDOWS\SYSTEM32\kernel.appcore.dll
0x00007ffdd6b70000 - 0x00007ffdd6b7a000 	c:\Users\ankik\.vscode\extensions\redhat.java-1.41.1-win32-x64\jre\21.0.6-win32-x86_64\bin\jimage.dll
0x00007ffdda0d0000 - 0x00007ffdda311000 	C:\WINDOWS\SYSTEM32\DBGHELP.DLL
0x00007ffddd780000 - 0x00007ffdddb04000 	C:\WINDOWS\System32\combase.dll
0x00007ffdded70000 - 0x00007ffddee50000 	C:\WINDOWS\System32\OLEAUT32.dll
0x00007ffdb54a0000 - 0x00007ffdb54d9000 	C:\WINDOWS\SYSTEM32\dbgcore.DLL
0x00007ffddc890000 - 0x00007ffddc929000 	C:\WINDOWS\System32\bcryptPrimitives.dll
0x00007ffdd6b00000 - 0x00007ffdd6b0f000 	c:\Users\ankik\.vscode\extensions\redhat.java-1.41.1-win32-x64\jre\21.0.6-win32-x86_64\bin\instrument.dll
0x00007ffdd2090000 - 0x00007ffdd20af000 	c:\Users\ankik\.vscode\extensions\redhat.java-1.41.1-win32-x64\jre\21.0.6-win32-x86_64\bin\java.dll
0x00007ffdde380000 - 0x00007ffddeaad000 	C:\WINDOWS\System32\SHELL32.dll
0x00007ffddd050000 - 0x00007ffddd1c4000 	C:\WINDOWS\System32\wintypes.dll
0x00007ffdda400000 - 0x00007ffddac56000 	C:\WINDOWS\SYSTEM32\windows.storage.dll
0x00007ffddec70000 - 0x00007ffdded5f000 	C:\WINDOWS\System32\SHCORE.dll
0x00007ffddec00000 - 0x00007ffddec69000 	C:\WINDOWS\System32\shlwapi.dll
0x00007ffddc6e0000 - 0x00007ffddc70f000 	C:\WINDOWS\SYSTEM32\profapi.dll
0x00007ffdd0f70000 - 0x00007ffdd0f88000 	c:\Users\ankik\.vscode\extensions\redhat.java-1.41.1-win32-x64\jre\21.0.6-win32-x86_64\bin\zip.dll
0x00007ffdd32f0000 - 0x00007ffdd3300000 	C:\Users\ankik\.vscode\extensions\redhat.java-1.41.1-win32-x64\jre\21.0.6-win32-x86_64\bin\net.dll
0x00007ffdd25e0000 - 0x00007ffdd26fe000 	C:\WINDOWS\SYSTEM32\WINHTTP.dll
0x00007ffddbb00000 - 0x00007ffddbb6a000 	C:\WINDOWS\system32\mswsock.dll
0x00007ffdc7d60000 - 0x00007ffdc7d76000 	C:\Users\ankik\.vscode\extensions\redhat.java-1.41.1-win32-x64\jre\21.0.6-win32-x86_64\bin\nio.dll
0x00007ffdd28a0000 - 0x00007ffdd28b0000 	c:\Users\ankik\.vscode\extensions\redhat.java-1.41.1-win32-x64\jre\21.0.6-win32-x86_64\bin\verify.dll
0x00007ffdc7d10000 - 0x00007ffdc7d55000 	C:\Users\ankik\AppData\Roaming\Code\User\globalStorage\redhat.java\1.41.1\config_win\org.eclipse.equinox.launcher\org.eclipse.equinox.launcher.win32.win32.x86_64_1.2.1300.v20250331-1702\eclipse_11911.dll
0x00007ffddd460000 - 0x00007ffddd5ff000 	C:\WINDOWS\System32\ole32.dll
0x00007ffddbda0000 - 0x00007ffddbdbc000 	C:\WINDOWS\SYSTEM32\CRYPTSP.dll
0x00007ffddb4d0000 - 0x00007ffddb50a000 	C:\WINDOWS\system32\rsaenh.dll
0x00007ffddbba0000 - 0x00007ffddbbcb000 	C:\WINDOWS\SYSTEM32\USERENV.dll
0x00007ffddc6b0000 - 0x00007ffddc6d6000 	C:\WINDOWS\SYSTEM32\bcrypt.dll
0x00007ffddbdc0000 - 0x00007ffddbdcc000 	C:\WINDOWS\SYSTEM32\CRYPTBASE.dll
0x00007ffddaf80000 - 0x00007ffddafb3000 	C:\WINDOWS\SYSTEM32\IPHLPAPI.DLL
0x00007ffddef80000 - 0x00007ffddef8a000 	C:\WINDOWS\System32\NSI.dll
0x00007ffdc1690000 - 0x00007ffdc16d9000 	C:\Users\ankik\AppData\Local\Temp\jna-92964736\jna5562867630855427162.dll
0x00007ffdde2b0000 - 0x00007ffdde2b8000 	C:\WINDOWS\System32\PSAPI.DLL
0x00007ffdd37d0000 - 0x00007ffdd37ef000 	C:\WINDOWS\SYSTEM32\dhcpcsvc6.DLL
0x00007ffdd3720000 - 0x00007ffdd3745000 	C:\WINDOWS\SYSTEM32\dhcpcsvc.DLL

dbghelp: loaded successfully - version: 4.0.5 - missing functions: none
symbol engine: initialized successfully - sym options: 0x614 - pdb path: .;c:\Users\ankik\.vscode\extensions\redhat.java-1.41.1-win32-x64\jre\21.0.6-win32-x86_64\bin;C:\WINDOWS\SYSTEM32;C:\WINDOWS\WinSxS\amd64_microsoft.windows.common-controls_6595b64144ccf1df_6.0.26100.3912_none_3e07963ce335137e;c:\Users\ankik\.vscode\extensions\redhat.java-1.41.1-win32-x64\jre\21.0.6-win32-x86_64\bin\server;C:\Users\ankik\AppData\Roaming\Code\User\globalStorage\redhat.java\1.41.1\config_win\org.eclipse.equinox.launcher\org.eclipse.equinox.launcher.win32.win32.x86_64_1.2.1300.v20250331-1702;C:\Users\ankik\AppData\Local\Temp\jna-92964736

VM Arguments:
jvm_args: --add-modules=ALL-SYSTEM --add-opens=java.base/java.util=ALL-UNNAMED --add-opens=java.base/java.lang=ALL-UNNAMED --add-opens=java.base/sun.nio.fs=ALL-UNNAMED -Declipse.application=org.eclipse.jdt.ls.core.id1 -Dosgi.bundles.defaultStartLevel=4 -Declipse.product=org.eclipse.jdt.ls.core.product -Djava.import.generatesMetadataFilesAtProjectRoot=false -DDetectVMInstallationsJob.disabled=true -Dfile.encoding=utf8 -XX:+UseParallelGC -XX:GCTimeRatio=4 -XX:AdaptiveSizePolicyWeight=90 -Dsun.zip.disableMemoryMapping=true -Xmx1G -Xms100m -Xlog:disable -javaagent:c:\Users\ankik\.vscode\extensions\redhat.java-1.41.1-win32-x64\lombok\lombok-1.18.36.jar -XX:+HeapDumpOnOutOfMemoryError -XX:HeapDumpPath=c:\Users\ankik\AppData\Roaming\Code\User\workspaceStorage\9961edf7579b5d0fc1c44e751a7c1207\redhat.java -Daether.dependencyCollector.impl=bf 
java_command: c:\Users\ankik\.vscode\extensions\redhat.java-1.41.1-win32-x64\server\plugins\org.eclipse.equinox.launcher_1.7.0.v20250331-1702.jar -configuration c:\Users\ankik\AppData\Roaming\Code\User\globalStorage\redhat.java\1.41.1\config_win -data c:\Users\ankik\AppData\Roaming\Code\User\workspaceStorage\9961edf7579b5d0fc1c44e751a7c1207\redhat.java\jdt_ws --pipe=\\.\pipe\lsp-83e14ccb0d8f524cc386093e5ab49b7b-sock
java_class_path (initial): c:\Users\ankik\.vscode\extensions\redhat.java-1.41.1-win32-x64\server\plugins\org.eclipse.equinox.launcher_1.7.0.v20250331-1702.jar
Launcher Type: SUN_STANDARD

[Global flags]
    uintx AdaptiveSizePolicyWeight                 = 90                                        {product} {command line}
     intx CICompilerCount                          = 4                                         {product} {ergonomic}
    uintx GCTimeRatio                              = 4                                         {product} {command line}
     bool HeapDumpOnOutOfMemoryError               = true                                   {manageable} {command line}
    ccstr HeapDumpPath                             = c:\Users\ankik\AppData\Roaming\Code\User\workspaceStorage\9961edf7579b5d0fc1c44e751a7c1207\redhat.java         {manageable} {command line}
   size_t InitialHeapSize                          = 104857600                                 {product} {command line}
   size_t MaxHeapSize                              = 1073741824                                {product} {command line}
   size_t MaxNewSize                               = 357564416                                 {product} {ergonomic}
   size_t MinHeapDeltaBytes                        = 524288                                    {product} {ergonomic}
   size_t MinHeapSize                              = 104857600                                 {product} {command line}
   size_t NewSize                                  = 34603008                                  {product} {ergonomic}
    uintx NonNMethodCodeHeapSize                   = 5839372                                {pd product} {ergonomic}
    uintx NonProfiledCodeHeapSize                  = 122909434                              {pd product} {ergonomic}
   size_t OldSize                                  = 70254592                                  {product} {ergonomic}
    uintx ProfiledCodeHeapSize                     = 122909434                              {pd product} {ergonomic}
    uintx ReservedCodeCacheSize                    = 251658240                              {pd product} {ergonomic}
     bool SegmentedCodeCache                       = true                                      {product} {ergonomic}
   size_t SoftMaxHeapSize                          = 1073741824                             {manageable} {ergonomic}
     bool UseCompressedOops                        = true                           {product lp64_product} {ergonomic}
     bool UseLargePagesIndividualAllocation        = false                                  {pd product} {ergonomic}
     bool UseParallelGC                            = true                                      {product} {command line}

Logging:
Log output configuration:
 #0: stdout all=off uptime,level,tags foldmultilines=false
 #1: stderr all=off uptime,level,tags foldmultilines=false

Environment Variables:
PATH=C:\WINDOWS\system32;C:\WINDOWS;C:\WINDOWS\System32\Wbem;C:\WINDOWS\System32\WindowsPowerShell\v1.0\;C:\WINDOWS\System32\OpenSSH\;C:\Program Files\dotnet\;C:\Program Files\Git\cmd;C:\Users\ankik\AppData\Local\Microsoft\WindowsApps;C:\Users\ankik\AppData\Local\Programs\Microsoft VS Code\bin;C:\Users\ankik\AppData\Local\GitHubDesktop\bin
USERNAME=ankik
OS=Windows_NT
PROCESSOR_IDENTIFIER=Intel64 Family 6 Model 140 Stepping 1, GenuineIntel
TMP=C:\Users\ankik\AppData\Local\Temp
TEMP=C:\Users\ankik\AppData\Local\Temp




Periodic native trim disabled

---------------  S Y S T E M  ---------------

OS:
 Windows 11 , 64 bit Build 26100 (10.0.26100.3912)
OS uptime: 15 days 21:06 hours
Hyper-V role detected

CPU: total 8 (initial active 8) (4 cores per cpu, 2 threads per core) family 6 model 140 stepping 1 microcode 0x8a, cx8, cmov, fxsr, ht, mmx, 3dnowpref, sse, sse2, sse3, ssse3, sse4.1, sse4.2, popcnt, lzcnt, tsc, tscinvbit, avx, avx2, aes, erms, clmul, bmi1, bmi2, adx, avx512f, avx512dq, avx512cd, avx512bw, avx512vl, sha, fma, vzeroupper, avx512_vpopcntdq, avx512_vpclmulqdq, avx512_vaes, avx512_vnni, clflush, clflushopt, clwb, avx512_vbmi2, avx512_vbmi, hv, rdtscp, rdpid, fsrm, gfni, avx512_bitalg, f16c, cet_ibt, cet_ss, avx512_ifma
Processor Information for the first 8 processors :
  Max Mhz: 2419, Current Mhz: 2419, Mhz Limit: 2419

Memory: 4k page, system-wide physical 7971M (843M free)
TotalPageFile size 10971M (AvailPageFile size 17M)
current process WorkingSet (physical memory assigned to process): 185M, peak: 199M
current process commit charge ("private bytes"): 272M, peak: 288M

vm_info: OpenJDK 64-Bit Server VM (21.0.6+7-LTS) for windows-amd64 JRE (21.0.6+7-LTS), built on 2025-01-21T00:00:00Z by "admin" with MS VC++ 17.7 (VS2022)

END.
