#
# There is insufficient memory for the Java Runtime Environment to continue.
# Native memory allocation (malloc) failed to allocate 1663216 bytes. Error detail: Chunk::new
# Possible reasons:
#   The system is out of physical RAM or swap space
#   This process is running with CompressedOops enabled, and the Java Heap may be blocking the growth of the native heap
# Possible solutions:
#   Reduce memory load on the system
#   Increase physical memory or swap space
#   Check if swap backing store is full
#   Decrease Java heap size (-Xmx/-Xms)
#   Decrease number of Java threads
#   Decrease Java thread stack sizes (-Xss)
#   Set larger code cache with -XX:ReservedCodeCacheSize=
#   JVM is running with Unscaled Compressed Oops mode in which the Java heap is
#     placed in the first 4GB address space. The Java Heap base address is the
#     maximum limit for the native heap growth. Please use -XX:HeapBaseMinAddress
#     to set the Java Heap base and to place the Java Heap above 4GB virtual address.
# This output file may be truncated or incomplete.
#
#  Out of Memory Error (arena.cpp:168), pid=10616, tid=20456
#
# JRE version: OpenJDK Runtime Environment Temurin-21.0.6+7 (21.0.6+7) (build 21.0.6+7-LTS)
# Java VM: OpenJDK 64-Bit Server VM Temurin-21.0.6+7 (21.0.6+7-LTS, mixed mode, sharing, tiered, compressed oops, compressed class ptrs, parallel gc, windows-amd64)
# No core dump will be written. Minidumps are not enabled by default on client versions of Windows
#

---------------  S U M M A R Y ------------

Command Line: --add-modules=ALL-SYSTEM --add-opens=java.base/java.util=ALL-UNNAMED --add-opens=java.base/java.lang=ALL-UNNAMED --add-opens=java.base/sun.nio.fs=ALL-UNNAMED -Declipse.application=org.eclipse.jdt.ls.core.id1 -Dosgi.bundles.defaultStartLevel=4 -Declipse.product=org.eclipse.jdt.ls.core.product -Djava.import.generatesMetadataFilesAtProjectRoot=false -DDetectVMInstallationsJob.disabled=true -Dfile.encoding=utf8 -XX:+UseParallelGC -XX:GCTimeRatio=4 -XX:AdaptiveSizePolicyWeight=90 -Dsun.zip.disableMemoryMapping=true -Xmx1G -Xms100m -Xlog:disable -javaagent:c:\Users\ankik\.vscode\extensions\redhat.java-1.41.1-win32-x64\lombok\lombok-1.18.36.jar -XX:+HeapDumpOnOutOfMemoryError -XX:HeapDumpPath=c:\Users\ankik\AppData\Roaming\Code\User\workspaceStorage\9961edf7579b5d0fc1c44e751a7c1207\redhat.java -Daether.dependencyCollector.impl=bf c:\Users\ankik\.vscode\extensions\redhat.java-1.41.1-win32-x64\server\plugins\org.eclipse.equinox.launcher_1.7.0.v20250331-1702.jar -configuration c:\Users\ankik\AppData\Roaming\Code\User\globalStorage\redhat.java\1.41.1\config_win -data c:\Users\ankik\AppData\Roaming\Code\User\workspaceStorage\9961edf7579b5d0fc1c44e751a7c1207\redhat.java\jdt_ws --pipe=\\.\pipe\lsp-ff351a5d63edba997f924dcdb81d9994-sock

Host: 11th Gen Intel(R) Core(TM) i5-1135G7 @ 2.40GHz, 8 cores, 7G,  Windows 11 , 64 bit Build 26100 (10.0.26100.3912)
Time: Tue May 13 15:23:01 2025 India Standard Time elapsed time: 1069.743942 seconds (0d 0h 17m 49s)

---------------  T H R E A D  ---------------

Current thread (0x0000028bf58fbf60):  JavaThread "C2 CompilerThread0" daemon [_thread_in_native, id=20456, stack(0x0000009bd5300000,0x0000009bd5400000) (1024K)]


Current CompileTask:
C2:1069744 22365       4       org.eclipse.jdt.internal.compiler.ClassFile::addProblemMethod (281 bytes)

Stack: [0x0000009bd5300000,0x0000009bd5400000]
Native frames: (J=compiled Java code, j=interpreted, Vv=VM code, C=native code)
V  [jvm.dll+0x6cdee9]
V  [jvm.dll+0x8a83d1]
V  [jvm.dll+0x8aa8fe]
V  [jvm.dll+0x8aafe3]
V  [jvm.dll+0x27f706]
V  [jvm.dll+0xc500d]
V  [jvm.dll+0xc5543]
V  [jvm.dll+0x3b6752]
V  [jvm.dll+0x382935]
V  [jvm.dll+0x381d9a]
V  [jvm.dll+0x2479f0]
V  [jvm.dll+0x246fcf]
V  [jvm.dll+0x1c75ee]
V  [jvm.dll+0x25685a]
V  [jvm.dll+0x254dfa]
V  [jvm.dll+0x3f0256]
V  [jvm.dll+0x851f8b]
V  [jvm.dll+0x6cc5ed]
C  [ucrtbase.dll+0x37b0]
C  [KERNEL32.DLL+0x2e8d7]
C  [ntdll.dll+0x9c5dc]


---------------  P R O C E S S  ---------------

Threads class SMR info:
_java_thread_list=0x0000028bd11da860, length=50, elements={
0x0000028bf053fd10, 0x0000028bf58edb40, 0x0000028bf58f0ec0, 0x0000028bf58f4a20,
0x0000028bf58f5670, 0x0000028bf58f62c0, 0x0000028bf58f9120, 0x0000028bf58fbf60,
0x0000028bf72dbb70, 0x0000028bf737b360, 0x0000028bf75ba240, 0x0000028bfc1090c0,
0x0000028bfc2ce3c0, 0x0000028bfc0e8ad0, 0x0000028bfc0ab4a0, 0x0000028bfc0db2c0,
0x0000028bfc55da80, 0x0000028bfc4103d0, 0x0000028bfc40f020, 0x0000028bfc40e990,
0x0000028bd0053df0, 0x0000028bd0054480, 0x0000028bd00523b0, 0x0000028bd00530d0,
0x0000028bd0052a40, 0x0000028bd0051000, 0x0000028bd0053760, 0x0000028bd0054b10,
0x0000028bd0051690, 0x0000028bd00551a0, 0x0000028bd0051d20, 0x0000028bd0055ec0,
0x0000028bd057f1d0, 0x0000028bd057fef0, 0x0000028bd057ca70, 0x0000028bd0580580,
0x0000028bd057d100, 0x0000028bd0583a00, 0x0000028bd0584090, 0x0000028bd0ecd590,
0x0000028bd0ecfcf0, 0x0000028bd0ecdc20, 0x0000028bd0ece2b0, 0x0000028bd0eccf00,
0x0000028bd0ed10a0, 0x0000028bd057eb40, 0x0000028bd0580c10, 0x0000028bd0057f90,
0x0000028bd057f860, 0x0000028bd0583370
}

Java Threads: ( => current thread )
  0x0000028bf053fd10 JavaThread "main"                              [_thread_blocked, id=804, stack(0x0000009bd4900000,0x0000009bd4a00000) (1024K)]
  0x0000028bf58edb40 JavaThread "Reference Handler"          daemon [_thread_blocked, id=10280, stack(0x0000009bd4d00000,0x0000009bd4e00000) (1024K)]
  0x0000028bf58f0ec0 JavaThread "Finalizer"                  daemon [_thread_blocked, id=18484, stack(0x0000009bd4e00000,0x0000009bd4f00000) (1024K)]
  0x0000028bf58f4a20 JavaThread "Signal Dispatcher"          daemon [_thread_blocked, id=17156, stack(0x0000009bd4f00000,0x0000009bd5000000) (1024K)]
  0x0000028bf58f5670 JavaThread "Attach Listener"            daemon [_thread_blocked, id=7736, stack(0x0000009bd5000000,0x0000009bd5100000) (1024K)]
  0x0000028bf58f62c0 JavaThread "Service Thread"             daemon [_thread_blocked, id=19888, stack(0x0000009bd5100000,0x0000009bd5200000) (1024K)]
  0x0000028bf58f9120 JavaThread "Monitor Deflation Thread"   daemon [_thread_blocked, id=16172, stack(0x0000009bd5200000,0x0000009bd5300000) (1024K)]
=>0x0000028bf58fbf60 JavaThread "C2 CompilerThread0"         daemon [_thread_in_native, id=20456, stack(0x0000009bd5300000,0x0000009bd5400000) (1024K)]
  0x0000028bf72dbb70 JavaThread "C1 CompilerThread0"         daemon [_thread_blocked, id=4440, stack(0x0000009bd5400000,0x0000009bd5500000) (1024K)]
  0x0000028bf737b360 JavaThread "Common-Cleaner"             daemon [_thread_blocked, id=21220, stack(0x0000009bd5500000,0x0000009bd5600000) (1024K)]
  0x0000028bf75ba240 JavaThread "Notification Thread"        daemon [_thread_blocked, id=11660, stack(0x0000009bd5600000,0x0000009bd5700000) (1024K)]
  0x0000028bfc1090c0 JavaThread "Active Thread: Equinox Container: 29128745-2bf3-4ba7-bac9-c2ebd6f04046"        [_thread_blocked, id=12392, stack(0x0000009bd5f00000,0x0000009bd6000000) (1024K)]
  0x0000028bfc2ce3c0 JavaThread "Refresh Thread: Equinox Container: 29128745-2bf3-4ba7-bac9-c2ebd6f04046" daemon [_thread_blocked, id=1776, stack(0x0000009bd6000000,0x0000009bd6100000) (1024K)]
  0x0000028bfc0e8ad0 JavaThread "Framework Event Dispatcher: Equinox Container: 29128745-2bf3-4ba7-bac9-c2ebd6f04046" daemon [_thread_blocked, id=8596, stack(0x0000009bd6200000,0x0000009bd6300000) (1024K)]
  0x0000028bfc0ab4a0 JavaThread "Start Level: Equinox Container: 29128745-2bf3-4ba7-bac9-c2ebd6f04046" daemon [_thread_blocked, id=16220, stack(0x0000009bd6300000,0x0000009bd6400000) (1024K)]
  0x0000028bfc0db2c0 JavaThread "Bundle File Closer"         daemon [_thread_blocked, id=10380, stack(0x0000009bd6400000,0x0000009bd6500000) (1024K)]
  0x0000028bfc55da80 JavaThread "SCR Component Actor"        daemon [_thread_blocked, id=22340, stack(0x0000009bd6500000,0x0000009bd6600000) (1024K)]
  0x0000028bfc4103d0 JavaThread "Worker-JM"                         [_thread_blocked, id=9580, stack(0x0000009bd5800000,0x0000009bd5900000) (1024K)]
  0x0000028bfc40f020 JavaThread "JNA Cleaner"                daemon [_thread_blocked, id=5280, stack(0x0000009bd5700000,0x0000009bd5800000) (1024K)]
  0x0000028bfc40e990 JavaThread "Java indexing"              daemon [_thread_blocked, id=10332, stack(0x0000009bd6a00000,0x0000009bd6b00000) (1024K)]
  0x0000028bd0053df0 JavaThread "Thread-2"                   daemon [_thread_in_native, id=7132, stack(0x0000009bd7200000,0x0000009bd7300000) (1024K)]
  0x0000028bd0054480 JavaThread "Thread-3"                   daemon [_thread_in_native, id=21784, stack(0x0000009bd7300000,0x0000009bd7400000) (1024K)]
  0x0000028bd00523b0 JavaThread "Thread-4"                   daemon [_thread_in_native, id=19468, stack(0x0000009bd7400000,0x0000009bd7500000) (1024K)]
  0x0000028bd00530d0 JavaThread "Thread-5"                   daemon [_thread_in_native, id=11948, stack(0x0000009bd7500000,0x0000009bd7600000) (1024K)]
  0x0000028bd0052a40 JavaThread "Thread-6"                   daemon [_thread_in_native, id=5172, stack(0x0000009bd7600000,0x0000009bd7700000) (1024K)]
  0x0000028bd0051000 JavaThread "Thread-7"                   daemon [_thread_in_native, id=14596, stack(0x0000009bd7700000,0x0000009bd7800000) (1024K)]
  0x0000028bd0053760 JavaThread "Thread-8"                   daemon [_thread_in_native, id=9448, stack(0x0000009bd7800000,0x0000009bd7900000) (1024K)]
  0x0000028bd0054b10 JavaThread "Thread-9"                   daemon [_thread_in_native, id=12332, stack(0x0000009bd7900000,0x0000009bd7a00000) (1024K)]
  0x0000028bd0051690 JavaThread "Thread-10"                  daemon [_thread_in_native, id=21124, stack(0x0000009bd7a00000,0x0000009bd7b00000) (1024K)]
  0x0000028bd00551a0 JavaThread "pool-2-thread-1"                   [_thread_blocked, id=13668, stack(0x0000009bd7b00000,0x0000009bd7c00000) (1024K)]
  0x0000028bd0051d20 JavaThread "WorkspaceEventsHandler"            [_thread_blocked, id=17708, stack(0x0000009bd7c00000,0x0000009bd7d00000) (1024K)]
  0x0000028bd0055ec0 JavaThread "pool-1-thread-1"                   [_thread_blocked, id=17332, stack(0x0000009bd7d00000,0x0000009bd7e00000) (1024K)]
  0x0000028bd057f1d0 JavaThread "Compiler Source File Reader" daemon [_thread_blocked, id=768, stack(0x0000009bd8100000,0x0000009bd8200000) (1024K)]
  0x0000028bd057fef0 JavaThread "Compiler Source File Reader" daemon [_thread_blocked, id=12300, stack(0x0000009bd8300000,0x0000009bd8400000) (1024K)]
  0x0000028bd057ca70 JavaThread "Compiler Source File Reader" daemon [_thread_blocked, id=10300, stack(0x0000009bd8400000,0x0000009bd8500000) (1024K)]
  0x0000028bd0580580 JavaThread "Compiler Source File Reader" daemon [_thread_blocked, id=13336, stack(0x0000009bd8500000,0x0000009bd8600000) (1024K)]
  0x0000028bd057d100 JavaThread "Compiler Source File Reader" daemon [_thread_blocked, id=13608, stack(0x0000009bd8600000,0x0000009bd8700000) (1024K)]
  0x0000028bd0583a00 JavaThread "ForkJoinPool.commonPool-worker-1" daemon [_thread_blocked, id=13132, stack(0x0000009bd6c00000,0x0000009bd6d00000) (1024K)]
  0x0000028bd0584090 JavaThread "ForkJoinPool.commonPool-worker-2" daemon [_thread_blocked, id=21996, stack(0x0000009bd8d00000,0x0000009bd8e00000) (1024K)]
  0x0000028bd0ecd590 JavaThread "ForkJoinPool.commonPool-worker-3" daemon [_thread_blocked, id=14292, stack(0x0000009bd6900000,0x0000009bd6a00000) (1024K)]
  0x0000028bd0ecfcf0 JavaThread "ForkJoinPool.commonPool-worker-4" daemon [_thread_blocked, id=22004, stack(0x0000009bd4700000,0x0000009bd4800000) (1024K)]
  0x0000028bd0ecdc20 JavaThread "ForkJoinPool.commonPool-worker-5" daemon [_thread_blocked, id=9932, stack(0x0000009bd8f00000,0x0000009bd9000000) (1024K)]
  0x0000028bd0ece2b0 JavaThread "ForkJoinPool.commonPool-worker-6" daemon [_thread_blocked, id=1284, stack(0x0000009bd9000000,0x0000009bd9100000) (1024K)]
  0x0000028bd0eccf00 JavaThread "ForkJoinPool.commonPool-worker-7" daemon [_thread_blocked, id=21948, stack(0x0000009bd9100000,0x0000009bd9200000) (1024K)]
  0x0000028bd0ed10a0 JavaThread "Cleaner-0"                  daemon [_thread_blocked, id=17980, stack(0x0000009bd9400000,0x0000009bd9500000) (1024K)]
  0x0000028bd057eb40 JavaThread "Worker-9"                          [_thread_blocked, id=16772, stack(0x0000009bd6800000,0x0000009bd6900000) (1024K)]
  0x0000028bd0580c10 JavaThread "Compiler Source File Reader" daemon [_thread_blocked, id=12000, stack(0x0000009bd4600000,0x0000009bd4700000) (1024K)]
  0x0000028bd0057f90 JavaThread "Worker-13"                         [_thread_blocked, id=5552, stack(0x0000009bd6d00000,0x0000009bd6e00000) (1024K)]
  0x0000028bd057f860 JavaThread "Compiler Processing Task"   daemon [_thread_blocked, id=21104, stack(0x0000009bd4800000,0x0000009bd4900000) (1024K)]
  0x0000028bd0583370 JavaThread "Worker-16"                         [_thread_blocked, id=14872, stack(0x0000009bd6600000,0x0000009bd6700000) (1024K)]
Total: 50

Other Threads:
  0x0000028bee077ed0 VMThread "VM Thread"                           [id=5268, stack(0x0000009bd4c00000,0x0000009bd4d00000) (1024K)]
  0x0000028bf05ad0d0 WatcherThread "VM Periodic Task Thread"        [id=17504, stack(0x0000009bd4b00000,0x0000009bd4c00000) (1024K)]
  0x0000028bee0773f0 WorkerThread "GC Thread#0"                     [id=13656, stack(0x0000009bd4a00000,0x0000009bd4b00000) (1024K)]
  0x0000028bee078610 WorkerThread "GC Thread#1"                     [id=9896, stack(0x0000009bd5900000,0x0000009bd5a00000) (1024K)]
  0x0000028bf787adf0 WorkerThread "GC Thread#2"                     [id=18712, stack(0x0000009bd5a00000,0x0000009bd5b00000) (1024K)]
  0x0000028bf787d230 WorkerThread "GC Thread#3"                     [id=1352, stack(0x0000009bd5b00000,0x0000009bd5c00000) (1024K)]
  0x0000028bf787b190 WorkerThread "GC Thread#4"                     [id=4268, stack(0x0000009bd5c00000,0x0000009bd5d00000) (1024K)]
  0x0000028bf787b530 WorkerThread "GC Thread#5"                     [id=3456, stack(0x0000009bd5d00000,0x0000009bd5e00000) (1024K)]
  0x0000028bf787c3b0 WorkerThread "GC Thread#6"                     [id=9272, stack(0x0000009bd5e00000,0x0000009bd5f00000) (1024K)]
  0x0000028bf787d5d0 WorkerThread "GC Thread#7"                     [id=12884, stack(0x0000009bd6100000,0x0000009bd6200000) (1024K)]
Total: 10

Threads with active compile tasks:
C2 CompilerThread0  1069788 22365       4       org.eclipse.jdt.internal.compiler.ClassFile::addProblemMethod (281 bytes)
Total: 1

VM state: not at safepoint (normal execution)

VM Mutex/Monitor currently owned by a thread: None

Heap address: 0x00000000c0000000, size: 1024 MB, Compressed Oops mode: 32-bit

CDS archive(s) mapped at: [0x0000028b8f000000-0x0000028b8fba0000-0x0000028b8fba0000), size 12189696, SharedBaseAddress: 0x0000028b8f000000, ArchiveRelocationMode: 1.
Compressed class space mapped at: 0x0000028b90000000-0x0000028bd0000000, reserved size: 1073741824
Narrow klass base: 0x0000028b8f000000, Narrow klass shift: 0, Narrow klass range: 0x100000000

GC Precious Log:
 CardTable entry size: 512
 CPUs: 8 total, 8 available
 Memory: 7971M
 Large Page Support: Disabled
 NUMA Support: Disabled
 Compressed Oops: Enabled (32-bit)
 Alignments: Space 512K, Generation 512K, Heap 2M
 Heap Min Capacity: 100M
 Heap Initial Capacity: 100M
 Heap Max Capacity: 1G
 Pre-touch: Disabled
 Parallel Workers: 8

Heap:
 PSYoungGen      total 3072K, used 2808K [0x00000000eab00000, 0x00000000eaf80000, 0x0000000100000000)
  eden space 2560K, 97% used [0x00000000eab00000,0x00000000ead6e340,0x00000000ead80000)
  from space 512K, 62% used [0x00000000eaf00000,0x00000000eaf50000,0x00000000eaf80000)
  to   space 512K, 0% used [0x00000000eae80000,0x00000000eae80000,0x00000000eaf00000)
 ParOldGen       total 428032K, used 427603K [0x00000000c0000000, 0x00000000da200000, 0x00000000eab00000)
  object space 428032K, 99% used [0x00000000c0000000,0x00000000da194e68,0x00000000da200000)
 Metaspace       used 86611K, committed 88192K, reserved 1179648K
  class space    used 8443K, committed 9216K, reserved 1048576K

Card table byte_map: [0x0000028befee0000,0x0000028bf00f0000] _byte_map_base: 0x0000028bef8e0000

Marking Bits: (ParMarkBitMap*) 0x00007ffd7bdb3260
 Begin Bits: [0x0000028bf3730000, 0x0000028bf4730000)
 End Bits:   [0x0000028bf4730000, 0x0000028bf5730000)

Polling page: 0x0000028bee2f0000

Metaspace:

Usage:
  Non-class:     76.34 MB used.
      Class:      8.25 MB used.
       Both:     84.58 MB used.

Virtual space:
  Non-class space:      128.00 MB reserved,      77.12 MB ( 60%) committed,  2 nodes.
      Class space:        1.00 GB reserved,       9.00 MB ( <1%) committed,  1 nodes.
             Both:        1.12 GB reserved,      86.12 MB (  7%) committed. 

Chunk freelists:
   Non-Class:  1.94 MB
       Class:  7.10 MB
        Both:  9.04 MB

MaxMetaspaceSize: unlimited
CompressedClassSpaceSize: 1.00 GB
Initial GC threshold: 21.00 MB
Current GC threshold: 142.81 MB
CDS: on
 - commit_granule_bytes: 65536.
 - commit_granule_words: 8192.
 - virtual_space_node_default_size: 8388608.
 - enlarge_chunks_in_place: 1.
 - use_allocation_guard: 0.


Internal statistics:

num_allocs_failed_limit: 9.
num_arena_births: 1600.
num_arena_deaths: 254.
num_vsnodes_births: 3.
num_vsnodes_deaths: 0.
num_space_committed: 1378.
num_space_uncommitted: 0.
num_chunks_returned_to_freelist: 281.
num_chunks_taken_from_freelist: 5776.
num_chunk_merges: 74.
num_chunk_splits: 3468.
num_chunks_enlarged: 1977.
num_inconsistent_stats: 0.

CodeHeap 'non-profiled nmethods': size=120000Kb used=18634Kb max_used=20160Kb free=101365Kb
 bounds [0x0000028b87ad0000, 0x0000028b88e80000, 0x0000028b8f000000]
CodeHeap 'profiled nmethods': size=120000Kb used=37084Kb max_used=45886Kb free=82916Kb
 bounds [0x0000028b80000000, 0x0000028b82cd0000, 0x0000028b87530000]
CodeHeap 'non-nmethods': size=5760Kb used=1538Kb max_used=1615Kb free=4222Kb
 bounds [0x0000028b87530000, 0x0000028b877a0000, 0x0000028b87ad0000]
 total_blobs=16042 nmethods=15201 adapters=740
 compilation: enabled
              stopped_count=0, restarted_count=0
 full_count=0

Compilation events (20 events):
Event: 1068.112 Thread 0x0000028bf72dbb70 nmethod 22358 0x0000028b88952190 code [0x0000028b88952320, 0x0000028b889523e8]
Event: 1068.114 Thread 0x0000028bf72dbb70 22359       3       org.eclipse.jdt.internal.core.builder.BuildNotifier::updateProgressDelta (11 bytes)
Event: 1068.117 Thread 0x0000028bf72dbb70 nmethod 22359 0x0000028b80bfb390 code [0x0000028b80bfb540, 0x0000028b80bfb6a0]
Event: 1068.247 Thread 0x0000028bf72dbb70 22360       1       org.eclipse.jdt.internal.corext.refactoring.code.ExtractMethodAnalyzer::isSelectionChanged (5 bytes)
Event: 1068.247 Thread 0x0000028bf72dbb70 nmethod 22360 0x0000028b88997b90 code [0x0000028b88997d20, 0x0000028b88997df0]
Event: 1068.248 Thread 0x0000028bf58fbf60 22361       4       org.eclipse.jdt.internal.corext.dom.GenericVisitor::endVisit (6 bytes)
Event: 1068.248 Thread 0x0000028bf58fbf60 nmethod 22361 0x0000028b889cdf90 code [0x0000028b889ce120, 0x0000028b889ce1a8]
Event: 1068.248 Thread 0x0000028bf72dbb70 22362       3       org.eclipse.jdt.internal.corext.dom.HierarchicalASTVisitor::endVisit (6 bytes)
Event: 1068.249 Thread 0x0000028bf58fbf60 22363       4       org.eclipse.jdt.core.manipulation.ImportReferencesCollector::typeRefFound (56 bytes)
Event: 1068.249 Thread 0x0000028bf72dbb70 nmethod 22362 0x0000028b814dac90 code [0x0000028b814dae40, 0x0000028b814db020]
Event: 1068.258 Thread 0x0000028bf58fbf60 nmethod 22363 0x0000028b8850a390 code [0x0000028b8850a560, 0x0000028b8850a9f8]
Event: 1068.259 Thread 0x0000028bf58fbf60 22364       4       org.eclipse.jdt.internal.compiler.ast.ASTNode::resolveStatements (49 bytes)
Event: 1068.262 Thread 0x0000028bf72dbb70 22366       3       org.eclipse.jdt.ls.core.internal.text.correction.QuickAssistProcessor::getAssignParamToFieldProposals (302 bytes)
Event: 1068.262 Thread 0x0000028bf58fbf60 nmethod 22364 0x0000028b88267610 code [0x0000028b882677c0, 0x0000028b88267a38]
Event: 1068.262 Thread 0x0000028bf58fbf60 22365       4       org.eclipse.jdt.internal.compiler.ClassFile::addProblemMethod (281 bytes)
Event: 1068.264 Thread 0x0000028bf72dbb70 nmethod 22366 0x0000028b80af4490 code [0x0000028b80af48c0, 0x0000028b80af69d0]
Event: 1068.264 Thread 0x0000028bf72dbb70 22367       3       org.eclipse.jdt.ls.core.internal.text.correction.QuickAssistProcessor::getAssignAllParamsToFieldsProposals (194 bytes)
Event: 1068.266 Thread 0x0000028bf72dbb70 nmethod 22367 0x0000028b80c30110 code [0x0000028b80c30460, 0x0000028b80c31c68]
Event: 1068.266 Thread 0x0000028bf72dbb70 22368   !   3       org.eclipse.jdt.ls.core.internal.text.correction.QuickAssistProcessor::getConvertLambdaExpressionAndMethodRefCleanUpProposal (106 bytes)
Event: 1068.267 Thread 0x0000028bf72dbb70 nmethod 22368 0x0000028b815edd90 code [0x0000028b815ee020, 0x0000028b815eeda0]

GC Heap History (20 events):
Event: 1067.671 GC heap before
{Heap before GC invocations=2100 (full 6):
 PSYoungGen      total 3584K, used 3584K [0x00000000eab00000, 0x00000000eb000000, 0x0000000100000000)
  eden space 3072K, 100% used [0x00000000eab00000,0x00000000eae00000,0x00000000eae00000)
  from space 512K, 100% used [0x00000000eaf00000,0x00000000eaf80000,0x00000000eaf80000)
  to   space 1024K, 0% used [0x00000000eae00000,0x00000000eae00000,0x00000000eaf00000)
 ParOldGen       total 415744K, used 415494K [0x00000000c0000000, 0x00000000d9600000, 0x00000000eab00000)
  object space 415744K, 99% used [0x00000000c0000000,0x00000000d95c18c8,0x00000000d9600000)
 Metaspace       used 86599K, committed 88192K, reserved 1179648K
  class space    used 8443K, committed 9216K, reserved 1048576K
}
Event: 1067.672 GC heap after
{Heap after GC invocations=2100 (full 6):
 PSYoungGen      total 4096K, used 224K [0x00000000eab00000, 0x00000000eaf80000, 0x0000000100000000)
  eden space 3072K, 0% used [0x00000000eab00000,0x00000000eab00000,0x00000000eae00000)
  from space 1024K, 21% used [0x00000000eae00000,0x00000000eae38000,0x00000000eaf00000)
  to   space 512K, 0% used [0x00000000eaf00000,0x00000000eaf00000,0x00000000eaf80000)
 ParOldGen       total 415744K, used 415502K [0x00000000c0000000, 0x00000000d9600000, 0x00000000eab00000)
  object space 415744K, 99% used [0x00000000c0000000,0x00000000d95c38c8,0x00000000d9600000)
 Metaspace       used 86599K, committed 88192K, reserved 1179648K
  class space    used 8443K, committed 9216K, reserved 1048576K
}
Event: 1068.003 GC heap before
{Heap before GC invocations=2101 (full 6):
 PSYoungGen      total 4096K, used 3296K [0x00000000eab00000, 0x00000000eaf80000, 0x0000000100000000)
  eden space 3072K, 100% used [0x00000000eab00000,0x00000000eae00000,0x00000000eae00000)
  from space 1024K, 21% used [0x00000000eae00000,0x00000000eae38000,0x00000000eaf00000)
  to   space 512K, 0% used [0x00000000eaf00000,0x00000000eaf00000,0x00000000eaf80000)
 ParOldGen       total 415744K, used 415502K [0x00000000c0000000, 0x00000000d9600000, 0x00000000eab00000)
  object space 415744K, 99% used [0x00000000c0000000,0x00000000d95c38c8,0x00000000d9600000)
 Metaspace       used 86602K, committed 88192K, reserved 1179648K
  class space    used 8443K, committed 9216K, reserved 1048576K
}
Event: 1068.005 GC heap after
{Heap after GC invocations=2101 (full 6):
 PSYoungGen      total 3072K, used 501K [0x00000000eab00000, 0x00000000eb100000, 0x0000000100000000)
  eden space 2560K, 0% used [0x00000000eab00000,0x00000000eab00000,0x00000000ead80000)
  from space 512K, 98% used [0x00000000eaf00000,0x00000000eaf7d760,0x00000000eaf80000)
  to   space 1536K, 0% used [0x00000000ead80000,0x00000000ead80000,0x00000000eaf00000)
 ParOldGen       total 416256K, used 415940K [0x00000000c0000000, 0x00000000d9680000, 0x00000000eab00000)
  object space 416256K, 99% used [0x00000000c0000000,0x00000000d9631028,0x00000000d9680000)
 Metaspace       used 86602K, committed 88192K, reserved 1179648K
  class space    used 8443K, committed 9216K, reserved 1048576K
}
Event: 1068.010 GC heap before
{Heap before GC invocations=2102 (full 6):
 PSYoungGen      total 3072K, used 3061K [0x00000000eab00000, 0x00000000eb100000, 0x0000000100000000)
  eden space 2560K, 100% used [0x00000000eab00000,0x00000000ead80000,0x00000000ead80000)
  from space 512K, 98% used [0x00000000eaf00000,0x00000000eaf7d760,0x00000000eaf80000)
  to   space 1536K, 0% used [0x00000000ead80000,0x00000000ead80000,0x00000000eaf00000)
 ParOldGen       total 416256K, used 415940K [0x00000000c0000000, 0x00000000d9680000, 0x00000000eab00000)
  object space 416256K, 99% used [0x00000000c0000000,0x00000000d9631028,0x00000000d9680000)
 Metaspace       used 86602K, committed 88192K, reserved 1179648K
  class space    used 8443K, committed 9216K, reserved 1048576K
}
Event: 1068.013 GC heap after
{Heap after GC invocations=2102 (full 6):
 PSYoungGen      total 4096K, used 1536K [0x00000000eab00000, 0x00000000eb480000, 0x0000000100000000)
  eden space 2560K, 0% used [0x00000000eab00000,0x00000000eab00000,0x00000000ead80000)
  from space 1536K, 100% used [0x00000000ead80000,0x00000000eaf00000,0x00000000eaf00000)
  to   space 3584K, 0% used [0x00000000eb100000,0x00000000eb100000,0x00000000eb480000)
 ParOldGen       total 417792K, used 417449K [0x00000000c0000000, 0x00000000d9800000, 0x00000000eab00000)
  object space 417792K, 99% used [0x00000000c0000000,0x00000000d97aa798,0x00000000d9800000)
 Metaspace       used 86602K, committed 88192K, reserved 1179648K
  class space    used 8443K, committed 9216K, reserved 1048576K
}
Event: 1068.020 GC heap before
{Heap before GC invocations=2103 (full 6):
 PSYoungGen      total 4096K, used 4096K [0x00000000eab00000, 0x00000000eb480000, 0x0000000100000000)
  eden space 2560K, 100% used [0x00000000eab00000,0x00000000ead80000,0x00000000ead80000)
  from space 1536K, 100% used [0x00000000ead80000,0x00000000eaf00000,0x00000000eaf00000)
  to   space 3584K, 0% used [0x00000000eb100000,0x00000000eb100000,0x00000000eb480000)
 ParOldGen       total 417792K, used 417449K [0x00000000c0000000, 0x00000000d9800000, 0x00000000eab00000)
  object space 417792K, 99% used [0x00000000c0000000,0x00000000d97aa798,0x00000000d9800000)
 Metaspace       used 86602K, committed 88192K, reserved 1179648K
  class space    used 8443K, committed 9216K, reserved 1048576K
}
Event: 1068.025 GC heap after
{Heap after GC invocations=2103 (full 6):
 PSYoungGen      total 5120K, used 2408K [0x00000000eab00000, 0x00000000eb380000, 0x0000000100000000)
  eden space 2560K, 0% used [0x00000000eab00000,0x00000000eab00000,0x00000000ead80000)
  from space 2560K, 94% used [0x00000000eb100000,0x00000000eb35a000,0x00000000eb380000)
  to   space 3072K, 0% used [0x00000000ead80000,0x00000000ead80000,0x00000000eb080000)
 ParOldGen       total 419328K, used 419025K [0x00000000c0000000, 0x00000000d9980000, 0x00000000eab00000)
  object space 419328K, 99% used [0x00000000c0000000,0x00000000d9934798,0x00000000d9980000)
 Metaspace       used 86602K, committed 88192K, reserved 1179648K
  class space    used 8443K, committed 9216K, reserved 1048576K
}
Event: 1068.050 GC heap before
{Heap before GC invocations=2104 (full 6):
 PSYoungGen      total 5120K, used 4968K [0x00000000eab00000, 0x00000000eb380000, 0x0000000100000000)
  eden space 2560K, 100% used [0x00000000eab00000,0x00000000ead80000,0x00000000ead80000)
  from space 2560K, 94% used [0x00000000eb100000,0x00000000eb35a000,0x00000000eb380000)
  to   space 3072K, 0% used [0x00000000ead80000,0x00000000ead80000,0x00000000eb080000)
 ParOldGen       total 419328K, used 419025K [0x00000000c0000000, 0x00000000d9980000, 0x00000000eab00000)
  object space 419328K, 99% used [0x00000000c0000000,0x00000000d9934798,0x00000000d9980000)
 Metaspace       used 86602K, committed 88192K, reserved 1179648K
  class space    used 8443K, committed 9216K, reserved 1048576K
}
Event: 1068.054 GC heap after
{Heap after GC invocations=2104 (full 6):
 PSYoungGen      total 5120K, used 2339K [0x00000000eab00000, 0x00000000eb280000, 0x0000000100000000)
  eden space 2560K, 0% used [0x00000000eab00000,0x00000000eab00000,0x00000000ead80000)
  from space 2560K, 91% used [0x00000000ead80000,0x00000000eafc8d30,0x00000000eb000000)
  to   space 2560K, 0% used [0x00000000eb000000,0x00000000eb000000,0x00000000eb280000)
 ParOldGen       total 421376K, used 421233K [0x00000000c0000000, 0x00000000d9b80000, 0x00000000eab00000)
  object space 421376K, 99% used [0x00000000c0000000,0x00000000d9b5c798,0x00000000d9b80000)
 Metaspace       used 86602K, committed 88192K, reserved 1179648K
  class space    used 8443K, committed 9216K, reserved 1048576K
}
Event: 1068.064 GC heap before
{Heap before GC invocations=2105 (full 6):
 PSYoungGen      total 5120K, used 4860K [0x00000000eab00000, 0x00000000eb280000, 0x0000000100000000)
  eden space 2560K, 98% used [0x00000000eab00000,0x00000000ead76368,0x00000000ead80000)
  from space 2560K, 91% used [0x00000000ead80000,0x00000000eafc8d30,0x00000000eb000000)
  to   space 2560K, 0% used [0x00000000eb000000,0x00000000eb000000,0x00000000eb280000)
 ParOldGen       total 421376K, used 421233K [0x00000000c0000000, 0x00000000d9b80000, 0x00000000eab00000)
  object space 421376K, 99% used [0x00000000c0000000,0x00000000d9b5c798,0x00000000d9b80000)
 Metaspace       used 86602K, committed 88192K, reserved 1179648K
  class space    used 8443K, committed 9216K, reserved 1048576K
}
Event: 1068.067 GC heap after
{Heap after GC invocations=2105 (full 6):
 PSYoungGen      total 5120K, used 2416K [0x00000000eab00000, 0x00000000eb280000, 0x0000000100000000)
  eden space 2560K, 0% used [0x00000000eab00000,0x00000000eab00000,0x00000000ead80000)
  from space 2560K, 94% used [0x00000000eb000000,0x00000000eb25c000,0x00000000eb280000)
  to   space 2560K, 0% used [0x00000000ead80000,0x00000000ead80000,0x00000000eb000000)
 ParOldGen       total 423936K, used 423606K [0x00000000c0000000, 0x00000000d9e00000, 0x00000000eab00000)
  object space 423936K, 99% used [0x00000000c0000000,0x00000000d9dadb60,0x00000000d9e00000)
 Metaspace       used 86602K, committed 88192K, reserved 1179648K
  class space    used 8443K, committed 9216K, reserved 1048576K
}
Event: 1068.081 GC heap before
{Heap before GC invocations=2106 (full 6):
 PSYoungGen      total 5120K, used 4976K [0x00000000eab00000, 0x00000000eb280000, 0x0000000100000000)
  eden space 2560K, 100% used [0x00000000eab00000,0x00000000ead80000,0x00000000ead80000)
  from space 2560K, 94% used [0x00000000eb000000,0x00000000eb25c000,0x00000000eb280000)
  to   space 2560K, 0% used [0x00000000ead80000,0x00000000ead80000,0x00000000eb000000)
 ParOldGen       total 423936K, used 423606K [0x00000000c0000000, 0x00000000d9e00000, 0x00000000eab00000)
  object space 423936K, 99% used [0x00000000c0000000,0x00000000d9dadb60,0x00000000d9e00000)
 Metaspace       used 86605K, committed 88192K, reserved 1179648K
  class space    used 8443K, committed 9216K, reserved 1048576K
}
Event: 1068.084 GC heap after
{Heap after GC invocations=2106 (full 6):
 PSYoungGen      total 4096K, used 1280K [0x00000000eab00000, 0x00000000eb180000, 0x0000000100000000)
  eden space 2560K, 0% used [0x00000000eab00000,0x00000000eab00000,0x00000000ead80000)
  from space 1536K, 83% used [0x00000000ead80000,0x00000000eaec0000,0x00000000eaf00000)
  to   space 2048K, 0% used [0x00000000eaf80000,0x00000000eaf80000,0x00000000eb180000)
 ParOldGen       total 425984K, used 425886K [0x00000000c0000000, 0x00000000da000000, 0x00000000eab00000)
  object space 425984K, 99% used [0x00000000c0000000,0x00000000d9fe7b60,0x00000000da000000)
 Metaspace       used 86605K, committed 88192K, reserved 1179648K
  class space    used 8443K, committed 9216K, reserved 1048576K
}
Event: 1068.114 GC heap before
{Heap before GC invocations=2107 (full 6):
 PSYoungGen      total 4096K, used 3840K [0x00000000eab00000, 0x00000000eb180000, 0x0000000100000000)
  eden space 2560K, 100% used [0x00000000eab00000,0x00000000ead80000,0x00000000ead80000)
  from space 1536K, 83% used [0x00000000ead80000,0x00000000eaec0000,0x00000000eaf00000)
  to   space 2048K, 0% used [0x00000000eaf80000,0x00000000eaf80000,0x00000000eb180000)
 ParOldGen       total 425984K, used 425886K [0x00000000c0000000, 0x00000000da000000, 0x00000000eab00000)
  object space 425984K, 99% used [0x00000000c0000000,0x00000000d9fe7b60,0x00000000da000000)
 Metaspace       used 86605K, committed 88192K, reserved 1179648K
  class space    used 8443K, committed 9216K, reserved 1048576K
}
Event: 1068.116 GC heap after
{Heap after GC invocations=2107 (full 6):
 PSYoungGen      total 3584K, used 768K [0x00000000eab00000, 0x00000000eb080000, 0x0000000100000000)
  eden space 2560K, 0% used [0x00000000eab00000,0x00000000eab00000,0x00000000ead80000)
  from space 1024K, 75% used [0x00000000eaf80000,0x00000000eb040000,0x00000000eb080000)
  to   space 1536K, 0% used [0x00000000ead80000,0x00000000ead80000,0x00000000eaf00000)
 ParOldGen       total 427008K, used 426678K [0x00000000c0000000, 0x00000000da100000, 0x00000000eab00000)
  object space 427008K, 99% used [0x00000000c0000000,0x00000000da0adb60,0x00000000da100000)
 Metaspace       used 86605K, committed 88192K, reserved 1179648K
  class space    used 8443K, committed 9216K, reserved 1048576K
}
Event: 1068.251 GC heap before
{Heap before GC invocations=2108 (full 6):
 PSYoungGen      total 3584K, used 3328K [0x00000000eab00000, 0x00000000eb080000, 0x0000000100000000)
  eden space 2560K, 100% used [0x00000000eab00000,0x00000000ead80000,0x00000000ead80000)
  from space 1024K, 75% used [0x00000000eaf80000,0x00000000eb040000,0x00000000eb080000)
  to   space 1536K, 0% used [0x00000000ead80000,0x00000000ead80000,0x00000000eaf00000)
 ParOldGen       total 427008K, used 426678K [0x00000000c0000000, 0x00000000da100000, 0x00000000eab00000)
  object space 427008K, 99% used [0x00000000c0000000,0x00000000da0adb60,0x00000000da100000)
 Metaspace       used 86605K, committed 88192K, reserved 1179648K
  class space    used 8443K, committed 9216K, reserved 1048576K
}
Event: 1068.254 GC heap after
{Heap after GC invocations=2108 (full 6):
 PSYoungGen      total 4096K, used 624K [0x00000000eab00000, 0x00000000eb000000, 0x0000000100000000)
  eden space 2560K, 0% used [0x00000000eab00000,0x00000000eab00000,0x00000000ead80000)
  from space 1536K, 40% used [0x00000000ead80000,0x00000000eae1c010,0x00000000eaf00000)
  to   space 1024K, 0% used [0x00000000eaf00000,0x00000000eaf00000,0x00000000eb000000)
 ParOldGen       total 427520K, used 427299K [0x00000000c0000000, 0x00000000da180000, 0x00000000eab00000)
  object space 427520K, 99% used [0x00000000c0000000,0x00000000da148e68,0x00000000da180000)
 Metaspace       used 86605K, committed 88192K, reserved 1179648K
  class space    used 8443K, committed 9216K, reserved 1048576K
}
Event: 1068.389 GC heap before
{Heap before GC invocations=2109 (full 6):
 PSYoungGen      total 4096K, used 3184K [0x00000000eab00000, 0x00000000eb000000, 0x0000000100000000)
  eden space 2560K, 100% used [0x00000000eab00000,0x00000000ead80000,0x00000000ead80000)
  from space 1536K, 40% used [0x00000000ead80000,0x00000000eae1c010,0x00000000eaf00000)
  to   space 1024K, 0% used [0x00000000eaf00000,0x00000000eaf00000,0x00000000eb000000)
 ParOldGen       total 427520K, used 427299K [0x00000000c0000000, 0x00000000da180000, 0x00000000eab00000)
  object space 427520K, 99% used [0x00000000c0000000,0x00000000da148e68,0x00000000da180000)
 Metaspace       used 86611K, committed 88192K, reserved 1179648K
  class space    used 8443K, committed 9216K, reserved 1048576K
}
Event: 1068.391 GC heap after
{Heap after GC invocations=2109 (full 6):
 PSYoungGen      total 3072K, used 320K [0x00000000eab00000, 0x00000000eaf80000, 0x0000000100000000)
  eden space 2560K, 0% used [0x00000000eab00000,0x00000000eab00000,0x00000000ead80000)
  from space 512K, 62% used [0x00000000eaf00000,0x00000000eaf50000,0x00000000eaf80000)
  to   space 512K, 0% used [0x00000000eae80000,0x00000000eae80000,0x00000000eaf00000)
 ParOldGen       total 428032K, used 427603K [0x00000000c0000000, 0x00000000da200000, 0x00000000eab00000)
  object space 428032K, 99% used [0x00000000c0000000,0x00000000da194e68,0x00000000da200000)
 Metaspace       used 86611K, committed 88192K, reserved 1179648K
  class space    used 8443K, committed 9216K, reserved 1048576K
}

Dll operation events (12 events):
Event: 0.021 Loaded shared library c:\Users\ankik\.vscode\extensions\redhat.java-1.41.1-win32-x64\jre\21.0.6-win32-x86_64\bin\java.dll
Event: 0.124 Loaded shared library c:\Users\ankik\.vscode\extensions\redhat.java-1.41.1-win32-x64\jre\21.0.6-win32-x86_64\bin\zip.dll
Event: 0.147 Loaded shared library C:\Users\ankik\.vscode\extensions\redhat.java-1.41.1-win32-x64\jre\21.0.6-win32-x86_64\bin\instrument.dll
Event: 0.151 Loaded shared library C:\Users\ankik\.vscode\extensions\redhat.java-1.41.1-win32-x64\jre\21.0.6-win32-x86_64\bin\net.dll
Event: 0.153 Loaded shared library C:\Users\ankik\.vscode\extensions\redhat.java-1.41.1-win32-x64\jre\21.0.6-win32-x86_64\bin\nio.dll
Event: 0.166 Loaded shared library C:\Users\ankik\.vscode\extensions\redhat.java-1.41.1-win32-x64\jre\21.0.6-win32-x86_64\bin\zip.dll
Event: 0.264 Loaded shared library C:\Users\ankik\.vscode\extensions\redhat.java-1.41.1-win32-x64\jre\21.0.6-win32-x86_64\bin\jimage.dll
Event: 0.355 Loaded shared library c:\Users\ankik\.vscode\extensions\redhat.java-1.41.1-win32-x64\jre\21.0.6-win32-x86_64\bin\verify.dll
Event: 1.830 Loaded shared library C:\Users\ankik\AppData\Roaming\Code\User\globalStorage\redhat.java\1.41.1\config_win\org.eclipse.equinox.launcher\org.eclipse.equinox.launcher.win32.win32.x86_64_1.2.1300.v20250331-1702\eclipse_11911.dll
Event: 3.586 Loaded shared library C:\Users\ankik\AppData\Local\Temp\jna-92964736\jna14387109890664947824.dll
Event: 133.078 Loaded shared library C:\Users\ankik\.vscode\extensions\redhat.java-1.41.1-win32-x64\jre\21.0.6-win32-x86_64\bin\sunmscapi.dll
Event: 133.541 Loaded shared library C:\Users\ankik\.vscode\extensions\redhat.java-1.41.1-win32-x64\jre\21.0.6-win32-x86_64\bin\extnet.dll

Deoptimization events (20 events):
Event: 1061.786 Thread 0x0000028bd0583a00 Uncommon trap: trap_request=0xffffffd6 fr.pc=0x0000028b88c2dcec relative=0x000000000000168c
Event: 1061.786 Thread 0x0000028bd0583a00 Uncommon trap: reason=array_check action=maybe_recompile pc=0x0000028b88c2dcec method=java.util.TimSort.mergeHi(IIII)V @ 524 c2
Event: 1061.786 Thread 0x0000028bd0583a00 DEOPT PACKING pc=0x0000028b88c2dcec sp=0x0000009bd6cfd550
Event: 1061.786 Thread 0x0000028bd0583a00 DEOPT UNPACKING pc=0x0000028b87586da2 sp=0x0000009bd6cfd538 mode 2
Event: 1064.430 Thread 0x0000028bd0ecfcf0 Uncommon trap: trap_request=0xffffffc6 fr.pc=0x0000028b87c92e50 relative=0x0000000000002750
Event: 1064.430 Thread 0x0000028bd0ecfcf0 Uncommon trap: reason=bimorphic_or_optimized_type_check action=maybe_recompile pc=0x0000028b87c92e50 method=org.eclipse.jdt.internal.compiler.problem.ProblemHandler.handle(I[Ljava/lang/String;I[Ljava/lang/String;IIILorg/eclipse/jdt/internal/compiler/impl/
Event: 1064.431 Thread 0x0000028bd0ecfcf0 DEOPT PACKING pc=0x0000028b87c92e50 sp=0x0000009bd47fe070
Event: 1064.431 Thread 0x0000028bd0ecfcf0 DEOPT UNPACKING pc=0x0000028b87586da2 sp=0x0000009bd47fdfc0 mode 2
Event: 1064.482 Thread 0x0000028bd0ecfcf0 Uncommon trap: trap_request=0xffffffc6 fr.pc=0x0000028b87c92e50 relative=0x0000000000002750
Event: 1064.482 Thread 0x0000028bd0ecfcf0 Uncommon trap: reason=bimorphic_or_optimized_type_check action=maybe_recompile pc=0x0000028b87c92e50 method=org.eclipse.jdt.internal.compiler.problem.ProblemHandler.handle(I[Ljava/lang/String;I[Ljava/lang/String;IIILorg/eclipse/jdt/internal/compiler/impl/
Event: 1064.482 Thread 0x0000028bd0ecfcf0 DEOPT PACKING pc=0x0000028b87c92e50 sp=0x0000009bd47fe100
Event: 1064.482 Thread 0x0000028bd0ecfcf0 DEOPT UNPACKING pc=0x0000028b87586da2 sp=0x0000009bd47fe050 mode 2
Event: 1066.665 Thread 0x0000028bd0ecfcf0 DEOPT PACKING pc=0x0000028b82173313 sp=0x0000009bd47fd8e0
Event: 1066.666 Thread 0x0000028bd0ecfcf0 DEOPT UNPACKING pc=0x0000028b875878e2 sp=0x0000009bd47fcdc8 mode 0
Event: 1067.024 Thread 0x0000028bd0583a00 DEOPT PACKING pc=0x0000028b80b67b43 sp=0x0000009bd6cfe950
Event: 1067.024 Thread 0x0000028bd0583a00 DEOPT UNPACKING pc=0x0000028b875878e2 sp=0x0000009bd6cfde60 mode 0
Event: 1067.215 Thread 0x0000028bd0ecfcf0 Uncommon trap: trap_request=0xffffff45 fr.pc=0x0000028b87ca8ae4 relative=0x0000000000000144
Event: 1067.215 Thread 0x0000028bd0ecfcf0 Uncommon trap: reason=unstable_if action=reinterpret pc=0x0000028b87ca8ae4 method=org.eclipse.jdt.internal.corext.refactoring.code.SnippetFinder.matches(Lorg/eclipse/jdt/core/dom/ASTNode;)Z @ 27 c2
Event: 1067.215 Thread 0x0000028bd0ecfcf0 DEOPT PACKING pc=0x0000028b87ca8ae4 sp=0x0000009bd47fdea0
Event: 1067.215 Thread 0x0000028bd0ecfcf0 DEOPT UNPACKING pc=0x0000028b87586da2 sp=0x0000009bd47fde40 mode 2

Classes loaded (20 events):
Event: 309.390 Loading class java/util/stream/Nodes$AbstractConcNode done
Event: 309.390 Loading class java/util/stream/Nodes$ConcNode done
Event: 309.395 Loading class java/io/ObjectOutputStream$BlockDataOutputStream
Event: 309.395 Loading class java/io/ObjectOutputStream$BlockDataOutputStream done
Event: 309.395 Loading class java/io/ObjectOutputStream$HandleTable
Event: 309.396 Loading class java/io/ObjectOutputStream$HandleTable done
Event: 309.396 Loading class java/io/ObjectOutputStream$ReplaceTable
Event: 309.396 Loading class java/io/ObjectOutputStream$ReplaceTable done
Event: 483.329 Loading class java/util/concurrent/ConcurrentHashMap$TreeNode
Event: 483.331 Loading class java/util/concurrent/ConcurrentHashMap$TreeNode done
Event: 483.331 Loading class java/util/concurrent/ConcurrentHashMap$TreeBin
Event: 483.332 Loading class java/util/concurrent/ConcurrentHashMap$TreeBin done
Event: 754.552 Loading class java/nio/channels/CompletionHandler
Event: 754.552 Loading class java/nio/channels/CompletionHandler done
Event: 765.119 Loading class java/util/ImmutableCollections$SubList
Event: 765.119 Loading class java/util/ImmutableCollections$SubList done
Event: 868.792 Loading class java/util/stream/ReferencePipeline$15
Event: 868.792 Loading class java/util/stream/ReferencePipeline$15 done
Event: 868.793 Loading class java/util/stream/ReferencePipeline$15$1
Event: 868.793 Loading class java/util/stream/ReferencePipeline$15$1 done

Classes unloaded (20 events):
Event: 822.945 Thread 0x0000028bee077ed0 Unloading class 0x0000028b90080400 'java/lang/invoke/LambdaForm$MH+0x0000028b90080400'
Event: 822.945 Thread 0x0000028bee077ed0 Unloading class 0x0000028b90018400 'java/lang/invoke/LambdaForm$MH+0x0000028b90018400'
Event: 822.945 Thread 0x0000028bee077ed0 Unloading class 0x0000028b9000d800 'java/lang/invoke/LambdaForm$MH+0x0000028b9000d800'
Event: 822.945 Thread 0x0000028bee077ed0 Unloading class 0x0000028b9000d400 'java/lang/invoke/LambdaForm$MH+0x0000028b9000d400'
Event: 822.945 Thread 0x0000028bee077ed0 Unloading class 0x0000028b9000d000 'java/lang/invoke/LambdaForm$MH+0x0000028b9000d000'
Event: 822.945 Thread 0x0000028bee077ed0 Unloading class 0x0000028b9000cc00 'java/lang/invoke/LambdaForm$MH+0x0000028b9000cc00'
Event: 822.945 Thread 0x0000028bee077ed0 Unloading class 0x0000028b9000c800 'java/lang/invoke/LambdaForm$BMH+0x0000028b9000c800'
Event: 822.945 Thread 0x0000028bee077ed0 Unloading class 0x0000028b9000c000 'java/lang/invoke/LambdaForm$DMH+0x0000028b9000c000'
Event: 822.945 Thread 0x0000028bee077ed0 Unloading class 0x0000028b90008400 'java/lang/invoke/LambdaForm$MH+0x0000028b90008400'
Event: 822.945 Thread 0x0000028bee077ed0 Unloading class 0x0000028b90008000 'java/lang/invoke/LambdaForm$MH+0x0000028b90008000'
Event: 822.945 Thread 0x0000028bee077ed0 Unloading class 0x0000028b90007c00 'java/lang/invoke/LambdaForm$MH+0x0000028b90007c00'
Event: 822.945 Thread 0x0000028bee077ed0 Unloading class 0x0000028b90006800 'java/lang/invoke/LambdaForm$MH+0x0000028b90006800'
Event: 822.946 Thread 0x0000028bee077ed0 Unloading class 0x0000028b90006000 'java/lang/invoke/LambdaForm$MH+0x0000028b90006000'
Event: 822.946 Thread 0x0000028bee077ed0 Unloading class 0x0000028b90005c00 'java/lang/invoke/LambdaForm$MH+0x0000028b90005c00'
Event: 822.946 Thread 0x0000028bee077ed0 Unloading class 0x0000028b90005800 'java/lang/invoke/LambdaForm$MH+0x0000028b90005800'
Event: 822.946 Thread 0x0000028bee077ed0 Unloading class 0x0000028b90005400 'java/lang/invoke/LambdaForm$BMH+0x0000028b90005400'
Event: 822.946 Thread 0x0000028bee077ed0 Unloading class 0x0000028b90004000 'java/lang/invoke/LambdaForm$DMH+0x0000028b90004000'
Event: 822.946 Thread 0x0000028bee077ed0 Unloading class 0x0000028b90002400 'java/lang/invoke/LambdaForm$MH+0x0000028b90002400'
Event: 822.946 Thread 0x0000028bee077ed0 Unloading class 0x0000028b90002000 'java/lang/invoke/LambdaForm$MH+0x0000028b90002000'
Event: 822.946 Thread 0x0000028bee077ed0 Unloading class 0x0000028b90001800 'java/lang/invoke/LambdaForm$MH+0x0000028b90001800'

Classes redefined (0 events):
No events

Internal exceptions (20 events):
Event: 860.270 Thread 0x0000028bfc40e990 Exception <a 'sun/nio/fs/WindowsException'{0x00000000eadc0fb0}> (0x00000000eadc0fb0) 
thrown [s\src\hotspot\share\prims\jni.cpp, line 520]
Event: 864.459 Thread 0x0000028bfc40e990 Exception <a 'sun/nio/fs/WindowsException'{0x00000000eab681a0}> (0x00000000eab681a0) 
thrown [s\src\hotspot\share\prims\jni.cpp, line 520]
Event: 864.557 Thread 0x0000028bfc40e990 Exception <a 'sun/nio/fs/WindowsException'{0x00000000eab6da28}> (0x00000000eab6da28) 
thrown [s\src\hotspot\share\prims\jni.cpp, line 520]
Event: 915.960 Thread 0x0000028bfc40e990 Exception <a 'sun/nio/fs/WindowsException'{0x00000000eabeca48}> (0x00000000eabeca48) 
thrown [s\src\hotspot\share\prims\jni.cpp, line 520]
Event: 916.055 Thread 0x0000028bfc40e990 Exception <a 'sun/nio/fs/WindowsException'{0x00000000eac63db0}> (0x00000000eac63db0) 
thrown [s\src\hotspot\share\prims\jni.cpp, line 520]
Event: 991.939 Thread 0x0000028bd0ecfcf0 Exception <a 'java/lang/ClassNotFoundException'{0x00000000eabf8dc8}: sun/net/www/protocol/jdt/Handler> (0x00000000eabf8dc8) 
thrown [s\src\hotspot\share\classfile\systemDictionary.cpp, line 312]
Event: 991.939 Thread 0x0000028bd0ecfcf0 Exception <a 'java/lang/ClassNotFoundException'{0x00000000eabfb6d8}: sun/net/www/protocol/jdt/Handler> (0x00000000eabfb6d8) 
thrown [s\src\hotspot\share\classfile\systemDictionary.cpp, line 312]
Event: 991.939 Thread 0x0000028bd0ecfcf0 Exception <a 'java/lang/ClassNotFoundException'{0x00000000eac0e2a8}: sun/net/www/protocol/jdt/Handler> (0x00000000eac0e2a8) 
thrown [s\src\hotspot\share\classfile\systemDictionary.cpp, line 312]
Event: 991.939 Thread 0x0000028bd0ecfcf0 Exception <a 'java/lang/ClassNotFoundException'{0x00000000eac10be0}: sun/net/www/protocol/jdt/Handler> (0x00000000eac10be0) 
thrown [s\src\hotspot\share\classfile\systemDictionary.cpp, line 312]
Event: 991.939 Thread 0x0000028bd0ecfcf0 Exception <a 'java/lang/ClassNotFoundException'{0x00000000eac134f0}: sun/net/www/protocol/jdt/Handler> (0x00000000eac134f0) 
thrown [s\src\hotspot\share\classfile\systemDictionary.cpp, line 312]
Event: 991.939 Thread 0x0000028bd0ecfcf0 Exception <a 'java/lang/ClassNotFoundException'{0x00000000eac15e38}: sun/net/www/protocol/jdt/Handler> (0x00000000eac15e38) 
thrown [s\src\hotspot\share\classfile\systemDictionary.cpp, line 312]
Event: 991.939 Thread 0x0000028bd0ecfcf0 Exception <a 'java/lang/ClassNotFoundException'{0x00000000eac18748}: sun/net/www/protocol/jdt/Handler> (0x00000000eac18748) 
thrown [s\src\hotspot\share\classfile\systemDictionary.cpp, line 312]
Event: 991.939 Thread 0x0000028bd0ecfcf0 Exception <a 'java/lang/ClassNotFoundException'{0x00000000eac1b058}: sun/net/www/protocol/jdt/Handler> (0x00000000eac1b058) 
thrown [s\src\hotspot\share\classfile\systemDictionary.cpp, line 312]
Event: 991.939 Thread 0x0000028bd0ecfcf0 Exception <a 'java/lang/ClassNotFoundException'{0x00000000eac1d9b0}: sun/net/www/protocol/jdt/Handler> (0x00000000eac1d9b0) 
thrown [s\src\hotspot\share\classfile\systemDictionary.cpp, line 312]
Event: 991.939 Thread 0x0000028bd0ecfcf0 Exception <a 'java/lang/ClassNotFoundException'{0x00000000eac202c0}: sun/net/www/protocol/jdt/Handler> (0x00000000eac202c0) 
thrown [s\src\hotspot\share\classfile\systemDictionary.cpp, line 312]
Event: 1059.228 Thread 0x0000028bd0583a00 Exception <a 'java/lang/ClassNotFoundException'{0x00000000eab5a0b8}: sun/net/www/protocol/jdt/Handler> (0x00000000eab5a0b8) 
thrown [s\src\hotspot\share\classfile\systemDictionary.cpp, line 312]
Event: 1064.012 Thread 0x0000028bfc40e990 Exception <a 'sun/nio/fs/WindowsException'{0x00000000eab2f7d0}> (0x00000000eab2f7d0) 
thrown [s\src\hotspot\share\prims\jni.cpp, line 520]
Event: 1064.133 Thread 0x0000028bfc40e990 Exception <a 'sun/nio/fs/WindowsException'{0x00000000ead5adf0}> (0x00000000ead5adf0) 
thrown [s\src\hotspot\share\prims\jni.cpp, line 520]
Event: 1067.995 Thread 0x0000028bfc40e990 Exception <a 'sun/nio/fs/WindowsException'{0x00000000eac85080}> (0x00000000eac85080) 
thrown [s\src\hotspot\share\prims\jni.cpp, line 520]
Event: 1068.110 Thread 0x0000028bfc40e990 Exception <a 'sun/nio/fs/WindowsException'{0x00000000eac20408}> (0x00000000eac20408) 
thrown [s\src\hotspot\share\prims\jni.cpp, line 520]

ZGC Phase Switch (0 events):
No events

VM Operations (20 events):
Event: 1067.671 Executing VM operation: ParallelGCFailedAllocation (Allocation Failure)
Event: 1067.672 Executing VM operation: ParallelGCFailedAllocation (Allocation Failure) done
Event: 1068.003 Executing VM operation: ParallelGCFailedAllocation (Allocation Failure)
Event: 1068.005 Executing VM operation: ParallelGCFailedAllocation (Allocation Failure) done
Event: 1068.010 Executing VM operation: ParallelGCFailedAllocation (Allocation Failure)
Event: 1068.013 Executing VM operation: ParallelGCFailedAllocation (Allocation Failure) done
Event: 1068.020 Executing VM operation: ParallelGCFailedAllocation (Allocation Failure)
Event: 1068.025 Executing VM operation: ParallelGCFailedAllocation (Allocation Failure) done
Event: 1068.050 Executing VM operation: ParallelGCFailedAllocation (Allocation Failure)
Event: 1068.054 Executing VM operation: ParallelGCFailedAllocation (Allocation Failure) done
Event: 1068.064 Executing VM operation: ParallelGCFailedAllocation (Allocation Failure)
Event: 1068.067 Executing VM operation: ParallelGCFailedAllocation (Allocation Failure) done
Event: 1068.081 Executing VM operation: ParallelGCFailedAllocation (Allocation Failure)
Event: 1068.085 Executing VM operation: ParallelGCFailedAllocation (Allocation Failure) done
Event: 1068.114 Executing VM operation: ParallelGCFailedAllocation (Allocation Failure)
Event: 1068.116 Executing VM operation: ParallelGCFailedAllocation (Allocation Failure) done
Event: 1068.251 Executing VM operation: ParallelGCFailedAllocation (Allocation Failure)
Event: 1068.254 Executing VM operation: ParallelGCFailedAllocation (Allocation Failure) done
Event: 1068.389 Executing VM operation: ParallelGCFailedAllocation (Allocation Failure)
Event: 1068.391 Executing VM operation: ParallelGCFailedAllocation (Allocation Failure) done

Memory protections (0 events):
No events

Nmethod flushes (20 events):
Event: 823.015 Thread 0x0000028bee077ed0 flushing  nmethod 0x0000028b82860190
Event: 823.015 Thread 0x0000028bee077ed0 flushing  nmethod 0x0000028b82863c90
Event: 823.015 Thread 0x0000028bee077ed0 flushing  nmethod 0x0000028b82868190
Event: 823.015 Thread 0x0000028bee077ed0 flushing  nmethod 0x0000028b8287a890
Event: 823.015 Thread 0x0000028bee077ed0 flushing  nmethod 0x0000028b82899410
Event: 823.015 Thread 0x0000028bee077ed0 flushing osr nmethod 0x0000028b828b3e10
Event: 823.015 Thread 0x0000028bee077ed0 flushing  nmethod 0x0000028b828d4f10
Event: 823.015 Thread 0x0000028bee077ed0 flushing  nmethod 0x0000028b828ed010
Event: 823.015 Thread 0x0000028bee077ed0 flushing  nmethod 0x0000028b828eed10
Event: 823.015 Thread 0x0000028bee077ed0 flushing  nmethod 0x0000028b828ef490
Event: 823.015 Thread 0x0000028bee077ed0 flushing  nmethod 0x0000028b828fea10
Event: 823.015 Thread 0x0000028bee077ed0 flushing  nmethod 0x0000028b82904f90
Event: 823.015 Thread 0x0000028bee077ed0 flushing  nmethod 0x0000028b82909a10
Event: 823.015 Thread 0x0000028bee077ed0 flushing  nmethod 0x0000028b8290b410
Event: 823.015 Thread 0x0000028bee077ed0 flushing  nmethod 0x0000028b82919a90
Event: 823.015 Thread 0x0000028bee077ed0 flushing  nmethod 0x0000028b82947390
Event: 823.015 Thread 0x0000028bee077ed0 flushing  nmethod 0x0000028b82953610
Event: 823.015 Thread 0x0000028bee077ed0 flushing  nmethod 0x0000028b8298ae90
Event: 823.015 Thread 0x0000028bee077ed0 flushing  nmethod 0x0000028b82a66790
Event: 823.015 Thread 0x0000028bee077ed0 flushing  nmethod 0x0000028b82c26f90

Events (20 events):
Event: 825.853 Thread 0x0000028bd0c71ba0 Thread exited: 0x0000028bd0c71ba0
Event: 854.118 Thread 0x0000028bf58fbf60 Thread added: 0x0000028bfda9f7e0
Event: 854.408 Thread 0x0000028bfda9f7e0 Thread exited: 0x0000028bfda9f7e0
Event: 858.261 Thread 0x0000028bf58fbf60 Thread added: 0x0000028bfda9f7e0
Event: 859.808 Thread 0x0000028bfda9f7e0 Thread exited: 0x0000028bfda9f7e0
Event: 860.582 Thread 0x0000028bf72dbb70 Thread added: 0x0000028bfda9f7e0
Event: 860.978 Thread 0x0000028bfda9f7e0 Thread exited: 0x0000028bfda9f7e0
Event: 916.036 Thread 0x0000028bd0057270 Thread added: 0x0000028bd0581930
Event: 918.994 Thread 0x0000028bd057f860 Thread exited: 0x0000028bd057f860
Event: 947.726 Thread 0x0000028bd0058620 Thread exited: 0x0000028bd0058620
Event: 976.055 Thread 0x0000028bd0057900 Thread exited: 0x0000028bd0057900
Event: 983.401 Thread 0x0000028bd0581930 Thread exited: 0x0000028bd0581930
Event: 983.417 Thread 0x0000028bd057de20 Thread exited: 0x0000028bd057de20
Event: 991.789 Thread 0x0000028bf58fbf60 Thread added: 0x0000028bfda9f7e0
Event: 994.479 Thread 0x0000028bfda9f7e0 Thread exited: 0x0000028bfda9f7e0
Event: 1000.442 Thread 0x0000028bd0057270 Thread exited: 0x0000028bd0057270
Event: 1022.014 Thread 0x0000028bd0057f90 Thread added: 0x0000028bd0581930
Event: 1022.014 Thread 0x0000028bd0581930 Thread exited: 0x0000028bd0581930
Event: 1064.089 Thread 0x0000028bd0057f90 Thread added: 0x0000028bd057f860
Event: 1067.963 Thread 0x0000028bd0057f90 Thread added: 0x0000028bd0583370


Dynamic libraries:
0x00007ff720e30000 - 0x00007ff720e3e000 	c:\Users\ankik\.vscode\extensions\redhat.java-1.41.1-win32-x64\jre\21.0.6-win32-x86_64\bin\java.exe
0x00007ffddf640000 - 0x00007ffddf8a6000 	C:\WINDOWS\SYSTEM32\ntdll.dll
0x00007ffddeb30000 - 0x00007ffddebf9000 	C:\WINDOWS\System32\KERNEL32.DLL
0x00007ffddcb40000 - 0x00007ffddcf0c000 	C:\WINDOWS\System32\KERNELBASE.dll
0x00007ffddc930000 - 0x00007ffddca7b000 	C:\WINDOWS\System32\ucrtbase.dll
0x00007ffdc72e0000 - 0x00007ffdc72f8000 	c:\Users\ankik\.vscode\extensions\redhat.java-1.41.1-win32-x64\jre\21.0.6-win32-x86_64\bin\jli.dll
0x00007ffddf1c0000 - 0x00007ffddf38a000 	C:\WINDOWS\System32\USER32.dll
0x00007ffddc860000 - 0x00007ffddc887000 	C:\WINDOWS\System32\win32u.dll
0x00007ffdc7270000 - 0x00007ffdc728e000 	c:\Users\ankik\.vscode\extensions\redhat.java-1.41.1-win32-x64\jre\21.0.6-win32-x86_64\bin\VCRUNTIME140.dll
0x00007ffddf480000 - 0x00007ffddf4ab000 	C:\WINDOWS\System32\GDI32.dll
0x00007ffddcf10000 - 0x00007ffddd042000 	C:\WINDOWS\System32\gdi32full.dll
0x00007ffddd1d0000 - 0x00007ffddd273000 	C:\WINDOWS\System32\msvcp_win.dll
0x00007ffdc46b0000 - 0x00007ffdc494a000 	C:\WINDOWS\WinSxS\amd64_microsoft.windows.common-controls_6595b64144ccf1df_6.0.26100.3912_none_3e07963ce335137e\COMCTL32.dll
0x00007ffddf3a0000 - 0x00007ffddf449000 	C:\WINDOWS\System32\msvcrt.dll
0x00007ffdde2c0000 - 0x00007ffdde2f0000 	C:\WINDOWS\System32\IMM32.DLL
0x00007ffdd20f0000 - 0x00007ffdd20fc000 	c:\Users\ankik\.vscode\extensions\redhat.java-1.41.1-win32-x64\jre\21.0.6-win32-x86_64\bin\vcruntime140_1.dll
0x00007ffdb1a40000 - 0x00007ffdb1acd000 	c:\Users\ankik\.vscode\extensions\redhat.java-1.41.1-win32-x64\jre\21.0.6-win32-x86_64\bin\msvcp140.dll
0x00007ffd7b100000 - 0x00007ffd7be90000 	c:\Users\ankik\.vscode\extensions\redhat.java-1.41.1-win32-x64\jre\21.0.6-win32-x86_64\bin\server\jvm.dll
0x00007ffddf540000 - 0x00007ffddf5f2000 	C:\WINDOWS\System32\ADVAPI32.dll
0x00007ffdde050000 - 0x00007ffdde0f6000 	C:\WINDOWS\System32\sechost.dll
0x00007ffddee60000 - 0x00007ffddef76000 	C:\WINDOWS\System32\RPCRT4.dll
0x00007ffdde100000 - 0x00007ffdde174000 	C:\WINDOWS\System32\WS2_32.dll
0x00007ffddc0a0000 - 0x00007ffddc0fe000 	C:\WINDOWS\SYSTEM32\POWRPROF.dll
0x00007ffdd0d80000 - 0x00007ffdd0d8b000 	C:\WINDOWS\SYSTEM32\VERSION.dll
0x00007ffdc4a90000 - 0x00007ffdc4ac6000 	C:\WINDOWS\SYSTEM32\WINMM.dll
0x00007ffddc080000 - 0x00007ffddc094000 	C:\WINDOWS\SYSTEM32\UMPDC.dll
0x00007ffddb570000 - 0x00007ffddb58a000 	C:\WINDOWS\SYSTEM32\kernel.appcore.dll
0x00007ffdd10f0000 - 0x00007ffdd10fa000 	c:\Users\ankik\.vscode\extensions\redhat.java-1.41.1-win32-x64\jre\21.0.6-win32-x86_64\bin\jimage.dll
0x00007ffdda0d0000 - 0x00007ffdda311000 	C:\WINDOWS\SYSTEM32\DBGHELP.DLL
0x00007ffddd780000 - 0x00007ffdddb04000 	C:\WINDOWS\System32\combase.dll
0x00007ffdded70000 - 0x00007ffddee50000 	C:\WINDOWS\System32\OLEAUT32.dll
0x00007ffdb54a0000 - 0x00007ffdb54d9000 	C:\WINDOWS\SYSTEM32\dbgcore.DLL
0x00007ffddc890000 - 0x00007ffddc929000 	C:\WINDOWS\System32\bcryptPrimitives.dll
0x00007ffdc9cb0000 - 0x00007ffdc9cbf000 	c:\Users\ankik\.vscode\extensions\redhat.java-1.41.1-win32-x64\jre\21.0.6-win32-x86_64\bin\instrument.dll
0x00007ffdc6310000 - 0x00007ffdc632f000 	c:\Users\ankik\.vscode\extensions\redhat.java-1.41.1-win32-x64\jre\21.0.6-win32-x86_64\bin\java.dll
0x00007ffdde380000 - 0x00007ffddeaad000 	C:\WINDOWS\System32\SHELL32.dll
0x00007ffddd050000 - 0x00007ffddd1c4000 	C:\WINDOWS\System32\wintypes.dll
0x00007ffdda400000 - 0x00007ffddac56000 	C:\WINDOWS\SYSTEM32\windows.storage.dll
0x00007ffddec70000 - 0x00007ffdded5f000 	C:\WINDOWS\System32\SHCORE.dll
0x00007ffddec00000 - 0x00007ffddec69000 	C:\WINDOWS\System32\shlwapi.dll
0x00007ffddc6e0000 - 0x00007ffddc70f000 	C:\WINDOWS\SYSTEM32\profapi.dll
0x00007ffdc6090000 - 0x00007ffdc60a8000 	c:\Users\ankik\.vscode\extensions\redhat.java-1.41.1-win32-x64\jre\21.0.6-win32-x86_64\bin\zip.dll
0x00007ffdc9a60000 - 0x00007ffdc9a70000 	C:\Users\ankik\.vscode\extensions\redhat.java-1.41.1-win32-x64\jre\21.0.6-win32-x86_64\bin\net.dll
0x00007ffdd25e0000 - 0x00007ffdd26fe000 	C:\WINDOWS\SYSTEM32\WINHTTP.dll
0x00007ffddbb00000 - 0x00007ffddbb6a000 	C:\WINDOWS\system32\mswsock.dll
0x00007ffdc4c20000 - 0x00007ffdc4c36000 	C:\Users\ankik\.vscode\extensions\redhat.java-1.41.1-win32-x64\jre\21.0.6-win32-x86_64\bin\nio.dll
0x00007ffdc98b0000 - 0x00007ffdc98c0000 	c:\Users\ankik\.vscode\extensions\redhat.java-1.41.1-win32-x64\jre\21.0.6-win32-x86_64\bin\verify.dll
0x00007ffdbe530000 - 0x00007ffdbe575000 	C:\Users\ankik\AppData\Roaming\Code\User\globalStorage\redhat.java\1.41.1\config_win\org.eclipse.equinox.launcher\org.eclipse.equinox.launcher.win32.win32.x86_64_1.2.1300.v20250331-1702\eclipse_11911.dll
0x00007ffddd460000 - 0x00007ffddd5ff000 	C:\WINDOWS\System32\ole32.dll
0x00007ffddbda0000 - 0x00007ffddbdbc000 	C:\WINDOWS\SYSTEM32\CRYPTSP.dll
0x00007ffddb4d0000 - 0x00007ffddb50a000 	C:\WINDOWS\system32\rsaenh.dll
0x00007ffddbba0000 - 0x00007ffddbbcb000 	C:\WINDOWS\SYSTEM32\USERENV.dll
0x00007ffddc6b0000 - 0x00007ffddc6d6000 	C:\WINDOWS\SYSTEM32\bcrypt.dll
0x00007ffddbdc0000 - 0x00007ffddbdcc000 	C:\WINDOWS\SYSTEM32\CRYPTBASE.dll
0x00007ffddaf80000 - 0x00007ffddafb3000 	C:\WINDOWS\SYSTEM32\IPHLPAPI.DLL
0x00007ffddef80000 - 0x00007ffddef8a000 	C:\WINDOWS\System32\NSI.dll
0x00007ffdbd980000 - 0x00007ffdbd9c9000 	C:\Users\ankik\AppData\Local\Temp\jna-92964736\jna14387109890664947824.dll
0x00007ffdde2b0000 - 0x00007ffdde2b8000 	C:\WINDOWS\System32\PSAPI.DLL
0x00007ffdd37d0000 - 0x00007ffdd37ef000 	C:\WINDOWS\SYSTEM32\dhcpcsvc6.DLL
0x00007ffdd3720000 - 0x00007ffdd3745000 	C:\WINDOWS\SYSTEM32\dhcpcsvc.DLL
0x00007ffdd6bb0000 - 0x00007ffdd6bbe000 	C:\Users\ankik\.vscode\extensions\redhat.java-1.41.1-win32-x64\jre\21.0.6-win32-x86_64\bin\sunmscapi.dll
0x00007ffddd280000 - 0x00007ffddd3f7000 	C:\WINDOWS\System32\CRYPT32.dll
0x00007ffddc040000 - 0x00007ffddc070000 	C:\WINDOWS\SYSTEM32\ncrypt.dll
0x00007ffddbff0000 - 0x00007ffddc02f000 	C:\WINDOWS\SYSTEM32\NTASN1.dll
0x00007ffddafc0000 - 0x00007ffddb0e7000 	C:\WINDOWS\SYSTEM32\DNSAPI.dll
0x00007ffdd3710000 - 0x00007ffdd371b000 	C:\Windows\System32\rasadhlp.dll
0x00007ffdd3ba0000 - 0x00007ffdd3c26000 	C:\WINDOWS\System32\fwpuclnt.dll
0x00007ffdd6b70000 - 0x00007ffdd6b79000 	C:\Users\ankik\.vscode\extensions\redhat.java-1.41.1-win32-x64\jre\21.0.6-win32-x86_64\bin\extnet.dll

dbghelp: loaded successfully - version: 4.0.5 - missing functions: none
symbol engine: initialized successfully - sym options: 0x614 - pdb path: .;c:\Users\ankik\.vscode\extensions\redhat.java-1.41.1-win32-x64\jre\21.0.6-win32-x86_64\bin;C:\WINDOWS\SYSTEM32;C:\WINDOWS\WinSxS\amd64_microsoft.windows.common-controls_6595b64144ccf1df_6.0.26100.3912_none_3e07963ce335137e;c:\Users\ankik\.vscode\extensions\redhat.java-1.41.1-win32-x64\jre\21.0.6-win32-x86_64\bin\server;C:\Users\ankik\AppData\Roaming\Code\User\globalStorage\redhat.java\1.41.1\config_win\org.eclipse.equinox.launcher\org.eclipse.equinox.launcher.win32.win32.x86_64_1.2.1300.v20250331-1702;C:\Users\ankik\AppData\Local\Temp\jna-92964736

VM Arguments:
jvm_args: --add-modules=ALL-SYSTEM --add-opens=java.base/java.util=ALL-UNNAMED --add-opens=java.base/java.lang=ALL-UNNAMED --add-opens=java.base/sun.nio.fs=ALL-UNNAMED -Declipse.application=org.eclipse.jdt.ls.core.id1 -Dosgi.bundles.defaultStartLevel=4 -Declipse.product=org.eclipse.jdt.ls.core.product -Djava.import.generatesMetadataFilesAtProjectRoot=false -DDetectVMInstallationsJob.disabled=true -Dfile.encoding=utf8 -XX:+UseParallelGC -XX:GCTimeRatio=4 -XX:AdaptiveSizePolicyWeight=90 -Dsun.zip.disableMemoryMapping=true -Xmx1G -Xms100m -Xlog:disable -javaagent:c:\Users\ankik\.vscode\extensions\redhat.java-1.41.1-win32-x64\lombok\lombok-1.18.36.jar -XX:+HeapDumpOnOutOfMemoryError -XX:HeapDumpPath=c:\Users\ankik\AppData\Roaming\Code\User\workspaceStorage\9961edf7579b5d0fc1c44e751a7c1207\redhat.java -Daether.dependencyCollector.impl=bf 
java_command: c:\Users\ankik\.vscode\extensions\redhat.java-1.41.1-win32-x64\server\plugins\org.eclipse.equinox.launcher_1.7.0.v20250331-1702.jar -configuration c:\Users\ankik\AppData\Roaming\Code\User\globalStorage\redhat.java\1.41.1\config_win -data c:\Users\ankik\AppData\Roaming\Code\User\workspaceStorage\9961edf7579b5d0fc1c44e751a7c1207\redhat.java\jdt_ws --pipe=\\.\pipe\lsp-ff351a5d63edba997f924dcdb81d9994-sock
java_class_path (initial): c:\Users\ankik\.vscode\extensions\redhat.java-1.41.1-win32-x64\server\plugins\org.eclipse.equinox.launcher_1.7.0.v20250331-1702.jar
Launcher Type: SUN_STANDARD

[Global flags]
    uintx AdaptiveSizePolicyWeight                 = 90                                        {product} {command line}
     intx CICompilerCount                          = 4                                         {product} {ergonomic}
    uintx GCTimeRatio                              = 4                                         {product} {command line}
     bool HeapDumpOnOutOfMemoryError               = true                                   {manageable} {command line}
    ccstr HeapDumpPath                             = c:\Users\ankik\AppData\Roaming\Code\User\workspaceStorage\9961edf7579b5d0fc1c44e751a7c1207\redhat.java         {manageable} {command line}
   size_t InitialHeapSize                          = 104857600                                 {product} {command line}
   size_t MaxHeapSize                              = 1073741824                                {product} {command line}
   size_t MaxNewSize                               = 357564416                                 {product} {ergonomic}
   size_t MinHeapDeltaBytes                        = 524288                                    {product} {ergonomic}
   size_t MinHeapSize                              = 104857600                                 {product} {command line}
   size_t NewSize                                  = 34603008                                  {product} {ergonomic}
    uintx NonNMethodCodeHeapSize                   = 5839372                                {pd product} {ergonomic}
    uintx NonProfiledCodeHeapSize                  = 122909434                              {pd product} {ergonomic}
   size_t OldSize                                  = 70254592                                  {product} {ergonomic}
    uintx ProfiledCodeHeapSize                     = 122909434                              {pd product} {ergonomic}
    uintx ReservedCodeCacheSize                    = 251658240                              {pd product} {ergonomic}
     bool SegmentedCodeCache                       = true                                      {product} {ergonomic}
   size_t SoftMaxHeapSize                          = 1073741824                             {manageable} {ergonomic}
     bool UseCompressedOops                        = true                           {product lp64_product} {ergonomic}
     bool UseLargePagesIndividualAllocation        = false                                  {pd product} {ergonomic}
     bool UseParallelGC                            = true                                      {product} {command line}

Logging:
Log output configuration:
 #0: stdout all=off uptime,level,tags foldmultilines=false
 #1: stderr all=off uptime,level,tags foldmultilines=false

Environment Variables:
PATH=C:\WINDOWS\system32;C:\WINDOWS;C:\WINDOWS\System32\Wbem;C:\WINDOWS\System32\WindowsPowerShell\v1.0\;C:\WINDOWS\System32\OpenSSH\;C:\Program Files\dotnet\;C:\Program Files\Git\cmd;C:\Users\ankik\AppData\Local\Microsoft\WindowsApps;C:\Users\ankik\AppData\Local\Programs\Microsoft VS Code\bin;C:\Users\ankik\AppData\Local\GitHubDesktop\bin
USERNAME=ankik
OS=Windows_NT
PROCESSOR_IDENTIFIER=Intel64 Family 6 Model 140 Stepping 1, GenuineIntel
TMP=C:\Users\ankik\AppData\Local\Temp
TEMP=C:\Users\ankik\AppData\Local\Temp




Periodic native trim disabled

---------------  S Y S T E M  ---------------

OS:
 Windows 11 , 64 bit Build 26100 (10.0.26100.3912)
OS uptime: 15 days 21:04 hours
Hyper-V role detected

CPU: total 8 (initial active 8) (4 cores per cpu, 2 threads per core) family 6 model 140 stepping 1 microcode 0x8a, cx8, cmov, fxsr, ht, mmx, 3dnowpref, sse, sse2, sse3, ssse3, sse4.1, sse4.2, popcnt, lzcnt, tsc, tscinvbit, avx, avx2, aes, erms, clmul, bmi1, bmi2, adx, avx512f, avx512dq, avx512cd, avx512bw, avx512vl, sha, fma, vzeroupper, avx512_vpopcntdq, avx512_vpclmulqdq, avx512_vaes, avx512_vnni, clflush, clflushopt, clwb, avx512_vbmi2, avx512_vbmi, hv, rdtscp, rdpid, fsrm, gfni, avx512_bitalg, f16c, cet_ibt, cet_ss, avx512_ifma
Processor Information for the first 8 processors :
  Max Mhz: 2419, Current Mhz: 2419, Mhz Limit: 2419

Memory: 4k page, system-wide physical 7971M (807M free)
TotalPageFile size 10971M (AvailPageFile size 16M)
current process WorkingSet (physical memory assigned to process): 784M, peak: 1058M
current process commit charge ("private bytes"): 762M, peak: 1024M

vm_info: OpenJDK 64-Bit Server VM (21.0.6+7-LTS) for windows-amd64 JRE (21.0.6+7-LTS), built on 2025-01-21T00:00:00Z by "admin" with MS VC++ 17.7 (VS2022)

END.
