#
# There is insufficient memory for the Java Runtime Environment to continue.
# Native memory allocation (malloc) failed to allocate 2336240 bytes. Error detail: Chunk::new
# Possible reasons:
#   The system is out of physical RAM or swap space
#   This process is running with CompressedOops enabled, and the Java Heap may be blocking the growth of the native heap
# Possible solutions:
#   Reduce memory load on the system
#   Increase physical memory or swap space
#   Check if swap backing store is full
#   Decrease Java heap size (-Xmx/-Xms)
#   Decrease number of Java threads
#   Decrease Java thread stack sizes (-Xss)
#   Set larger code cache with -XX:ReservedCodeCacheSize=
#   JVM is running with Unscaled Compressed Oops mode in which the Java heap is
#     placed in the first 4GB address space. The Java Heap base address is the
#     maximum limit for the native heap growth. Please use -XX:HeapBaseMinAddress
#     to set the Java Heap base and to place the Java Heap above 4GB virtual address.
# This output file may be truncated or incomplete.
#
#  Out of Memory Error (arena.cpp:168), pid=5068, tid=16364
#
# JRE version: OpenJDK Runtime Environment Temurin-21.0.6+7 (21.0.6+7) (build 21.0.6+7-LTS)
# Java VM: OpenJDK 64-Bit Server VM Temurin-21.0.6+7 (21.0.6+7-LTS, mixed mode, sharing, tiered, compressed oops, compressed class ptrs, parallel gc, windows-amd64)
# No core dump will be written. Minidumps are not enabled by default on client versions of Windows
#

---------------  S U M M A R Y ------------

Command Line: --add-modules=ALL-SYSTEM --add-opens=java.base/java.util=ALL-UNNAMED --add-opens=java.base/java.lang=ALL-UNNAMED --add-opens=java.base/sun.nio.fs=ALL-UNNAMED -Declipse.application=org.eclipse.jdt.ls.core.id1 -Dosgi.bundles.defaultStartLevel=4 -Declipse.product=org.eclipse.jdt.ls.core.product -Djava.import.generatesMetadataFilesAtProjectRoot=false -DDetectVMInstallationsJob.disabled=true -Dfile.encoding=utf8 -XX:+UseParallelGC -XX:GCTimeRatio=4 -XX:AdaptiveSizePolicyWeight=90 -Dsun.zip.disableMemoryMapping=true -Xmx1G -Xms100m -Xlog:disable -javaagent:c:\Users\ankik\.vscode\extensions\redhat.java-1.41.1-win32-x64\lombok\lombok-1.18.36.jar -XX:+HeapDumpOnOutOfMemoryError -XX:HeapDumpPath=c:\Users\ankik\AppData\Roaming\Code\User\workspaceStorage\9961edf7579b5d0fc1c44e751a7c1207\redhat.java -Daether.dependencyCollector.impl=bf c:\Users\ankik\.vscode\extensions\redhat.java-1.41.1-win32-x64\server\plugins\org.eclipse.equinox.launcher_1.7.0.v20250331-1702.jar -configuration c:\Users\ankik\AppData\Roaming\Code\User\globalStorage\redhat.java\1.41.1\config_win -data c:\Users\ankik\AppData\Roaming\Code\User\workspaceStorage\9961edf7579b5d0fc1c44e751a7c1207\redhat.java\jdt_ws --pipe=\\.\pipe\lsp-fdfac252dd9304782330acf670b8f6ec-sock

Host: 11th Gen Intel(R) Core(TM) i5-1135G7 @ 2.40GHz, 8 cores, 7G,  Windows 11 , 64 bit Build 26100 (10.0.26100.3912)
Time: Tue May 13 15:25:20 2025 India Standard Time elapsed time: 6.754133 seconds (0d 0h 0m 6s)

---------------  T H R E A D  ---------------

Current thread (0x000002ac952485c0):  JavaThread "C2 CompilerThread1" daemon [_thread_in_native, id=16364, stack(0x000000dc75400000,0x000000dc75500000) (1024K)]


Current CompileTask:
C2:6754 3973       4       org.lombokweb.asm.ClassReader::readMethod (1070 bytes)

Stack: [0x000000dc75400000,0x000000dc75500000]
Native frames: (J=compiled Java code, j=interpreted, Vv=VM code, C=native code)
V  [jvm.dll+0x6cdee9]
V  [jvm.dll+0x8a83d1]
V  [jvm.dll+0x8aa8fe]
V  [jvm.dll+0x8aafe3]
V  [jvm.dll+0x27f706]
V  [jvm.dll+0xc500d]
V  [jvm.dll+0xc5543]
V  [jvm.dll+0x3b678c]
V  [jvm.dll+0x1e0009]
V  [jvm.dll+0x247b42]
V  [jvm.dll+0x246fcf]
V  [jvm.dll+0x1c75ee]
V  [jvm.dll+0x25685a]
V  [jvm.dll+0x254dfa]
V  [jvm.dll+0x3f0256]
V  [jvm.dll+0x851f8b]
V  [jvm.dll+0x6cc5ed]
C  [ucrtbase.dll+0x37b0]
C  [KERNEL32.DLL+0x2e8d7]
C  [ntdll.dll+0x9c5dc]


---------------  P R O C E S S  ---------------

Threads class SMR info:
_java_thread_list=0x000002ac9770eda0, length=41, elements={
0x000002ac39477ac0, 0x000002ac4d82beb0, 0x000002ac4d82e890, 0x000002ac4d8327e0,
0x000002ac4d8363a0, 0x000002ac4d834ff0, 0x000002ac4d835680, 0x000002ac4d849240,
0x000002ac4d856a60, 0x000002ac4d835d10, 0x000002ac4d8335b0, 0x000002ac4d834960,
0x000002ac4d836a30, 0x000002ac4d833c40, 0x000002ac4d8342d0, 0x000002ac9572a9d0,
0x000002ac9572b060, 0x000002ac9572b6f0, 0x000002ac9572bd80, 0x000002ac9572c410,
0x000002ac9572caa0, 0x000002ac95729620, 0x000002ac952485c0, 0x000002ac9572d130,
0x000002ac95249360, 0x000002ac95729cb0, 0x000002ac9572d7c0, 0x000002ac9572a340,
0x000002ac957305b0, 0x000002ac9572de50, 0x000002ac95730c40, 0x000002ac9572e4e0,
0x000002ac9572eb70, 0x000002ac9572f200, 0x000002ac9572ff20, 0x000002ac9572f890,
0x000002ac97d0e370, 0x000002ac97d0dce0, 0x000002ac97d0c2a0, 0x000002ac97d0bc10,
0x000002ac97d0c930
}

Java Threads: ( => current thread )
  0x000002ac39477ac0 JavaThread "main"                              [_thread_blocked, id=17324, stack(0x000000dc73400000,0x000000dc73500000) (1024K)]
  0x000002ac4d82beb0 JavaThread "Reference Handler"          daemon [_thread_blocked, id=21240, stack(0x000000dc73800000,0x000000dc73900000) (1024K)]
  0x000002ac4d82e890 JavaThread "Finalizer"                  daemon [_thread_blocked, id=21780, stack(0x000000dc73900000,0x000000dc73a00000) (1024K)]
  0x000002ac4d8327e0 JavaThread "Signal Dispatcher"          daemon [_thread_blocked, id=9556, stack(0x000000dc73a00000,0x000000dc73b00000) (1024K)]
  0x000002ac4d8363a0 JavaThread "Attach Listener"            daemon [_thread_blocked, id=5088, stack(0x000000dc73b00000,0x000000dc73c00000) (1024K)]
  0x000002ac4d834ff0 JavaThread "Service Thread"             daemon [_thread_blocked, id=9508, stack(0x000000dc73c00000,0x000000dc73d00000) (1024K)]
  0x000002ac4d835680 JavaThread "Monitor Deflation Thread"   daemon [_thread_blocked, id=16916, stack(0x000000dc73d00000,0x000000dc73e00000) (1024K)]
  0x000002ac4d849240 JavaThread "C2 CompilerThread0"         daemon [_thread_blocked, id=4852, stack(0x000000dc73e00000,0x000000dc73f00000) (1024K)]
  0x000002ac4d856a60 JavaThread "C1 CompilerThread0"         daemon [_thread_blocked, id=6284, stack(0x000000dc73f00000,0x000000dc74000000) (1024K)]
  0x000002ac4d835d10 JavaThread "Common-Cleaner"             daemon [_thread_blocked, id=7588, stack(0x000000dc74000000,0x000000dc74100000) (1024K)]
  0x000002ac4d8335b0 JavaThread "Notification Thread"        daemon [_thread_blocked, id=13512, stack(0x000000dc74200000,0x000000dc74300000) (1024K)]
  0x000002ac4d834960 JavaThread "Active Thread: Equinox Container: 067d2fac-ffe5-479d-baaf-9231f14e83ed"        [_thread_blocked, id=1784, stack(0x000000dc74a00000,0x000000dc74b00000) (1024K)]
  0x000002ac4d836a30 JavaThread "Refresh Thread: Equinox Container: 067d2fac-ffe5-479d-baaf-9231f14e83ed" daemon [_thread_blocked, id=14988, stack(0x000000dc74b00000,0x000000dc74c00000) (1024K)]
  0x000002ac4d833c40 JavaThread "Framework Event Dispatcher: Equinox Container: 067d2fac-ffe5-479d-baaf-9231f14e83ed" daemon [_thread_blocked, id=8232, stack(0x000000dc74d00000,0x000000dc74e00000) (1024K)]
  0x000002ac4d8342d0 JavaThread "Start Level: Equinox Container: 067d2fac-ffe5-479d-baaf-9231f14e83ed" daemon [_thread_blocked, id=532, stack(0x000000dc74300000,0x000000dc74400000) (1024K)]
  0x000002ac9572a9d0 JavaThread "Bundle File Closer"         daemon [_thread_blocked, id=9700, stack(0x000000dc74f00000,0x000000dc75000000) (1024K)]
  0x000002ac9572b060 JavaThread "SCR Component Actor"        daemon [_thread_blocked, id=10072, stack(0x000000dc75000000,0x000000dc75100000) (1024K)]
  0x000002ac9572b6f0 JavaThread "SCR Component Registry"     daemon [_thread_blocked, id=11616, stack(0x000000dc75100000,0x000000dc75200000) (1024K)]
  0x000002ac9572bd80 JavaThread "Worker-JM"                         [_thread_blocked, id=8044, stack(0x000000dc75200000,0x000000dc75300000) (1024K)]
  0x000002ac9572c410 JavaThread "JNA Cleaner"                daemon [_thread_blocked, id=7880, stack(0x000000dc74100000,0x000000dc74200000) (1024K)]
  0x000002ac9572caa0 JavaThread "Worker-0: Processing Java changes since last activation"        [_thread_blocked, id=16512, stack(0x000000dc74e00000,0x000000dc74f00000) (1024K)]
  0x000002ac95729620 JavaThread "Worker-1: Building"                [_thread_blocked, id=20524, stack(0x000000dc75300000,0x000000dc75400000) (1024K)]
=>0x000002ac952485c0 JavaThread "C2 CompilerThread1"         daemon [_thread_in_native, id=16364, stack(0x000000dc75400000,0x000000dc75500000) (1024K)]
  0x000002ac9572d130 JavaThread "Worker-2: Initialize After Load"        [_thread_blocked, id=14624, stack(0x000000dc75500000,0x000000dc75600000) (1024K)]
  0x000002ac95249360 JavaThread "C2 CompilerThread2"         daemon [_thread_blocked, id=9660, stack(0x000000dc75600000,0x000000dc75700000) (1024K)]
  0x000002ac95729cb0 JavaThread "Java indexing"              daemon [_thread_blocked, id=20356, stack(0x000000dc75700000,0x000000dc75800000) (1024K)]
  0x000002ac9572d7c0 JavaThread "Worker-3: Updating Maven Dependencies"        [_thread_blocked, id=11176, stack(0x000000dc75a00000,0x000000dc75b00000) (1024K)]
  0x000002ac9572a340 JavaThread "Worker-4: Repository registry initialization"        [_thread_blocked, id=11104, stack(0x000000dc75b00000,0x000000dc75c00000) (1024K)]
  0x000002ac957305b0 JavaThread "Worker-5: Loading available Gradle versions"        [_thread_blocked, id=4360, stack(0x000000dc75c00000,0x000000dc75d00000) (1024K)]
  0x000002ac9572de50 JavaThread "Worker-6"                          [_thread_blocked, id=17168, stack(0x000000dc75d00000,0x000000dc75e00000) (1024K)]
  0x000002ac95730c40 JavaThread "Worker-7"                          [_thread_blocked, id=19228, stack(0x000000dc75e00000,0x000000dc75f00000) (1024K)]
  0x000002ac9572e4e0 JavaThread "Thread-2"                   daemon [_thread_in_native, id=22224, stack(0x000000dc75f00000,0x000000dc76000000) (1024K)]
  0x000002ac9572eb70 JavaThread "Thread-3"                   daemon [_thread_in_native, id=2664, stack(0x000000dc76000000,0x000000dc76100000) (1024K)]
  0x000002ac9572f200 JavaThread "Thread-4"                   daemon [_thread_in_native, id=14008, stack(0x000000dc76100000,0x000000dc76200000) (1024K)]
  0x000002ac9572ff20 JavaThread "Thread-5"                   daemon [_thread_in_native, id=10396, stack(0x000000dc76200000,0x000000dc76300000) (1024K)]
  0x000002ac9572f890 JavaThread "Thread-6"                   daemon [_thread_in_native, id=20344, stack(0x000000dc76300000,0x000000dc76400000) (1024K)]
  0x000002ac97d0e370 JavaThread "Thread-7"                   daemon [_thread_in_native, id=13816, stack(0x000000dc76400000,0x000000dc76500000) (1024K)]
  0x000002ac97d0dce0 JavaThread "Thread-8"                   daemon [_thread_in_native, id=2416, stack(0x000000dc76500000,0x000000dc76600000) (1024K)]
  0x000002ac97d0c2a0 JavaThread "Thread-9"                   daemon [_thread_in_native, id=11872, stack(0x000000dc76600000,0x000000dc76700000) (1024K)]
  0x000002ac97d0bc10 JavaThread "Thread-10"                  daemon [_thread_in_native, id=17876, stack(0x000000dc76700000,0x000000dc76800000) (1024K)]
  0x000002ac97d0c930 JavaThread "pool-2-thread-1"                   [_thread_blocked, id=12216, stack(0x000000dc76800000,0x000000dc76900000) (1024K)]
Total: 41

Other Threads:
  0x000002ac4d8125e0 VMThread "VM Thread"                           [id=14028, stack(0x000000dc73700000,0x000000dc73800000) (1024K)]
  0x000002ac4d74c950 WatcherThread "VM Periodic Task Thread"        [id=12472, stack(0x000000dc73600000,0x000000dc73700000) (1024K)]
  0x000002ac39496fe0 WorkerThread "GC Thread#0"                     [id=8872, stack(0x000000dc73500000,0x000000dc73600000) (1024K)]
  0x000002ac90a4a670 WorkerThread "GC Thread#1"                     [id=17872, stack(0x000000dc74400000,0x000000dc74500000) (1024K)]
  0x000002ac90d0f520 WorkerThread "GC Thread#2"                     [id=5112, stack(0x000000dc74500000,0x000000dc74600000) (1024K)]
  0x000002ac90d0f8c0 WorkerThread "GC Thread#3"                     [id=5360, stack(0x000000dc74600000,0x000000dc74700000) (1024K)]
  0x000002ac90d0fc60 WorkerThread "GC Thread#4"                     [id=14240, stack(0x000000dc74700000,0x000000dc74800000) (1024K)]
  0x000002ac907d1340 WorkerThread "GC Thread#5"                     [id=21000, stack(0x000000dc74800000,0x000000dc74900000) (1024K)]
  0x000002ac907d16e0 WorkerThread "GC Thread#6"                     [id=13752, stack(0x000000dc74900000,0x000000dc74a00000) (1024K)]
  0x000002ac907fa4c0 WorkerThread "GC Thread#7"                     [id=10420, stack(0x000000dc74c00000,0x000000dc74d00000) (1024K)]
Total: 10

Threads with active compile tasks:
C2 CompilerThread0  6779 4696       4       org.eclipse.osgi.internal.loader.classpath.ClasspathEntry::findEntry (56 bytes)
C1 CompilerThread0  6779 4762       3       org.eclipse.jdt.internal.core.util.WeakHashSet::addValue (99 bytes)
C2 CompilerThread1  6779 3973       4       org.lombokweb.asm.ClassReader::readMethod (1070 bytes)
C2 CompilerThread2  6780 4674       4       jdk.internal.jimage.ImageLocation::getFullName (109 bytes)
Total: 4

VM state: at safepoint (normal execution)

VM Mutex/Monitor currently owned by a thread:  ([mutex/lock_event])
[0x00007ffd7e61e380] Threads_lock - owner thread: 0x000002ac4d8125e0
[0x00007ffd7e61e480] Heap_lock - owner thread: 0x000002ac957305b0

Heap address: 0x00000000c0000000, size: 1024 MB, Compressed Oops mode: 32-bit

CDS archive(s) mapped at: [0x000002ac4e000000-0x000002ac4eba0000-0x000002ac4eba0000), size 12189696, SharedBaseAddress: 0x000002ac4e000000, ArchiveRelocationMode: 1.
Compressed class space mapped at: 0x000002ac4f000000-0x000002ac8f000000, reserved size: 1073741824
Narrow klass base: 0x000002ac4e000000, Narrow klass shift: 0, Narrow klass range: 0x100000000

GC Precious Log:
 CardTable entry size: 512
 CPUs: 8 total, 8 available
 Memory: 7971M
 Large Page Support: Disabled
 NUMA Support: Disabled
 Compressed Oops: Enabled (32-bit)
 Alignments: Space 512K, Generation 512K, Heap 2M
 Heap Min Capacity: 100M
 Heap Initial Capacity: 100M
 Heap Max Capacity: 1G
 Pre-touch: Disabled
 Parallel Workers: 8

Heap:
 PSYoungGen      total 23040K, used 1016K [0x00000000eab00000, 0x00000000ec580000, 0x0000000100000000)
  eden space 22016K, 0% used [0x00000000eab00000,0x00000000eab00000,0x00000000ec080000)
  from space 1024K, 99% used [0x00000000ec480000,0x00000000ec57e200,0x00000000ec580000)
  to   space 2048K, 0% used [0x00000000ec280000,0x00000000ec280000,0x00000000ec480000)
 ParOldGen       total 68608K, used 22082K [0x00000000c0000000, 0x00000000c4300000, 0x00000000eab00000)
  object space 68608K, 32% used [0x00000000c0000000,0x00000000c1590ba0,0x00000000c4300000)
 Metaspace       used 34778K, committed 35840K, reserved 1114112K
  class space    used 3419K, committed 3904K, reserved 1048576K

Card table byte_map: [0x000002ac38e20000,0x000002ac39030000] _byte_map_base: 0x000002ac38820000

Marking Bits: (ParMarkBitMap*) 0x00007ffd7e623260
 Begin Bits: [0x000002ac4b670000, 0x000002ac4c670000)
 End Bits:   [0x000002ac4c670000, 0x000002ac4d670000)

Polling page: 0x000002ac37270000

Metaspace:

Usage:
  Non-class:     30.62 MB used.
      Class:      3.34 MB used.
       Both:     33.96 MB used.

Virtual space:
  Non-class space:       64.00 MB reserved,      31.19 MB ( 49%) committed,  1 nodes.
      Class space:        1.00 GB reserved,       3.81 MB ( <1%) committed,  1 nodes.
             Both:        1.06 GB reserved,      35.00 MB (  3%) committed. 

Chunk freelists:
   Non-Class:  832.00 KB
       Class:  12.17 MB
        Both:  12.98 MB

MaxMetaspaceSize: unlimited
CompressedClassSpaceSize: 1.00 GB
Initial GC threshold: 21.00 MB
Current GC threshold: 35.00 MB
CDS: on
 - commit_granule_bytes: 65536.
 - commit_granule_words: 8192.
 - virtual_space_node_default_size: 8388608.
 - enlarge_chunks_in_place: 1.
 - use_allocation_guard: 0.


Internal statistics:

num_allocs_failed_limit: 6.
num_arena_births: 760.
num_arena_deaths: 14.
num_vsnodes_births: 2.
num_vsnodes_deaths: 0.
num_space_committed: 560.
num_space_uncommitted: 0.
num_chunks_returned_to_freelist: 20.
num_chunks_taken_from_freelist: 2203.
num_chunk_merges: 12.
num_chunk_splits: 1411.
num_chunks_enlarged: 860.
num_inconsistent_stats: 0.

CodeHeap 'non-profiled nmethods': size=120000Kb used=2310Kb max_used=2310Kb free=117689Kb
 bounds [0x000002ac44140000, 0x000002ac443b0000, 0x000002ac4b670000]
CodeHeap 'profiled nmethods': size=120000Kb used=9857Kb max_used=9857Kb free=110142Kb
 bounds [0x000002ac3c670000, 0x000002ac3d020000, 0x000002ac43ba0000]
CodeHeap 'non-nmethods': size=5760Kb used=1368Kb max_used=1399Kb free=4392Kb
 bounds [0x000002ac43ba0000, 0x000002ac43e10000, 0x000002ac44140000]
 total_blobs=5388 nmethods=4734 adapters=560
 compilation: enabled
              stopped_count=0, restarted_count=0
 full_count=0

Compilation events (20 events):
Event: 5.670 Thread 0x000002ac4d856a60 nmethod 4748 0x000002ac3d009990 code [0x000002ac3d009e20, 0x000002ac3d00bdb0]
Event: 5.671 Thread 0x000002ac4d856a60 4735       3       com.google.gson.stream.JsonReader::hasNext (36 bytes)
Event: 5.672 Thread 0x000002ac4d856a60 nmethod 4735 0x000002ac3d00c790 code [0x000002ac3d00c940, 0x000002ac3d00cbe0]
Event: 5.672 Thread 0x000002ac4d856a60 4739       3       com.google.gson.internal.LinkedTreeMap$Node::<init> (49 bytes)
Event: 5.673 Thread 0x000002ac4d856a60 nmethod 4739 0x000002ac3d00cc90 code [0x000002ac3d00ce40, 0x000002ac3d00d038]
Event: 5.676 Thread 0x000002ac4d856a60 4751       2       java.util.ImmutableCollections$ListItr::<init> (25 bytes)
Event: 5.677 Thread 0x000002ac4d856a60 nmethod 4751 0x000002ac3d00d190 code [0x000002ac3d00d320, 0x000002ac3d00d450]
Event: 5.677 Thread 0x000002ac4d856a60 4752       2       java.util.ImmutableCollections$AbstractImmutableList::iterator (13 bytes)
Event: 5.677 Thread 0x000002ac4d856a60 nmethod 4752 0x000002ac3d00d510 code [0x000002ac3d00d6c0, 0x000002ac3d00d8a0]
Event: 5.677 Thread 0x000002ac4d856a60 4753       2       com.google.gson.stream.JsonReader::push (131 bytes)
Event: 5.678 Thread 0x000002ac4d856a60 nmethod 4753 0x000002ac3d00d990 code [0x000002ac3d00dbe0, 0x000002ac3d00e188]
Event: 5.678 Thread 0x000002ac4d856a60 4755       2       org.eclipse.jdt.internal.core.util.WeakHashSet::addValue (99 bytes)
Event: 5.678 Thread 0x000002ac4d856a60 nmethod 4755 0x000002ac3d00e510 code [0x000002ac3d00e700, 0x000002ac3d00eaa0]
Event: 5.678 Thread 0x000002ac4d856a60 4756       2       org.eclipse.jdt.internal.core.util.WeakHashSet::add (105 bytes)
Event: 5.679 Thread 0x000002ac4d856a60 nmethod 4756 0x000002ac3d00ed10 code [0x000002ac3d00ef20, 0x000002ac3d00f420]
Event: 5.679 Thread 0x000002ac4d856a60 4754       2       org.eclipse.jdt.internal.core.util.WeakHashSet::cleanupGarbageCollectedValues (144 bytes)
Event: 5.680 Thread 0x000002ac4d856a60 nmethod 4754 0x000002ac3d00f710 code [0x000002ac3d00f8e0, 0x000002ac3d00fd80]
Event: 5.680 Thread 0x000002ac4d856a60 4761       2       java.util.ImmutableCollections$AbstractImmutableList::hashCode (36 bytes)
Event: 5.681 Thread 0x000002ac4d856a60 nmethod 4761 0x000002ac3d010010 code [0x000002ac3d0101e0, 0x000002ac3d010428]
Event: 5.681 Thread 0x000002ac4d856a60 4762       3       org.eclipse.jdt.internal.core.util.WeakHashSet::addValue (99 bytes)

GC Heap History (20 events):
Event: 3.780 GC heap after
{Heap after GC invocations=5 (full 0):
 PSYoungGen      total 29184K, used 4093K [0x00000000eab00000, 0x00000000ecf80000, 0x0000000100000000)
  eden space 25088K, 0% used [0x00000000eab00000,0x00000000eab00000,0x00000000ec380000)
  from space 4096K, 99% used [0x00000000ec400000,0x00000000ec7ff580,0x00000000ec800000)
  to   space 6144K, 0% used [0x00000000ec980000,0x00000000ec980000,0x00000000ecf80000)
 ParOldGen       total 68608K, used 8463K [0x00000000c0000000, 0x00000000c4300000, 0x00000000eab00000)
  object space 68608K, 12% used [0x00000000c0000000,0x00000000c0843f28,0x00000000c4300000)
 Metaspace       used 15880K, committed 16512K, reserved 1114112K
  class space    used 1563K, committed 1856K, reserved 1048576K
}
Event: 4.233 GC heap before
{Heap before GC invocations=6 (full 0):
 PSYoungGen      total 29184K, used 29181K [0x00000000eab00000, 0x00000000ecf80000, 0x0000000100000000)
  eden space 25088K, 100% used [0x00000000eab00000,0x00000000ec380000,0x00000000ec380000)
  from space 4096K, 99% used [0x00000000ec400000,0x00000000ec7ff580,0x00000000ec800000)
  to   space 6144K, 0% used [0x00000000ec980000,0x00000000ec980000,0x00000000ecf80000)
 ParOldGen       total 68608K, used 8463K [0x00000000c0000000, 0x00000000c4300000, 0x00000000eab00000)
  object space 68608K, 12% used [0x00000000c0000000,0x00000000c0843f28,0x00000000c4300000)
 Metaspace       used 18804K, committed 19648K, reserved 1114112K
  class space    used 1893K, committed 2304K, reserved 1048576K
}
Event: 4.238 GC heap after
{Heap after GC invocations=6 (full 0):
 PSYoungGen      total 29184K, used 4333K [0x00000000eab00000, 0x00000000ece00000, 0x0000000100000000)
  eden space 24576K, 0% used [0x00000000eab00000,0x00000000eab00000,0x00000000ec300000)
  from space 4608K, 94% used [0x00000000ec980000,0x00000000ecdbb4d0,0x00000000ece00000)
  to   space 5120K, 0% used [0x00000000ec400000,0x00000000ec400000,0x00000000ec900000)
 ParOldGen       total 68608K, used 8471K [0x00000000c0000000, 0x00000000c4300000, 0x00000000eab00000)
  object space 68608K, 12% used [0x00000000c0000000,0x00000000c0845f28,0x00000000c4300000)
 Metaspace       used 18804K, committed 19648K, reserved 1114112K
  class space    used 1893K, committed 2304K, reserved 1048576K
}
Event: 4.411 GC heap before
{Heap before GC invocations=7 (full 0):
 PSYoungGen      total 29184K, used 22565K [0x00000000eab00000, 0x00000000ece00000, 0x0000000100000000)
  eden space 24576K, 74% used [0x00000000eab00000,0x00000000ebccdfd0,0x00000000ec300000)
  from space 4608K, 94% used [0x00000000ec980000,0x00000000ecdbb4d0,0x00000000ece00000)
  to   space 5120K, 0% used [0x00000000ec400000,0x00000000ec400000,0x00000000ec900000)
 ParOldGen       total 68608K, used 8471K [0x00000000c0000000, 0x00000000c4300000, 0x00000000eab00000)
  object space 68608K, 12% used [0x00000000c0000000,0x00000000c0845f28,0x00000000c4300000)
 Metaspace       used 20798K, committed 21504K, reserved 1114112K
  class space    used 2104K, committed 2432K, reserved 1048576K
}
Event: 4.416 GC heap after
{Heap after GC invocations=7 (full 0):
 PSYoungGen      total 29184K, used 4228K [0x00000000eab00000, 0x00000000ecc00000, 0x0000000100000000)
  eden space 24576K, 0% used [0x00000000eab00000,0x00000000eab00000,0x00000000ec300000)
  from space 4608K, 91% used [0x00000000ec400000,0x00000000ec8210f0,0x00000000ec880000)
  to   space 3584K, 0% used [0x00000000ec880000,0x00000000ec880000,0x00000000ecc00000)
 ParOldGen       total 68608K, used 9581K [0x00000000c0000000, 0x00000000c4300000, 0x00000000eab00000)
  object space 68608K, 13% used [0x00000000c0000000,0x00000000c095b750,0x00000000c4300000)
 Metaspace       used 20798K, committed 21504K, reserved 1114112K
  class space    used 2104K, committed 2432K, reserved 1048576K
}
Event: 4.416 GC heap before
{Heap before GC invocations=8 (full 1):
 PSYoungGen      total 29184K, used 4228K [0x00000000eab00000, 0x00000000ecc00000, 0x0000000100000000)
  eden space 24576K, 0% used [0x00000000eab00000,0x00000000eab00000,0x00000000ec300000)
  from space 4608K, 91% used [0x00000000ec400000,0x00000000ec8210f0,0x00000000ec880000)
  to   space 3584K, 0% used [0x00000000ec880000,0x00000000ec880000,0x00000000ecc00000)
 ParOldGen       total 68608K, used 9581K [0x00000000c0000000, 0x00000000c4300000, 0x00000000eab00000)
  object space 68608K, 13% used [0x00000000c0000000,0x00000000c095b750,0x00000000c4300000)
 Metaspace       used 20798K, committed 21504K, reserved 1114112K
  class space    used 2104K, committed 2432K, reserved 1048576K
}
Event: 4.450 GC heap after
{Heap after GC invocations=8 (full 1):
 PSYoungGen      total 29184K, used 0K [0x00000000eab00000, 0x00000000ecc00000, 0x0000000100000000)
  eden space 24576K, 0% used [0x00000000eab00000,0x00000000eab00000,0x00000000ec300000)
  from space 4608K, 0% used [0x00000000ec400000,0x00000000ec400000,0x00000000ec880000)
  to   space 3584K, 0% used [0x00000000ec880000,0x00000000ec880000,0x00000000ecc00000)
 ParOldGen       total 68608K, used 13084K [0x00000000c0000000, 0x00000000c4300000, 0x00000000eab00000)
  object space 68608K, 19% used [0x00000000c0000000,0x00000000c0cc71d8,0x00000000c4300000)
 Metaspace       used 20785K, committed 21504K, reserved 1114112K
  class space    used 2101K, committed 2432K, reserved 1048576K
}
Event: 4.608 GC heap before
{Heap before GC invocations=9 (full 1):
 PSYoungGen      total 29184K, used 24508K [0x00000000eab00000, 0x00000000ecc00000, 0x0000000100000000)
  eden space 24576K, 99% used [0x00000000eab00000,0x00000000ec2ef050,0x00000000ec300000)
  from space 4608K, 0% used [0x00000000ec400000,0x00000000ec400000,0x00000000ec880000)
  to   space 3584K, 0% used [0x00000000ec880000,0x00000000ec880000,0x00000000ecc00000)
 ParOldGen       total 68608K, used 13084K [0x00000000c0000000, 0x00000000c4300000, 0x00000000eab00000)
  object space 68608K, 19% used [0x00000000c0000000,0x00000000c0cc71d8,0x00000000c4300000)
 Metaspace       used 23468K, committed 24256K, reserved 1114112K
  class space    used 2270K, committed 2624K, reserved 1048576K
}
Event: 4.609 GC heap after
{Heap after GC invocations=9 (full 1):
 PSYoungGen      total 24576K, used 384K [0x00000000eab00000, 0x00000000ec900000, 0x0000000100000000)
  eden space 24064K, 0% used [0x00000000eab00000,0x00000000eab00000,0x00000000ec280000)
  from space 512K, 75% used [0x00000000ec880000,0x00000000ec8e0210,0x00000000ec900000)
  to   space 2048K, 0% used [0x00000000ec500000,0x00000000ec500000,0x00000000ec700000)
 ParOldGen       total 68608K, used 13092K [0x00000000c0000000, 0x00000000c4300000, 0x00000000eab00000)
  object space 68608K, 19% used [0x00000000c0000000,0x00000000c0cc91d8,0x00000000c4300000)
 Metaspace       used 23468K, committed 24256K, reserved 1114112K
  class space    used 2270K, committed 2624K, reserved 1048576K
}
Event: 4.812 GC heap before
{Heap before GC invocations=10 (full 1):
 PSYoungGen      total 24576K, used 24448K [0x00000000eab00000, 0x00000000ec900000, 0x0000000100000000)
  eden space 24064K, 100% used [0x00000000eab00000,0x00000000ec280000,0x00000000ec280000)
  from space 512K, 75% used [0x00000000ec880000,0x00000000ec8e0210,0x00000000ec900000)
  to   space 2048K, 0% used [0x00000000ec500000,0x00000000ec500000,0x00000000ec700000)
 ParOldGen       total 68608K, used 13092K [0x00000000c0000000, 0x00000000c4300000, 0x00000000eab00000)
  object space 68608K, 19% used [0x00000000c0000000,0x00000000c0cc91d8,0x00000000c4300000)
 Metaspace       used 26355K, committed 27136K, reserved 1114112K
  class space    used 2497K, committed 2816K, reserved 1048576K
}
Event: 4.814 GC heap after
{Heap after GC invocations=10 (full 1):
 PSYoungGen      total 25600K, used 1403K [0x00000000eab00000, 0x00000000ec900000, 0x0000000100000000)
  eden space 23552K, 0% used [0x00000000eab00000,0x00000000eab00000,0x00000000ec200000)
  from space 2048K, 68% used [0x00000000ec500000,0x00000000ec65eda0,0x00000000ec700000)
  to   space 2048K, 0% used [0x00000000ec700000,0x00000000ec700000,0x00000000ec900000)
 ParOldGen       total 68608K, used 13873K [0x00000000c0000000, 0x00000000c4300000, 0x00000000eab00000)
  object space 68608K, 20% used [0x00000000c0000000,0x00000000c0d8c6e8,0x00000000c4300000)
 Metaspace       used 26355K, committed 27136K, reserved 1114112K
  class space    used 2497K, committed 2816K, reserved 1048576K
}
Event: 5.028 GC heap before
{Heap before GC invocations=11 (full 1):
 PSYoungGen      total 25600K, used 24955K [0x00000000eab00000, 0x00000000ec900000, 0x0000000100000000)
  eden space 23552K, 100% used [0x00000000eab00000,0x00000000ec200000,0x00000000ec200000)
  from space 2048K, 68% used [0x00000000ec500000,0x00000000ec65eda0,0x00000000ec700000)
  to   space 2048K, 0% used [0x00000000ec700000,0x00000000ec700000,0x00000000ec900000)
 ParOldGen       total 68608K, used 13873K [0x00000000c0000000, 0x00000000c4300000, 0x00000000eab00000)
  object space 68608K, 20% used [0x00000000c0000000,0x00000000c0d8c6e8,0x00000000c4300000)
 Metaspace       used 28550K, committed 29312K, reserved 1114112K
  class space    used 2681K, committed 3008K, reserved 1048576K
}
Event: 5.030 GC heap after
{Heap after GC invocations=11 (full 1):
 PSYoungGen      total 25088K, used 2038K [0x00000000eab00000, 0x00000000ec900000, 0x0000000100000000)
  eden space 23040K, 0% used [0x00000000eab00000,0x00000000eab00000,0x00000000ec180000)
  from space 2048K, 99% used [0x00000000ec700000,0x00000000ec8fd888,0x00000000ec900000)
  to   space 3072K, 0% used [0x00000000ec300000,0x00000000ec300000,0x00000000ec600000)
 ParOldGen       total 68608K, used 14229K [0x00000000c0000000, 0x00000000c4300000, 0x00000000eab00000)
  object space 68608K, 20% used [0x00000000c0000000,0x00000000c0de57c0,0x00000000c4300000)
 Metaspace       used 28550K, committed 29312K, reserved 1114112K
  class space    used 2681K, committed 3008K, reserved 1048576K
}
Event: 5.401 GC heap before
{Heap before GC invocations=12 (full 1):
 PSYoungGen      total 25088K, used 25078K [0x00000000eab00000, 0x00000000ec900000, 0x0000000100000000)
  eden space 23040K, 100% used [0x00000000eab00000,0x00000000ec180000,0x00000000ec180000)
  from space 2048K, 99% used [0x00000000ec700000,0x00000000ec8fd888,0x00000000ec900000)
  to   space 3072K, 0% used [0x00000000ec300000,0x00000000ec300000,0x00000000ec600000)
 ParOldGen       total 68608K, used 14233K [0x00000000c0000000, 0x00000000c4300000, 0x00000000eab00000)
  object space 68608K, 20% used [0x00000000c0000000,0x00000000c0de6500,0x00000000c4300000)
 Metaspace       used 31585K, committed 32512K, reserved 1114112K
  class space    used 3016K, committed 3392K, reserved 1048576K
}
Event: 5.406 GC heap after
{Heap after GC invocations=12 (full 1):
 PSYoungGen      total 25088K, used 1993K [0x00000000eab00000, 0x00000000ec780000, 0x0000000100000000)
  eden space 23040K, 0% used [0x00000000eab00000,0x00000000eab00000,0x00000000ec180000)
  from space 2048K, 97% used [0x00000000ec300000,0x00000000ec4f26a8,0x00000000ec500000)
  to   space 2560K, 0% used [0x00000000ec500000,0x00000000ec500000,0x00000000ec780000)
 ParOldGen       total 68608K, used 16190K [0x00000000c0000000, 0x00000000c4300000, 0x00000000eab00000)
  object space 68608K, 23% used [0x00000000c0000000,0x00000000c0fcf8a8,0x00000000c4300000)
 Metaspace       used 31585K, committed 32512K, reserved 1114112K
  class space    used 3016K, committed 3392K, reserved 1048576K
}
Event: 5.551 GC heap before
{Heap before GC invocations=13 (full 1):
 PSYoungGen      total 25088K, used 25033K [0x00000000eab00000, 0x00000000ec780000, 0x0000000100000000)
  eden space 23040K, 100% used [0x00000000eab00000,0x00000000ec180000,0x00000000ec180000)
  from space 2048K, 97% used [0x00000000ec300000,0x00000000ec4f26a8,0x00000000ec500000)
  to   space 2560K, 0% used [0x00000000ec500000,0x00000000ec500000,0x00000000ec780000)
 ParOldGen       total 68608K, used 16201K [0x00000000c0000000, 0x00000000c4300000, 0x00000000eab00000)
  object space 68608K, 23% used [0x00000000c0000000,0x00000000c0fd2640,0x00000000c4300000)
 Metaspace       used 33480K, committed 34560K, reserved 1114112K
  class space    used 3233K, committed 3712K, reserved 1048576K
}
Event: 5.554 GC heap after
{Heap after GC invocations=13 (full 1):
 PSYoungGen      total 25088K, used 2057K [0x00000000eab00000, 0x00000000ec780000, 0x0000000100000000)
  eden space 22528K, 0% used [0x00000000eab00000,0x00000000eab00000,0x00000000ec100000)
  from space 2560K, 80% used [0x00000000ec500000,0x00000000ec702748,0x00000000ec780000)
  to   space 2560K, 0% used [0x00000000ec280000,0x00000000ec280000,0x00000000ec500000)
 ParOldGen       total 68608K, used 18014K [0x00000000c0000000, 0x00000000c4300000, 0x00000000eab00000)
  object space 68608K, 26% used [0x00000000c0000000,0x00000000c11978e8,0x00000000c4300000)
 Metaspace       used 33480K, committed 34560K, reserved 1114112K
  class space    used 3233K, committed 3712K, reserved 1048576K
}
Event: 5.631 GC heap before
{Heap before GC invocations=14 (full 1):
 PSYoungGen      total 25088K, used 24585K [0x00000000eab00000, 0x00000000ec780000, 0x0000000100000000)
  eden space 22528K, 100% used [0x00000000eab00000,0x00000000ec100000,0x00000000ec100000)
  from space 2560K, 80% used [0x00000000ec500000,0x00000000ec702748,0x00000000ec780000)
  to   space 2560K, 0% used [0x00000000ec280000,0x00000000ec280000,0x00000000ec500000)
 ParOldGen       total 68608K, used 18014K [0x00000000c0000000, 0x00000000c4300000, 0x00000000eab00000)
  object space 68608K, 26% used [0x00000000c0000000,0x00000000c11978e8,0x00000000c4300000)
 Metaspace       used 34337K, committed 35392K, reserved 1114112K
  class space    used 3369K, committed 3840K, reserved 1048576K
}
Event: 5.634 GC heap after
{Heap after GC invocations=14 (full 1):
 PSYoungGen      total 24064K, used 1664K [0x00000000eab00000, 0x00000000ec580000, 0x0000000100000000)
  eden space 22016K, 0% used [0x00000000eab00000,0x00000000eab00000,0x00000000ec080000)
  from space 2048K, 81% used [0x00000000ec280000,0x00000000ec420010,0x00000000ec480000)
  to   space 1024K, 0% used [0x00000000ec480000,0x00000000ec480000,0x00000000ec580000)
 ParOldGen       total 68608K, used 19812K [0x00000000c0000000, 0x00000000c4300000, 0x00000000eab00000)
  object space 68608K, 28% used [0x00000000c0000000,0x00000000c13593f8,0x00000000c4300000)
 Metaspace       used 34337K, committed 35392K, reserved 1114112K
  class space    used 3369K, committed 3840K, reserved 1048576K
}
Event: 5.681 GC heap before
{Heap before GC invocations=15 (full 1):
 PSYoungGen      total 24064K, used 13420K [0x00000000eab00000, 0x00000000ec580000, 0x0000000100000000)
  eden space 22016K, 53% used [0x00000000eab00000,0x00000000eb67b288,0x00000000ec080000)
  from space 2048K, 81% used [0x00000000ec280000,0x00000000ec420010,0x00000000ec480000)
  to   space 1024K, 0% used [0x00000000ec480000,0x00000000ec480000,0x00000000ec580000)
 ParOldGen       total 68608K, used 19812K [0x00000000c0000000, 0x00000000c4300000, 0x00000000eab00000)
  object space 68608K, 28% used [0x00000000c0000000,0x00000000c13593f8,0x00000000c4300000)
 Metaspace       used 34778K, committed 35840K, reserved 1114112K
  class space    used 3419K, committed 3904K, reserved 1048576K
}

Dll operation events (10 events):
Event: 0.013 Loaded shared library c:\Users\ankik\.vscode\extensions\redhat.java-1.41.1-win32-x64\jre\21.0.6-win32-x86_64\bin\java.dll
Event: 0.079 Loaded shared library c:\Users\ankik\.vscode\extensions\redhat.java-1.41.1-win32-x64\jre\21.0.6-win32-x86_64\bin\zip.dll
Event: 0.097 Loaded shared library C:\Users\ankik\.vscode\extensions\redhat.java-1.41.1-win32-x64\jre\21.0.6-win32-x86_64\bin\instrument.dll
Event: 0.101 Loaded shared library C:\Users\ankik\.vscode\extensions\redhat.java-1.41.1-win32-x64\jre\21.0.6-win32-x86_64\bin\net.dll
Event: 0.102 Loaded shared library C:\Users\ankik\.vscode\extensions\redhat.java-1.41.1-win32-x64\jre\21.0.6-win32-x86_64\bin\nio.dll
Event: 0.105 Loaded shared library C:\Users\ankik\.vscode\extensions\redhat.java-1.41.1-win32-x64\jre\21.0.6-win32-x86_64\bin\zip.dll
Event: 0.120 Loaded shared library C:\Users\ankik\.vscode\extensions\redhat.java-1.41.1-win32-x64\jre\21.0.6-win32-x86_64\bin\jimage.dll
Event: 0.182 Loaded shared library c:\Users\ankik\.vscode\extensions\redhat.java-1.41.1-win32-x64\jre\21.0.6-win32-x86_64\bin\verify.dll
Event: 1.244 Loaded shared library C:\Users\ankik\AppData\Roaming\Code\User\globalStorage\redhat.java\1.41.1\config_win\org.eclipse.equinox.launcher\org.eclipse.equinox.launcher.win32.win32.x86_64_1.2.1300.v20250331-1702\eclipse_11911.dll
Event: 3.932 Loaded shared library C:\Users\ankik\AppData\Local\Temp\jna-92964736\jna2978485858672969057.dll

Deoptimization events (20 events):
Event: 5.466 Thread 0x000002ac9572a340 Uncommon trap: trap_request=0xffffffde fr.pc=0x000002ac443091b8 relative=0x00000000000000f8
Event: 5.466 Thread 0x000002ac9572a340 Uncommon trap: reason=class_check action=maybe_recompile pc=0x000002ac443091b8 method=java.lang.Character.codePointAt(Ljava/lang/CharSequence;I)I @ 2 c2
Event: 5.466 Thread 0x000002ac9572a340 DEOPT PACKING pc=0x000002ac443091b8 sp=0x000000dc75bfe970
Event: 5.466 Thread 0x000002ac9572a340 DEOPT UNPACKING pc=0x000002ac43bf6da2 sp=0x000000dc75bfe8f8 mode 2
Event: 5.466 Thread 0x000002ac9572a340 Uncommon trap: trap_request=0xffffffde fr.pc=0x000002ac443091b8 relative=0x00000000000000f8
Event: 5.466 Thread 0x000002ac9572a340 Uncommon trap: reason=class_check action=maybe_recompile pc=0x000002ac443091b8 method=java.lang.Character.codePointAt(Ljava/lang/CharSequence;I)I @ 2 c2
Event: 5.466 Thread 0x000002ac9572a340 DEOPT PACKING pc=0x000002ac443091b8 sp=0x000000dc75bfe970
Event: 5.466 Thread 0x000002ac9572a340 DEOPT UNPACKING pc=0x000002ac43bf6da2 sp=0x000000dc75bfe8f8 mode 2
Event: 5.484 Thread 0x000002ac39477ac0 Uncommon trap: trap_request=0xffffff45 fr.pc=0x000002ac443452b0 relative=0x0000000000000110
Event: 5.484 Thread 0x000002ac39477ac0 Uncommon trap: reason=unstable_if action=reinterpret pc=0x000002ac443452b0 method=java.io.WinNTFileSystem.normalize(Ljava/lang/String;)Ljava/lang/String; @ 74 c2
Event: 5.484 Thread 0x000002ac39477ac0 DEOPT PACKING pc=0x000002ac443452b0 sp=0x000000dc734fe600
Event: 5.484 Thread 0x000002ac39477ac0 DEOPT UNPACKING pc=0x000002ac43bf6da2 sp=0x000000dc734fe5e8 mode 2
Event: 5.621 Thread 0x000002ac95729620 Uncommon trap: trap_request=0xffffff45 fr.pc=0x000002ac4437cb28 relative=0x00000000000012a8
Event: 5.621 Thread 0x000002ac95729620 Uncommon trap: reason=unstable_if action=reinterpret pc=0x000002ac4437cb28 method=org.eclipse.jdt.internal.core.util.Util.splitOn(CLjava/lang/String;II)[Ljava/lang/String; @ 21 c2
Event: 5.621 Thread 0x000002ac95729620 DEOPT PACKING pc=0x000002ac4437cb28 sp=0x000000dc753fd170
Event: 5.621 Thread 0x000002ac95729620 DEOPT UNPACKING pc=0x000002ac43bf6da2 sp=0x000000dc753fd138 mode 2
Event: 5.676 Thread 0x000002ac95729620 Uncommon trap: trap_request=0xffffff76 fr.pc=0x000002ac443800e4 relative=0x0000000000000444
Event: 5.676 Thread 0x000002ac95729620 Uncommon trap: reason=predicate action=maybe_recompile pc=0x000002ac443800e4 method=java.util.ArrayList.equalsRange(Ljava/util/List;II)Z @ 31 c2
Event: 5.676 Thread 0x000002ac95729620 DEOPT PACKING pc=0x000002ac443800e4 sp=0x000000dc753fd480
Event: 5.676 Thread 0x000002ac95729620 DEOPT UNPACKING pc=0x000002ac43bf6da2 sp=0x000000dc753fd408 mode 2

Classes loaded (20 events):
Event: 5.584 Loading class sun/reflect/generics/repository/ClassRepository
Event: 5.584 Loading class sun/reflect/generics/repository/ClassRepository done
Event: 5.584 Loading class sun/reflect/generics/tree/ClassSignature
Event: 5.584 Loading class java/util/Currency
Event: 5.584 Loading class sun/reflect/generics/tree/ClassSignature done
Event: 5.584 Loading class sun/reflect/generics/tree/TypeVariableSignature
Event: 5.584 Loading class sun/reflect/generics/tree/TypeVariableSignature done
Event: 5.584 Loading class sun/reflect/generics/reflectiveObjects/TypeVariableImpl
Event: 5.584 Loading class java/util/Currency done
Event: 5.585 Loading class sun/reflect/generics/reflectiveObjects/LazyReflectiveObjectGenerator
Event: 5.585 Loading class sun/reflect/generics/reflectiveObjects/LazyReflectiveObjectGenerator done
Event: 5.585 Loading class sun/reflect/generics/reflectiveObjects/TypeVariableImpl done
Event: 5.594 Loading class java/util/concurrent/atomic/AtomicLongArray
Event: 5.594 Loading class java/util/concurrent/atomic/AtomicLongArray done
Event: 5.609 Loading class jdk/internal/vm/annotation/IntrinsicCandidate
Event: 5.610 Loading class jdk/internal/vm/annotation/IntrinsicCandidate done
Event: 5.611 Loading class java/io/FilterReader
Event: 5.611 Loading class java/io/FilterReader done
Event: 5.612 Loading class java/lang/reflect/WildcardType
Event: 5.612 Loading class java/lang/reflect/WildcardType done

Classes unloaded (7 events):
Event: 4.422 Thread 0x000002ac4d8125e0 Unloading class 0x000002ac4f195c00 'java/lang/invoke/LambdaForm$MH+0x000002ac4f195c00'
Event: 4.422 Thread 0x000002ac4d8125e0 Unloading class 0x000002ac4f195800 'java/lang/invoke/LambdaForm$MH+0x000002ac4f195800'
Event: 4.422 Thread 0x000002ac4d8125e0 Unloading class 0x000002ac4f195400 'java/lang/invoke/LambdaForm$MH+0x000002ac4f195400'
Event: 4.422 Thread 0x000002ac4d8125e0 Unloading class 0x000002ac4f195000 'java/lang/invoke/LambdaForm$MH+0x000002ac4f195000'
Event: 4.422 Thread 0x000002ac4d8125e0 Unloading class 0x000002ac4f194c00 'java/lang/invoke/LambdaForm$BMH+0x000002ac4f194c00'
Event: 4.422 Thread 0x000002ac4d8125e0 Unloading class 0x000002ac4f194800 'java/lang/invoke/LambdaForm$DMH+0x000002ac4f194800'
Event: 4.422 Thread 0x000002ac4d8125e0 Unloading class 0x000002ac4f193400 'java/lang/invoke/LambdaForm$DMH+0x000002ac4f193400'

Classes redefined (0 events):
No events

Internal exceptions (20 events):
Event: 5.388 Thread 0x000002ac9572a340 Exception <a 'java/lang/NoSuchMethodError'{0x00000000ec0271c8}: 'java.lang.Object java.lang.invoke.DirectMethodHandle$Holder.invokeStaticInit(java.lang.Object, java.lang.Object, java.lang.Object, java.lang.Object, java.lang.Object, java.lang.Object, java.lang.Object)'> (0x00000000ec0271c8) 
thrown [s\src\hotspot\share\interpreter\linkResolver.cpp, line 773]
Event: 5.389 Thread 0x000002ac9572a340 Exception <a 'java/lang/NoSuchMethodError'{0x00000000ec02b858}: 'java.lang.Object java.lang.invoke.Invokers$Holder.invoke_MT(java.lang.Object, java.lang.Object, java.lang.Object, java.lang.Object, java.lang.Object, java.lang.Object, java.lang.Object, java.lang.Object, java.lang.Object)'> (0x00000000ec02b858) 
thrown [s\src\hotspot\share\interpreter\linkResolver.cpp, line 773]
Event: 5.397 Thread 0x000002ac9572a340 Exception <a 'java/lang/NoSuchMethodError'{0x00000000ec104f98}: 'int java.lang.invoke.DirectMethodHandle$Holder.invokeVirtual(java.lang.Object, java.lang.Object, java.lang.Object)'> (0x00000000ec104f98) 
thrown [s\src\hotspot\share\interpreter\linkResolver.cpp, line 773]
Event: 5.399 Thread 0x000002ac9572a340 Exception <a 'java/lang/NoSuchMethodError'{0x00000000ec108d80}: 'int java.lang.invoke.DirectMethodHandle$Holder.invokeStaticInit(java.lang.Object, int, int)'> (0x00000000ec108d80) 
thrown [s\src\hotspot\share\interpreter\linkResolver.cpp, line 773]
Event: 5.400 Thread 0x000002ac9572a340 Exception <a 'java/lang/NoSuchMethodError'{0x00000000ec15f3f8}: 'int java.lang.invoke.DirectMethodHandle$Holder.invokeStaticInit(java.lang.Object, long, long)'> (0x00000000ec15f3f8) 
thrown [s\src\hotspot\share\interpreter\linkResolver.cpp, line 773]
Event: 5.401 Thread 0x000002ac9572a340 Exception <a 'java/lang/NoSuchMethodError'{0x00000000ec165be0}: 'int java.lang.invoke.DirectMethodHandle$Holder.invokeStaticInit(java.lang.Object, float, float)'> (0x00000000ec165be0) 
thrown [s\src\hotspot\share\interpreter\linkResolver.cpp, line 773]
Event: 5.407 Thread 0x000002ac9572a340 Exception <a 'java/lang/NoSuchMethodError'{0x00000000eab1f560}: 'int java.lang.invoke.DirectMethodHandle$Holder.invokeStaticInit(java.lang.Object, double, double)'> (0x00000000eab1f560) 
thrown [s\src\hotspot\share\interpreter\linkResolver.cpp, line 773]
Event: 5.408 Thread 0x000002ac9572a340 Exception <a 'java/lang/NoSuchMethodError'{0x00000000eab23850}: 'int java.lang.invoke.DirectMethodHandle$Holder.invokeStatic(java.lang.Object, long)'> (0x00000000eab23850) 
thrown [s\src\hotspot\share\interpreter\linkResolver.cpp, line 773]
Event: 5.415 Thread 0x000002ac9572a340 Exception <a 'java/lang/NoSuchMethodError'{0x00000000eac898d8}: 'int java.lang.invoke.Invokers$Holder.linkToTargetMethod(java.lang.Object, java.lang.Object)'> (0x00000000eac898d8) 
thrown [s\src\hotspot\share\interpreter\linkResolver.cpp, line 773]
Event: 5.418 Thread 0x000002ac9572d7c0 Exception <a 'java/lang/NoSuchMethodError'{0x00000000eacf3440}: 'int java.lang.invoke.DirectMethodHandle$Holder.invokeSpecial(java.lang.Object, java.lang.Object, java.lang.Object, java.lang.Object)'> (0x00000000eacf3440) 
thrown [s\src\hotspot\share\interpreter\linkResolver.cpp, line 773]
Event: 5.423 Thread 0x000002ac9572d7c0 Exception <a 'java/lang/NoSuchMethodError'{0x00000000ead14370}: 'java.lang.Object java.lang.invoke.DirectMethodHandle$Holder.invokeStatic(java.lang.Object, int, java.lang.Object, java.lang.Object)'> (0x00000000ead14370) 
thrown [s\src\hotspot\share\interpreter\linkResolver.cpp, line 773]
Event: 5.424 Thread 0x000002ac9572d7c0 Exception <a 'java/lang/NoSuchMethodError'{0x00000000ead46898}: 'java.lang.Object java.lang.invoke.DelegatingMethodHandle$Holder.delegate(java.lang.Object, int, java.lang.Object, java.lang.Object)'> (0x00000000ead46898) 
thrown [s\src\hotspot\share\interpreter\linkResolver.cpp, line 773]
Event: 5.428 Thread 0x000002ac9572d7c0 Implicit null exception at 0x000002ac4436cd76 to 0x000002ac4436d098
Event: 5.431 Thread 0x000002ac9572d7c0 Exception <a 'java/lang/NoSuchMethodError'{0x00000000ead915c8}: 'int java.lang.invoke.Invokers$Holder.linkToTargetMethod(java.lang.Object, java.lang.Object, java.lang.Object)'> (0x00000000ead915c8) 
thrown [s\src\hotspot\share\interpreter\linkResolver.cpp, line 773]
Event: 5.435 Thread 0x000002ac95729620 Exception <a 'java/lang/NoSuchMethodError'{0x00000000eae06d70}: 'java.lang.Object java.lang.invoke.Invokers$Holder.invoke_MT(java.lang.Object, java.lang.Object, java.lang.Object, java.lang.Object, java.lang.Object, java.lang.Object, java.lang.Object, java.lang.Object, java.lang.Object, java.lang.Object)'> (0x00000000eae06d70) 
thrown [s\src\hotspot\share\interpreter\linkResolver.cpp, line 773]
Event: 5.452 Thread 0x000002ac957305b0 Exception <a 'java/lang/NoSuchMethodError'{0x00000000eb020760}: 'void java.lang.invoke.DirectMethodHandle$Holder.invokeStaticInit(java.lang.Object, java.lang.Object, java.lang.Object, java.lang.Object)'> (0x00000000eb020760) 
thrown [s\src\hotspot\share\interpreter\linkResolver.cpp, line 773]
Event: 5.479 Thread 0x000002ac39477ac0 Exception <a 'java/lang/NoSuchMethodError'{0x00000000eb34dec0}: 'java.lang.Object java.lang.invoke.DirectMethodHandle$Holder.invokeStatic(java.lang.Object, long, java.lang.Object)'> (0x00000000eb34dec0) 
thrown [s\src\hotspot\share\interpreter\linkResolver.cpp, line 773]
Event: 5.480 Thread 0x000002ac39477ac0 Exception <a 'java/lang/NoSuchMethodError'{0x00000000eb360ae0}: 'java.lang.Object java.lang.invoke.DirectMethodHandle$Holder.invokeStaticInit(java.lang.Object, long, java.lang.Object)'> (0x00000000eb360ae0) 
thrown [s\src\hotspot\share\interpreter\linkResolver.cpp, line 773]
Event: 5.481 Thread 0x000002ac39477ac0 Exception <a 'java/lang/NoSuchMethodError'{0x00000000eb392040}: 'java.lang.Object java.lang.invoke.DirectMethodHandle$Holder.newInvokeSpecial(java.lang.Object, long)'> (0x00000000eb392040) 
thrown [s\src\hotspot\share\interpreter\linkResolver.cpp, line 773]
Event: 5.514 Thread 0x000002ac9572a340 Exception <a 'java/lang/NoSuchMethodError'{0x00000000eb8e5ab0}: 'java.lang.Object java.lang.invoke.DirectMethodHandle$Holder.invokeSpecialIFC(java.lang.Object, java.lang.Object, java.lang.Object, java.lang.Object)'> (0x00000000eb8e5ab0) 
thrown [s\src\hotspot\share\interpreter\linkResolver.cpp, line 773]

ZGC Phase Switch (0 events):
No events

VM Operations (20 events):
Event: 5.172 Executing VM operation: HandshakeAllThreads (Deoptimize) done
Event: 5.181 Executing VM operation: HandshakeAllThreads (Deoptimize)
Event: 5.181 Executing VM operation: HandshakeAllThreads (Deoptimize) done
Event: 5.245 Executing VM operation: HandshakeAllThreads (Deoptimize)
Event: 5.245 Executing VM operation: HandshakeAllThreads (Deoptimize) done
Event: 5.248 Executing VM operation: HandshakeAllThreads (Deoptimize)
Event: 5.249 Executing VM operation: HandshakeAllThreads (Deoptimize) done
Event: 5.313 Executing VM operation: HandshakeAllThreads (Deoptimize)
Event: 5.313 Executing VM operation: HandshakeAllThreads (Deoptimize) done
Event: 5.400 Executing VM operation: ParallelGCFailedAllocation (Allocation Failure)
Event: 5.400 Executing VM operation: ParallelGCFailedAllocation (Allocation Failure) done
Event: 5.401 Executing VM operation: ParallelGCSystemGC (GCLocker Initiated GC)
Event: 5.406 Executing VM operation: ParallelGCSystemGC (GCLocker Initiated GC) done
Event: 5.434 Executing VM operation: HandshakeAllThreads (Deoptimize)
Event: 5.434 Executing VM operation: HandshakeAllThreads (Deoptimize) done
Event: 5.550 Executing VM operation: ParallelGCFailedAllocation (Allocation Failure)
Event: 5.554 Executing VM operation: ParallelGCFailedAllocation (Allocation Failure) done
Event: 5.631 Executing VM operation: ParallelGCFailedAllocation (Allocation Failure)
Event: 5.634 Executing VM operation: ParallelGCFailedAllocation (Allocation Failure) done
Event: 5.681 Executing VM operation: CollectForMetadataAllocation (Metadata GC Threshold)

Memory protections (0 events):
No events

Nmethod flushes (0 events):
No events

Events (20 events):
Event: 3.994 Thread 0x000002ac4d8342d0 Thread added: 0x000002ac95729620
Event: 4.050 Thread 0x000002ac4d856a60 Thread added: 0x000002ac952485c0
Event: 4.195 Thread 0x000002ac95729620 Thread added: 0x000002ac9572d130
Event: 4.535 Thread 0x000002ac4d856a60 Thread added: 0x000002ac95249360
Event: 4.962 Thread 0x000002ac4d8342d0 Thread added: 0x000002ac95729cb0
Event: 5.314 Thread 0x000002ac9572d130 Thread added: 0x000002ac9572d7c0
Event: 5.369 Thread 0x000002ac9572d7c0 Thread added: 0x000002ac9572a340
Event: 5.382 Thread 0x000002ac9572a340 Thread added: 0x000002ac957305b0
Event: 5.386 Thread 0x000002ac957305b0 Thread added: 0x000002ac9572de50
Event: 5.437 Thread 0x000002ac9572de50 Thread added: 0x000002ac95730c40
Event: 5.500 Thread 0x000002ac39477ac0 Thread added: 0x000002ac9572e4e0
Event: 5.500 Thread 0x000002ac39477ac0 Thread added: 0x000002ac9572eb70
Event: 5.500 Thread 0x000002ac39477ac0 Thread added: 0x000002ac9572f200
Event: 5.500 Thread 0x000002ac39477ac0 Thread added: 0x000002ac9572ff20
Event: 5.501 Thread 0x000002ac39477ac0 Thread added: 0x000002ac9572f890
Event: 5.501 Thread 0x000002ac39477ac0 Thread added: 0x000002ac97d0e370
Event: 5.501 Thread 0x000002ac39477ac0 Thread added: 0x000002ac97d0dce0
Event: 5.502 Thread 0x000002ac39477ac0 Thread added: 0x000002ac97d0c2a0
Event: 5.502 Thread 0x000002ac39477ac0 Thread added: 0x000002ac97d0bc10
Event: 5.537 Thread 0x000002ac39477ac0 Thread added: 0x000002ac97d0c930


Dynamic libraries:
0x00007ff720e30000 - 0x00007ff720e3e000 	c:\Users\ankik\.vscode\extensions\redhat.java-1.41.1-win32-x64\jre\21.0.6-win32-x86_64\bin\java.exe
0x00007ffddf640000 - 0x00007ffddf8a6000 	C:\WINDOWS\SYSTEM32\ntdll.dll
0x00007ffddeb30000 - 0x00007ffddebf9000 	C:\WINDOWS\System32\KERNEL32.DLL
0x00007ffddcb40000 - 0x00007ffddcf0c000 	C:\WINDOWS\System32\KERNELBASE.dll
0x00007ffddc930000 - 0x00007ffddca7b000 	C:\WINDOWS\System32\ucrtbase.dll
0x00007ffdd20c0000 - 0x00007ffdd20d8000 	c:\Users\ankik\.vscode\extensions\redhat.java-1.41.1-win32-x64\jre\21.0.6-win32-x86_64\bin\jli.dll
0x00007ffdd28b0000 - 0x00007ffdd28ce000 	c:\Users\ankik\.vscode\extensions\redhat.java-1.41.1-win32-x64\jre\21.0.6-win32-x86_64\bin\VCRUNTIME140.dll
0x00007ffddf1c0000 - 0x00007ffddf38a000 	C:\WINDOWS\System32\USER32.dll
0x00007ffddc860000 - 0x00007ffddc887000 	C:\WINDOWS\System32\win32u.dll
0x00007ffdc46b0000 - 0x00007ffdc494a000 	C:\WINDOWS\WinSxS\amd64_microsoft.windows.common-controls_6595b64144ccf1df_6.0.26100.3912_none_3e07963ce335137e\COMCTL32.dll
0x00007ffddf480000 - 0x00007ffddf4ab000 	C:\WINDOWS\System32\GDI32.dll
0x00007ffddf3a0000 - 0x00007ffddf449000 	C:\WINDOWS\System32\msvcrt.dll
0x00007ffddcf10000 - 0x00007ffddd042000 	C:\WINDOWS\System32\gdi32full.dll
0x00007ffddd1d0000 - 0x00007ffddd273000 	C:\WINDOWS\System32\msvcp_win.dll
0x00007ffdde2c0000 - 0x00007ffdde2f0000 	C:\WINDOWS\System32\IMM32.DLL
0x00007ffdd6bb0000 - 0x00007ffdd6bbc000 	c:\Users\ankik\.vscode\extensions\redhat.java-1.41.1-win32-x64\jre\21.0.6-win32-x86_64\bin\vcruntime140_1.dll
0x00007ffdca1c0000 - 0x00007ffdca24d000 	c:\Users\ankik\.vscode\extensions\redhat.java-1.41.1-win32-x64\jre\21.0.6-win32-x86_64\bin\msvcp140.dll
0x00007ffd7d970000 - 0x00007ffd7e700000 	c:\Users\ankik\.vscode\extensions\redhat.java-1.41.1-win32-x64\jre\21.0.6-win32-x86_64\bin\server\jvm.dll
0x00007ffddf540000 - 0x00007ffddf5f2000 	C:\WINDOWS\System32\ADVAPI32.dll
0x00007ffdde050000 - 0x00007ffdde0f6000 	C:\WINDOWS\System32\sechost.dll
0x00007ffddee60000 - 0x00007ffddef76000 	C:\WINDOWS\System32\RPCRT4.dll
0x00007ffdde100000 - 0x00007ffdde174000 	C:\WINDOWS\System32\WS2_32.dll
0x00007ffddc0a0000 - 0x00007ffddc0fe000 	C:\WINDOWS\SYSTEM32\POWRPROF.dll
0x00007ffdc4a90000 - 0x00007ffdc4ac6000 	C:\WINDOWS\SYSTEM32\WINMM.dll
0x00007ffdd0d80000 - 0x00007ffdd0d8b000 	C:\WINDOWS\SYSTEM32\VERSION.dll
0x00007ffddc080000 - 0x00007ffddc094000 	C:\WINDOWS\SYSTEM32\UMPDC.dll
0x00007ffddb570000 - 0x00007ffddb58a000 	C:\WINDOWS\SYSTEM32\kernel.appcore.dll
0x00007ffdd6b70000 - 0x00007ffdd6b7a000 	c:\Users\ankik\.vscode\extensions\redhat.java-1.41.1-win32-x64\jre\21.0.6-win32-x86_64\bin\jimage.dll
0x00007ffdda0d0000 - 0x00007ffdda311000 	C:\WINDOWS\SYSTEM32\DBGHELP.DLL
0x00007ffddd780000 - 0x00007ffdddb04000 	C:\WINDOWS\System32\combase.dll
0x00007ffdded70000 - 0x00007ffddee50000 	C:\WINDOWS\System32\OLEAUT32.dll
0x00007ffdb54a0000 - 0x00007ffdb54d9000 	C:\WINDOWS\SYSTEM32\dbgcore.DLL
0x00007ffddc890000 - 0x00007ffddc929000 	C:\WINDOWS\System32\bcryptPrimitives.dll
0x00007ffdd6b00000 - 0x00007ffdd6b0f000 	c:\Users\ankik\.vscode\extensions\redhat.java-1.41.1-win32-x64\jre\21.0.6-win32-x86_64\bin\instrument.dll
0x00007ffdd2090000 - 0x00007ffdd20af000 	c:\Users\ankik\.vscode\extensions\redhat.java-1.41.1-win32-x64\jre\21.0.6-win32-x86_64\bin\java.dll
0x00007ffdde380000 - 0x00007ffddeaad000 	C:\WINDOWS\System32\SHELL32.dll
0x00007ffddd050000 - 0x00007ffddd1c4000 	C:\WINDOWS\System32\wintypes.dll
0x00007ffdda400000 - 0x00007ffddac56000 	C:\WINDOWS\SYSTEM32\windows.storage.dll
0x00007ffddec70000 - 0x00007ffdded5f000 	C:\WINDOWS\System32\SHCORE.dll
0x00007ffddec00000 - 0x00007ffddec69000 	C:\WINDOWS\System32\shlwapi.dll
0x00007ffddc6e0000 - 0x00007ffddc70f000 	C:\WINDOWS\SYSTEM32\profapi.dll
0x00007ffdd0f70000 - 0x00007ffdd0f88000 	c:\Users\ankik\.vscode\extensions\redhat.java-1.41.1-win32-x64\jre\21.0.6-win32-x86_64\bin\zip.dll
0x00007ffdd32f0000 - 0x00007ffdd3300000 	C:\Users\ankik\.vscode\extensions\redhat.java-1.41.1-win32-x64\jre\21.0.6-win32-x86_64\bin\net.dll
0x00007ffdd25e0000 - 0x00007ffdd26fe000 	C:\WINDOWS\SYSTEM32\WINHTTP.dll
0x00007ffddbb00000 - 0x00007ffddbb6a000 	C:\WINDOWS\system32\mswsock.dll
0x00007ffdc7d60000 - 0x00007ffdc7d76000 	C:\Users\ankik\.vscode\extensions\redhat.java-1.41.1-win32-x64\jre\21.0.6-win32-x86_64\bin\nio.dll
0x00007ffdd28a0000 - 0x00007ffdd28b0000 	c:\Users\ankik\.vscode\extensions\redhat.java-1.41.1-win32-x64\jre\21.0.6-win32-x86_64\bin\verify.dll
0x00007ffdc7d10000 - 0x00007ffdc7d55000 	C:\Users\ankik\AppData\Roaming\Code\User\globalStorage\redhat.java\1.41.1\config_win\org.eclipse.equinox.launcher\org.eclipse.equinox.launcher.win32.win32.x86_64_1.2.1300.v20250331-1702\eclipse_11911.dll
0x00007ffddd460000 - 0x00007ffddd5ff000 	C:\WINDOWS\System32\ole32.dll
0x00007ffddbda0000 - 0x00007ffddbdbc000 	C:\WINDOWS\SYSTEM32\CRYPTSP.dll
0x00007ffddb4d0000 - 0x00007ffddb50a000 	C:\WINDOWS\system32\rsaenh.dll
0x00007ffddbba0000 - 0x00007ffddbbcb000 	C:\WINDOWS\SYSTEM32\USERENV.dll
0x00007ffddc6b0000 - 0x00007ffddc6d6000 	C:\WINDOWS\SYSTEM32\bcrypt.dll
0x00007ffddbdc0000 - 0x00007ffddbdcc000 	C:\WINDOWS\SYSTEM32\CRYPTBASE.dll
0x00007ffddaf80000 - 0x00007ffddafb3000 	C:\WINDOWS\SYSTEM32\IPHLPAPI.DLL
0x00007ffddef80000 - 0x00007ffddef8a000 	C:\WINDOWS\System32\NSI.dll
0x00007ffdc4480000 - 0x00007ffdc44c9000 	C:\Users\ankik\AppData\Local\Temp\jna-92964736\jna2978485858672969057.dll
0x00007ffdde2b0000 - 0x00007ffdde2b8000 	C:\WINDOWS\System32\PSAPI.DLL
0x00007ffdd37d0000 - 0x00007ffdd37ef000 	C:\WINDOWS\SYSTEM32\dhcpcsvc6.DLL
0x00007ffdd3720000 - 0x00007ffdd3745000 	C:\WINDOWS\SYSTEM32\dhcpcsvc.DLL

dbghelp: loaded successfully - version: 4.0.5 - missing functions: none
symbol engine: initialized successfully - sym options: 0x614 - pdb path: .;c:\Users\ankik\.vscode\extensions\redhat.java-1.41.1-win32-x64\jre\21.0.6-win32-x86_64\bin;C:\WINDOWS\SYSTEM32;C:\WINDOWS\WinSxS\amd64_microsoft.windows.common-controls_6595b64144ccf1df_6.0.26100.3912_none_3e07963ce335137e;c:\Users\ankik\.vscode\extensions\redhat.java-1.41.1-win32-x64\jre\21.0.6-win32-x86_64\bin\server;C:\Users\ankik\AppData\Roaming\Code\User\globalStorage\redhat.java\1.41.1\config_win\org.eclipse.equinox.launcher\org.eclipse.equinox.launcher.win32.win32.x86_64_1.2.1300.v20250331-1702;C:\Users\ankik\AppData\Local\Temp\jna-92964736

VM Arguments:
jvm_args: --add-modules=ALL-SYSTEM --add-opens=java.base/java.util=ALL-UNNAMED --add-opens=java.base/java.lang=ALL-UNNAMED --add-opens=java.base/sun.nio.fs=ALL-UNNAMED -Declipse.application=org.eclipse.jdt.ls.core.id1 -Dosgi.bundles.defaultStartLevel=4 -Declipse.product=org.eclipse.jdt.ls.core.product -Djava.import.generatesMetadataFilesAtProjectRoot=false -DDetectVMInstallationsJob.disabled=true -Dfile.encoding=utf8 -XX:+UseParallelGC -XX:GCTimeRatio=4 -XX:AdaptiveSizePolicyWeight=90 -Dsun.zip.disableMemoryMapping=true -Xmx1G -Xms100m -Xlog:disable -javaagent:c:\Users\ankik\.vscode\extensions\redhat.java-1.41.1-win32-x64\lombok\lombok-1.18.36.jar -XX:+HeapDumpOnOutOfMemoryError -XX:HeapDumpPath=c:\Users\ankik\AppData\Roaming\Code\User\workspaceStorage\9961edf7579b5d0fc1c44e751a7c1207\redhat.java -Daether.dependencyCollector.impl=bf 
java_command: c:\Users\ankik\.vscode\extensions\redhat.java-1.41.1-win32-x64\server\plugins\org.eclipse.equinox.launcher_1.7.0.v20250331-1702.jar -configuration c:\Users\ankik\AppData\Roaming\Code\User\globalStorage\redhat.java\1.41.1\config_win -data c:\Users\ankik\AppData\Roaming\Code\User\workspaceStorage\9961edf7579b5d0fc1c44e751a7c1207\redhat.java\jdt_ws --pipe=\\.\pipe\lsp-fdfac252dd9304782330acf670b8f6ec-sock
java_class_path (initial): c:\Users\ankik\.vscode\extensions\redhat.java-1.41.1-win32-x64\server\plugins\org.eclipse.equinox.launcher_1.7.0.v20250331-1702.jar
Launcher Type: SUN_STANDARD

[Global flags]
    uintx AdaptiveSizePolicyWeight                 = 90                                        {product} {command line}
     intx CICompilerCount                          = 4                                         {product} {ergonomic}
    uintx GCTimeRatio                              = 4                                         {product} {command line}
     bool HeapDumpOnOutOfMemoryError               = true                                   {manageable} {command line}
    ccstr HeapDumpPath                             = c:\Users\ankik\AppData\Roaming\Code\User\workspaceStorage\9961edf7579b5d0fc1c44e751a7c1207\redhat.java         {manageable} {command line}
   size_t InitialHeapSize                          = 104857600                                 {product} {command line}
   size_t MaxHeapSize                              = 1073741824                                {product} {command line}
   size_t MaxNewSize                               = 357564416                                 {product} {ergonomic}
   size_t MinHeapDeltaBytes                        = 524288                                    {product} {ergonomic}
   size_t MinHeapSize                              = 104857600                                 {product} {command line}
   size_t NewSize                                  = 34603008                                  {product} {ergonomic}
    uintx NonNMethodCodeHeapSize                   = 5839372                                {pd product} {ergonomic}
    uintx NonProfiledCodeHeapSize                  = 122909434                              {pd product} {ergonomic}
   size_t OldSize                                  = 70254592                                  {product} {ergonomic}
    uintx ProfiledCodeHeapSize                     = 122909434                              {pd product} {ergonomic}
    uintx ReservedCodeCacheSize                    = 251658240                              {pd product} {ergonomic}
     bool SegmentedCodeCache                       = true                                      {product} {ergonomic}
   size_t SoftMaxHeapSize                          = 1073741824                             {manageable} {ergonomic}
     bool UseCompressedOops                        = true                           {product lp64_product} {ergonomic}
     bool UseLargePagesIndividualAllocation        = false                                  {pd product} {ergonomic}
     bool UseParallelGC                            = true                                      {product} {command line}

Logging:
Log output configuration:
 #0: stdout all=off uptime,level,tags foldmultilines=false
 #1: stderr all=off uptime,level,tags foldmultilines=false

Environment Variables:
PATH=C:\WINDOWS\system32;C:\WINDOWS;C:\WINDOWS\System32\Wbem;C:\WINDOWS\System32\WindowsPowerShell\v1.0\;C:\WINDOWS\System32\OpenSSH\;C:\Program Files\dotnet\;C:\Program Files\Git\cmd;C:\Users\ankik\AppData\Local\Microsoft\WindowsApps;C:\Users\ankik\AppData\Local\Programs\Microsoft VS Code\bin;C:\Users\ankik\AppData\Local\GitHubDesktop\bin
USERNAME=ankik
OS=Windows_NT
PROCESSOR_IDENTIFIER=Intel64 Family 6 Model 140 Stepping 1, GenuineIntel
TMP=C:\Users\ankik\AppData\Local\Temp
TEMP=C:\Users\ankik\AppData\Local\Temp




Periodic native trim disabled

---------------  S Y S T E M  ---------------

OS:
 Windows 11 , 64 bit Build 26100 (10.0.26100.3912)
OS uptime: 15 days 21:06 hours
Hyper-V role detected

CPU: total 8 (initial active 8) (4 cores per cpu, 2 threads per core) family 6 model 140 stepping 1 microcode 0x8a, cx8, cmov, fxsr, ht, mmx, 3dnowpref, sse, sse2, sse3, ssse3, sse4.1, sse4.2, popcnt, lzcnt, tsc, tscinvbit, avx, avx2, aes, erms, clmul, bmi1, bmi2, adx, avx512f, avx512dq, avx512cd, avx512bw, avx512vl, sha, fma, vzeroupper, avx512_vpopcntdq, avx512_vpclmulqdq, avx512_vaes, avx512_vnni, clflush, clflushopt, clwb, avx512_vbmi2, avx512_vbmi, hv, rdtscp, rdpid, fsrm, gfni, avx512_bitalg, f16c, cet_ibt, cet_ss, avx512_ifma
Processor Information for the first 8 processors :
  Max Mhz: 2419, Current Mhz: 2419, Mhz Limit: 2419

Memory: 4k page, system-wide physical 7971M (788M free)
TotalPageFile size 10971M (AvailPageFile size 3M)
current process WorkingSet (physical memory assigned to process): 198M, peak: 202M
current process commit charge ("private bytes"): 285M, peak: 287M

vm_info: OpenJDK 64-Bit Server VM (21.0.6+7-LTS) for windows-amd64 JRE (21.0.6+7-LTS), built on 2025-01-21T00:00:00Z by "admin" with MS VC++ 17.7 (VS2022)

END.
