#
# There is insufficient memory for the Java Runtime Environment to continue.
# Native memory allocation (malloc) failed to allocate 2141296 bytes. Error detail: Chunk::new
# Possible reasons:
#   The system is out of physical RAM or swap space
#   This process is running with CompressedOops enabled, and the Java Heap may be blocking the growth of the native heap
# Possible solutions:
#   Reduce memory load on the system
#   Increase physical memory or swap space
#   Check if swap backing store is full
#   Decrease Java heap size (-Xmx/-Xms)
#   Decrease number of Java threads
#   Decrease Java thread stack sizes (-Xss)
#   Set larger code cache with -XX:ReservedCodeCacheSize=
#   JVM is running with Unscaled Compressed Oops mode in which the Java heap is
#     placed in the first 4GB address space. The Java Heap base address is the
#     maximum limit for the native heap growth. Please use -XX:HeapBaseMinAddress
#     to set the Java Heap base and to place the Java Heap above 4GB virtual address.
# This output file may be truncated or incomplete.
#
#  Out of Memory Error (arena.cpp:168), pid=7696, tid=16904
#
# JRE version: OpenJDK Runtime Environment Temurin-21.0.6+7 (21.0.6+7) (build 21.0.6+7-LTS)
# Java VM: OpenJDK 64-Bit Server VM Temurin-21.0.6+7 (21.0.6+7-LTS, mixed mode, sharing, tiered, compressed oops, compressed class ptrs, parallel gc, windows-amd64)
# No core dump will be written. Minidumps are not enabled by default on client versions of Windows
#

---------------  S U M M A R Y ------------

Command Line: --add-modules=ALL-SYSTEM --add-opens=java.base/java.util=ALL-UNNAMED --add-opens=java.base/java.lang=ALL-UNNAMED --add-opens=java.base/sun.nio.fs=ALL-UNNAMED -Declipse.application=org.eclipse.jdt.ls.core.id1 -Dosgi.bundles.defaultStartLevel=4 -Declipse.product=org.eclipse.jdt.ls.core.product -Djava.import.generatesMetadataFilesAtProjectRoot=false -DDetectVMInstallationsJob.disabled=true -Dfile.encoding=utf8 -XX:+UseParallelGC -XX:GCTimeRatio=4 -XX:AdaptiveSizePolicyWeight=90 -Dsun.zip.disableMemoryMapping=true -Xmx1G -Xms100m -Xlog:disable -javaagent:c:\Users\ankik\.vscode\extensions\redhat.java-1.41.1-win32-x64\lombok\lombok-1.18.36.jar -XX:+HeapDumpOnOutOfMemoryError -XX:HeapDumpPath=c:\Users\ankik\AppData\Roaming\Code\User\workspaceStorage\9961edf7579b5d0fc1c44e751a7c1207\redhat.java -Daether.dependencyCollector.impl=bf c:\Users\ankik\.vscode\extensions\redhat.java-1.41.1-win32-x64\server\plugins\org.eclipse.equinox.launcher_1.7.0.v20250331-1702.jar -configuration c:\Users\ankik\AppData\Roaming\Code\User\globalStorage\redhat.java\1.41.1\config_win -data c:\Users\ankik\AppData\Roaming\Code\User\workspaceStorage\9961edf7579b5d0fc1c44e751a7c1207\redhat.java\jdt_ws --pipe=\\.\pipe\lsp-d5156190fbc56a2cc142371ac108d8e7-sock

Host: 11th Gen Intel(R) Core(TM) i5-1135G7 @ 2.40GHz, 8 cores, 7G,  Windows 11 , 64 bit Build 26100 (10.0.26100.3912)
Time: Tue May 13 15:25:13 2025 India Standard Time elapsed time: 6.314257 seconds (0d 0h 0m 6s)

---------------  T H R E A D  ---------------

Current thread (0x00000234af8f94f0):  JavaThread "C2 CompilerThread1" daemon [_thread_in_native, id=16904, stack(0x0000003ffc300000,0x0000003ffc400000) (1024K)]


Current CompileTask:
C2:6314 4009       4       org.lombokweb.asm.ClassReader::readMethod (1070 bytes)

Stack: [0x0000003ffc300000,0x0000003ffc400000]
Native frames: (J=compiled Java code, j=interpreted, Vv=VM code, C=native code)
V  [jvm.dll+0x6cdee9]
V  [jvm.dll+0x8a83d1]
V  [jvm.dll+0x8aa8fe]
V  [jvm.dll+0x8aafe3]
V  [jvm.dll+0x27f706]
V  [jvm.dll+0xc500d]
V  [jvm.dll+0xc5543]
V  [jvm.dll+0x3b6752]
V  [jvm.dll+0x1e0009]
V  [jvm.dll+0x247b42]
V  [jvm.dll+0x246fcf]
V  [jvm.dll+0x1c75ee]
V  [jvm.dll+0x25685a]
V  [jvm.dll+0x254dfa]
V  [jvm.dll+0x3f0256]
V  [jvm.dll+0x851f8b]
V  [jvm.dll+0x6cc5ed]
C  [ucrtbase.dll+0x37b0]
C  [KERNEL32.DLL+0x2e8d7]
C  [ntdll.dll+0x9c5dc]


---------------  P R O C E S S  ---------------

Threads class SMR info:
_java_thread_list=0x00000234f9829020, length=41, elements={
0x000002349b518f00, 0x00000234af8cb150, 0x00000234af8ccf10, 0x00000234af8d1890,
0x00000234af8d66a0, 0x00000234af8d8de0, 0x00000234af8dca40, 0x00000234af8f4bc0,
0x00000234af8fa290, 0x000002349b58a820, 0x00000234f279e640, 0x00000234f7714860,
0x00000234f7549610, 0x00000234f769e600, 0x00000234f74d50e0, 0x00000234f7b32bc0,
0x00000234f7896f40, 0x00000234f75fea50, 0x00000234f7804ef0, 0x00000234f78041d0,
0x00000234f78062a0, 0x00000234f7805c10, 0x00000234f7806930, 0x00000234af8f94f0,
0x00000234f7805580, 0x00000234af8f6c10, 0x00000234f78034b0, 0x00000234f7803b40,
0x00000234f7804860, 0x00000234f981ccf0, 0x00000234f981e730, 0x00000234f981da10,
0x00000234f981bfd0, 0x00000234f981b940, 0x00000234f981f450, 0x00000234f981e0a0,
0x00000234f981edc0, 0x00000234f981fae0, 0x00000234f981d380, 0x00000234f981c660,
0x00000234f9820e90
}

Java Threads: ( => current thread )
  0x000002349b518f00 JavaThread "main"                              [_thread_in_native, id=11936, stack(0x0000003ffa200000,0x0000003ffa300000) (1024K)]
  0x00000234af8cb150 JavaThread "Reference Handler"          daemon [_thread_blocked, id=22244, stack(0x0000003ffa600000,0x0000003ffa700000) (1024K)]
  0x00000234af8ccf10 JavaThread "Finalizer"                  daemon [_thread_blocked, id=8744, stack(0x0000003ffa700000,0x0000003ffa800000) (1024K)]
  0x00000234af8d1890 JavaThread "Signal Dispatcher"          daemon [_thread_blocked, id=14676, stack(0x0000003ffa800000,0x0000003ffa900000) (1024K)]
  0x00000234af8d66a0 JavaThread "Attach Listener"            daemon [_thread_blocked, id=17248, stack(0x0000003ffa900000,0x0000003ffaa00000) (1024K)]
  0x00000234af8d8de0 JavaThread "Service Thread"             daemon [_thread_blocked, id=17424, stack(0x0000003ffaa00000,0x0000003ffab00000) (1024K)]
  0x00000234af8dca40 JavaThread "Monitor Deflation Thread"   daemon [_thread_blocked, id=12836, stack(0x0000003ffab00000,0x0000003ffac00000) (1024K)]
  0x00000234af8f4bc0 JavaThread "C2 CompilerThread0"         daemon [_thread_in_native, id=20536, stack(0x0000003ffac00000,0x0000003ffad00000) (1024K)]
  0x00000234af8fa290 JavaThread "C1 CompilerThread0"         daemon [_thread_in_native, id=11596, stack(0x0000003ffad00000,0x0000003ffae00000) (1024K)]
  0x000002349b58a820 JavaThread "Common-Cleaner"             daemon [_thread_blocked, id=9840, stack(0x0000003ffae00000,0x0000003ffaf00000) (1024K)]
  0x00000234f279e640 JavaThread "Notification Thread"        daemon [_thread_blocked, id=13540, stack(0x0000003ffb000000,0x0000003ffb100000) (1024K)]
  0x00000234f7714860 JavaThread "Active Thread: Equinox Container: 3358a5b9-f130-4e16-a20d-e0d302a32126"        [_thread_blocked, id=4064, stack(0x0000003ffb800000,0x0000003ffb900000) (1024K)]
  0x00000234f7549610 JavaThread "Refresh Thread: Equinox Container: 3358a5b9-f130-4e16-a20d-e0d302a32126" daemon [_thread_blocked, id=19060, stack(0x0000003ffb900000,0x0000003ffba00000) (1024K)]
  0x00000234f769e600 JavaThread "Framework Event Dispatcher: Equinox Container: 3358a5b9-f130-4e16-a20d-e0d302a32126" daemon [_thread_blocked, id=16408, stack(0x0000003ffbb00000,0x0000003ffbc00000) (1024K)]
  0x00000234f74d50e0 JavaThread "Start Level: Equinox Container: 3358a5b9-f130-4e16-a20d-e0d302a32126" daemon [_thread_blocked, id=18248, stack(0x0000003ffbc00000,0x0000003ffbd00000) (1024K)]
  0x00000234f7b32bc0 JavaThread "Bundle File Closer"         daemon [_thread_blocked, id=17480, stack(0x0000003ffbd00000,0x0000003ffbe00000) (1024K)]
  0x00000234f7896f40 JavaThread "SCR Component Actor"        daemon [_thread_blocked, id=8996, stack(0x0000003ffbe00000,0x0000003ffbf00000) (1024K)]
  0x00000234f75fea50 JavaThread "SCR Component Registry"     daemon [_thread_blocked, id=16492, stack(0x0000003ffbf00000,0x0000003ffc000000) (1024K)]
  0x00000234f7804ef0 JavaThread "Worker-JM"                         [_thread_blocked, id=13488, stack(0x0000003ffc000000,0x0000003ffc100000) (1024K)]
  0x00000234f78041d0 JavaThread "JNA Cleaner"                daemon [_thread_blocked, id=15668, stack(0x0000003ffaf00000,0x0000003ffb000000) (1024K)]
  0x00000234f78062a0 JavaThread "Worker-0: Updating Maven Dependencies"        [_thread_blocked, id=8320, stack(0x0000003ffb100000,0x0000003ffb200000) (1024K)]
  0x00000234f7805c10 JavaThread "Worker-1: Building"                [_thread_in_Java, id=21336, stack(0x0000003ffc100000,0x0000003ffc200000) (1024K)]
  0x00000234f7806930 JavaThread "Worker-2: Processing Java changes since last activation"        [_thread_blocked, id=21924, stack(0x0000003ffc200000,0x0000003ffc300000) (1024K)]
=>0x00000234af8f94f0 JavaThread "C2 CompilerThread1"         daemon [_thread_in_native, id=16904, stack(0x0000003ffc300000,0x0000003ffc400000) (1024K)]
  0x00000234f7805580 JavaThread "Java indexing"              daemon [_thread_blocked, id=12420, stack(0x0000003ffc400000,0x0000003ffc500000) (1024K)]
  0x00000234af8f6c10 JavaThread "C2 CompilerThread2"         daemon [_thread_in_vm, id=7912, stack(0x0000003ffc500000,0x0000003ffc600000) (1024K)]
  0x00000234f78034b0 JavaThread "Worker-3: Repository registry initialization"        [_thread_in_Java, id=7960, stack(0x0000003ffc600000,0x0000003ffc700000) (1024K)]
  0x00000234f7803b40 JavaThread "Worker-4: Initialize After Load"        [_thread_blocked, id=21004, stack(0x0000003ffc700000,0x0000003ffc800000) (1024K)]
  0x00000234f7804860 JavaThread "Worker-5"                          [_thread_blocked, id=7452, stack(0x0000003ffca00000,0x0000003ffcb00000) (1024K)]
  0x00000234f981ccf0 JavaThread "Worker-6"                          [_thread_blocked, id=21360, stack(0x0000003ffcb00000,0x0000003ffcc00000) (1024K)]
  0x00000234f981e730 JavaThread "Worker-7"                          [_thread_blocked, id=13148, stack(0x0000003ffcc00000,0x0000003ffcd00000) (1024K)]
  0x00000234f981da10 JavaThread "Thread-2"                   daemon [_thread_in_native, id=22180, stack(0x0000003ffcd00000,0x0000003ffce00000) (1024K)]
  0x00000234f981bfd0 JavaThread "Thread-3"                   daemon [_thread_in_native, id=4408, stack(0x0000003ffce00000,0x0000003ffcf00000) (1024K)]
  0x00000234f981b940 JavaThread "Thread-4"                   daemon [_thread_in_native, id=5848, stack(0x0000003ffcf00000,0x0000003ffd000000) (1024K)]
  0x00000234f981f450 JavaThread "Thread-5"                   daemon [_thread_in_native, id=19160, stack(0x0000003ffd000000,0x0000003ffd100000) (1024K)]
  0x00000234f981e0a0 JavaThread "Thread-6"                   daemon [_thread_in_native, id=14864, stack(0x0000003ffd100000,0x0000003ffd200000) (1024K)]
  0x00000234f981edc0 JavaThread "Thread-7"                   daemon [_thread_in_native, id=9796, stack(0x0000003ffd200000,0x0000003ffd300000) (1024K)]
  0x00000234f981fae0 JavaThread "Thread-8"                   daemon [_thread_in_native, id=3028, stack(0x0000003ffd300000,0x0000003ffd400000) (1024K)]
  0x00000234f981d380 JavaThread "Thread-9"                   daemon [_thread_in_native, id=16876, stack(0x0000003ffd400000,0x0000003ffd500000) (1024K)]
  0x00000234f981c660 JavaThread "Thread-10"                  daemon [_thread_in_native, id=13592, stack(0x0000003ffd500000,0x0000003ffd600000) (1024K)]
  0x00000234f9820e90 JavaThread "pool-2-thread-1"                   [_thread_blocked, id=7328, stack(0x0000003ffd600000,0x0000003ffd700000) (1024K)]
Total: 41

Other Threads:
  0x00000234af8b0cb0 VMThread "VM Thread"                           [id=16804, stack(0x0000003ffa500000,0x0000003ffa600000) (1024K)]
  0x00000234af7ec950 WatcherThread "VM Periodic Task Thread"        [id=8024, stack(0x0000003ffa400000,0x0000003ffa500000) (1024K)]
  0x000002349b538380 WorkerThread "GC Thread#0"                     [id=21416, stack(0x0000003ffa300000,0x0000003ffa400000) (1024K)]
  0x00000234f2694d90 WorkerThread "GC Thread#1"                     [id=1560, stack(0x0000003ffb200000,0x0000003ffb300000) (1024K)]
  0x00000234f2695130 WorkerThread "GC Thread#2"                     [id=10576, stack(0x0000003ffb300000,0x0000003ffb400000) (1024K)]
  0x00000234f2896eb0 WorkerThread "GC Thread#3"                     [id=4928, stack(0x0000003ffb400000,0x0000003ffb500000) (1024K)]
  0x00000234f2897250 WorkerThread "GC Thread#4"                     [id=8656, stack(0x0000003ffb500000,0x0000003ffb600000) (1024K)]
  0x00000234f28975f0 WorkerThread "GC Thread#5"                     [id=1156, stack(0x0000003ffb600000,0x0000003ffb700000) (1024K)]
  0x00000234f289c090 WorkerThread "GC Thread#6"                     [id=4892, stack(0x0000003ffb700000,0x0000003ffb800000) (1024K)]
  0x00000234f71f0a20 WorkerThread "GC Thread#7"                     [id=21244, stack(0x0000003ffba00000,0x0000003ffbb00000) (1024K)]
Total: 10

Threads with active compile tasks:
C2 CompilerThread0  6346 4666       4       java.util.Spliterators$1Adapter::hasNext (23 bytes)
C1 CompilerThread0  6346 4761       3       java.util.ImmutableCollections$MapN$MapNIterator::nextIndex (56 bytes)
C2 CompilerThread1  6346 4009       4       org.lombokweb.asm.ClassReader::readMethod (1070 bytes)
C2 CompilerThread2  6346 4665       4       org.eclipse.osgi.internal.loader.ModuleClassLoader::toString (80 bytes)
Total: 4

VM state: not at safepoint (normal execution)

VM Mutex/Monitor currently owned by a thread: None

Heap address: 0x00000000c0000000, size: 1024 MB, Compressed Oops mode: 32-bit

CDS archive(s) mapped at: [0x00000234b0000000-0x00000234b0ba0000-0x00000234b0ba0000), size 12189696, SharedBaseAddress: 0x00000234b0000000, ArchiveRelocationMode: 1.
Compressed class space mapped at: 0x00000234b1000000-0x00000234f1000000, reserved size: 1073741824
Narrow klass base: 0x00000234b0000000, Narrow klass shift: 0, Narrow klass range: 0x100000000

GC Precious Log:
 CardTable entry size: 512
 CPUs: 8 total, 8 available
 Memory: 7971M
 Large Page Support: Disabled
 NUMA Support: Disabled
 Compressed Oops: Enabled (32-bit)
 Alignments: Space 512K, Generation 512K, Heap 2M
 Heap Min Capacity: 100M
 Heap Initial Capacity: 100M
 Heap Max Capacity: 1G
 Pre-touch: Disabled
 Parallel Workers: 8

Heap:
 PSYoungGen      total 23552K, used 13184K [0x00000000eab00000, 0x00000000ec500000, 0x0000000100000000)
  eden space 22528K, 58% used [0x00000000eab00000,0x00000000eb7e02c0,0x00000000ec100000)
  from space 1024K, 0% used [0x00000000ec400000,0x00000000ec400000,0x00000000ec500000)
  to   space 1536K, 0% used [0x00000000ec200000,0x00000000ec200000,0x00000000ec380000)
 ParOldGen       total 68608K, used 20655K [0x00000000c0000000, 0x00000000c4300000, 0x00000000eab00000)
  object space 68608K, 30% used [0x00000000c0000000,0x00000000c142bd90,0x00000000c4300000)
 Metaspace       used 35459K, committed 36544K, reserved 1114112K
  class space    used 3523K, committed 4032K, reserved 1048576K

Card table byte_map: [0x000002349aec0000,0x000002349b0d0000] _byte_map_base: 0x000002349a8c0000

Marking Bits: (ParMarkBitMap*) 0x00007ffd7e623260
 Begin Bits: [0x00000234ad710000, 0x00000234ae710000)
 End Bits:   [0x00000234ae710000, 0x00000234af710000)

Polling page: 0x0000023499390000

Metaspace:

Usage:
  Non-class:     31.19 MB used.
      Class:      3.44 MB used.
       Both:     34.63 MB used.

Virtual space:
  Non-class space:       64.00 MB reserved,      31.75 MB ( 50%) committed,  1 nodes.
      Class space:        1.00 GB reserved,       3.94 MB ( <1%) committed,  1 nodes.
             Both:        1.06 GB reserved,      35.69 MB (  3%) committed. 

Chunk freelists:
   Non-Class:  15.58 MB
       Class:  12.03 MB
        Both:  27.61 MB

MaxMetaspaceSize: unlimited
CompressedClassSpaceSize: 1.00 GB
Initial GC threshold: 21.00 MB
Current GC threshold: 58.88 MB
CDS: on
 - commit_granule_bytes: 65536.
 - commit_granule_words: 8192.
 - virtual_space_node_default_size: 8388608.
 - enlarge_chunks_in_place: 1.
 - use_allocation_guard: 0.


Internal statistics:

num_allocs_failed_limit: 10.
num_arena_births: 762.
num_arena_deaths: 14.
num_vsnodes_births: 2.
num_vsnodes_deaths: 0.
num_space_committed: 571.
num_space_uncommitted: 0.
num_chunks_returned_to_freelist: 24.
num_chunks_taken_from_freelist: 2277.
num_chunk_merges: 12.
num_chunk_splits: 1432.
num_chunks_enlarged: 840.
num_inconsistent_stats: 0.

CodeHeap 'non-profiled nmethods': size=120000Kb used=1929Kb max_used=2248Kb free=118070Kb
 bounds [0x00000234a61e0000, 0x00000234a6450000, 0x00000234ad710000]
CodeHeap 'profiled nmethods': size=120000Kb used=8398Kb max_used=9855Kb free=111601Kb
 bounds [0x000002349e710000, 0x000002349f0b0000, 0x00000234a5c40000]
CodeHeap 'non-nmethods': size=5760Kb used=1372Kb max_used=1403Kb free=4387Kb
 bounds [0x00000234a5c40000, 0x00000234a5eb0000, 0x00000234a61e0000]
 total_blobs=4812 nmethods=4155 adapters=563
 compilation: enabled
              stopped_count=0, restarted_count=0
 full_count=0

Compilation events (20 events):
Event: 5.276 Thread 0x00000234af8f4bc0 4705       4       com.google.gson.stream.JsonReader::nextQuotedValue (294 bytes)
Event: 5.291 Thread 0x00000234af8f6c10 nmethod 4716 0x00000234a6293490 code [0x00000234a6293700, 0x00000234a6294ae8]
Event: 5.291 Thread 0x00000234af8f6c10 4717       4       com.google.gson.stream.JsonReader::nextNonWhitespace (354 bytes)
Event: 5.291 Thread 0x00000234af8f4bc0 nmethod 4705 0x00000234a61efe10 code [0x00000234a61f0040, 0x00000234a61f0c30]
Event: 5.291 Thread 0x00000234af8f4bc0 4687       4       jdk.internal.jimage.ImageReader$SharedImageReader::makeDirectories (54 bytes)
Event: 5.293 Thread 0x00000234af8f6c10 nmethod 4717 0x00000234a6221f10 code [0x00000234a62220c0, 0x00000234a6222330]
Event: 5.293 Thread 0x00000234af8f6c10 4725       4       java.lang.String::compareTo (9 bytes)
Event: 5.294 Thread 0x00000234af8f6c10 nmethod 4725 0x00000234a6201c90 code [0x00000234a6201e20, 0x00000234a62020a0]
Event: 5.294 Thread 0x00000234af8f6c10 4670       4       jdk.internal.jrtfs.JrtPath::getResolvedPath (39 bytes)
Event: 5.298 Thread 0x00000234af8f6c10 nmethod 4670 0x00000234a6227c90 code [0x00000234a6227e60, 0x00000234a62281f8]
Event: 5.298 Thread 0x00000234af8f6c10 4685   !   4       jdk.internal.jrtfs.JrtFileSystem::lookup (23 bytes)
Event: 5.300 Thread 0x00000234af8fa290 4732       3       java.util.regex.Pattern$$Lambda/0x00000234b1066ef8::is (5 bytes)
Event: 5.301 Thread 0x00000234af8fa290 nmethod 4732 0x000002349e841e90 code [0x000002349e842040, 0x000002349e842298]
Event: 5.301 Thread 0x00000234af8fa290 4733       3       java.util.regex.Pattern::lambda$DOT$11 (34 bytes)
Event: 5.301 Thread 0x00000234af8fa290 nmethod 4733 0x000002349e74d710 code [0x000002349e74d8c0, 0x000002349e74da98]
Event: 5.301 Thread 0x00000234af8fa290 4734       3       java.util.concurrent.ConcurrentLinkedQueue::updateHead (26 bytes)
Event: 5.303 Thread 0x00000234af8fa290 nmethod 4734 0x000002349e86b690 code [0x000002349e86b9e0, 0x000002349e86ce38]
Event: 5.307 Thread 0x00000234af8f6c10 nmethod 4685 0x00000234a62b8390 code [0x00000234a62b85a0, 0x00000234a62b8e88]
Event: 5.307 Thread 0x00000234af8f6c10 4686       4       jdk.internal.jrtfs.SystemImage$1::findNode (9 bytes)
Event: 5.322 Thread 0x00000234af8fa290 4735       3       java.util.regex.Pattern$CharProperty::match (71 bytes)

GC Heap History (20 events):
Event: 3.176 GC heap before
{Heap before GC invocations=7 (full 0):
 PSYoungGen      total 29184K, used 22810K [0x00000000eab00000, 0x00000000ece00000, 0x0000000100000000)
  eden space 24576K, 75% used [0x00000000eab00000,0x00000000ebd191d0,0x00000000ec300000)
  from space 4608K, 92% used [0x00000000ec980000,0x00000000ecdad8e8,0x00000000ece00000)
  to   space 5120K, 0% used [0x00000000ec400000,0x00000000ec400000,0x00000000ec900000)
 ParOldGen       total 68608K, used 8352K [0x00000000c0000000, 0x00000000c4300000, 0x00000000eab00000)
  object space 68608K, 12% used [0x00000000c0000000,0x00000000c0828380,0x00000000c4300000)
 Metaspace       used 20779K, committed 21504K, reserved 1114112K
  class space    used 2103K, committed 2432K, reserved 1048576K
}
Event: 3.181 GC heap after
{Heap after GC invocations=7 (full 0):
 PSYoungGen      total 29184K, used 4103K [0x00000000eab00000, 0x00000000ecc00000, 0x0000000100000000)
  eden space 24576K, 0% used [0x00000000eab00000,0x00000000eab00000,0x00000000ec300000)
  from space 4608K, 89% used [0x00000000ec400000,0x00000000ec801d98,0x00000000ec880000)
  to   space 3584K, 0% used [0x00000000ec880000,0x00000000ec880000,0x00000000ecc00000)
 ParOldGen       total 68608K, used 9573K [0x00000000c0000000, 0x00000000c4300000, 0x00000000eab00000)
  object space 68608K, 13% used [0x00000000c0000000,0x00000000c0959580,0x00000000c4300000)
 Metaspace       used 20779K, committed 21504K, reserved 1114112K
  class space    used 2103K, committed 2432K, reserved 1048576K
}
Event: 3.181 GC heap before
{Heap before GC invocations=8 (full 1):
 PSYoungGen      total 29184K, used 4103K [0x00000000eab00000, 0x00000000ecc00000, 0x0000000100000000)
  eden space 24576K, 0% used [0x00000000eab00000,0x00000000eab00000,0x00000000ec300000)
  from space 4608K, 89% used [0x00000000ec400000,0x00000000ec801d98,0x00000000ec880000)
  to   space 3584K, 0% used [0x00000000ec880000,0x00000000ec880000,0x00000000ecc00000)
 ParOldGen       total 68608K, used 9573K [0x00000000c0000000, 0x00000000c4300000, 0x00000000eab00000)
  object space 68608K, 13% used [0x00000000c0000000,0x00000000c0959580,0x00000000c4300000)
 Metaspace       used 20779K, committed 21504K, reserved 1114112K
  class space    used 2103K, committed 2432K, reserved 1048576K
}
Event: 3.211 GC heap after
{Heap after GC invocations=8 (full 1):
 PSYoungGen      total 29184K, used 0K [0x00000000eab00000, 0x00000000ecc00000, 0x0000000100000000)
  eden space 24576K, 0% used [0x00000000eab00000,0x00000000eab00000,0x00000000ec300000)
  from space 4608K, 0% used [0x00000000ec400000,0x00000000ec400000,0x00000000ec880000)
  to   space 3584K, 0% used [0x00000000ec880000,0x00000000ec880000,0x00000000ecc00000)
 ParOldGen       total 68608K, used 12973K [0x00000000c0000000, 0x00000000c4300000, 0x00000000eab00000)
  object space 68608K, 18% used [0x00000000c0000000,0x00000000c0cab6c0,0x00000000c4300000)
 Metaspace       used 20766K, committed 21504K, reserved 1114112K
  class space    used 2100K, committed 2432K, reserved 1048576K
}
Event: 3.332 GC heap before
{Heap before GC invocations=9 (full 1):
 PSYoungGen      total 29184K, used 24576K [0x00000000eab00000, 0x00000000ecc00000, 0x0000000100000000)
  eden space 24576K, 100% used [0x00000000eab00000,0x00000000ec300000,0x00000000ec300000)
  from space 4608K, 0% used [0x00000000ec400000,0x00000000ec400000,0x00000000ec880000)
  to   space 3584K, 0% used [0x00000000ec880000,0x00000000ec880000,0x00000000ecc00000)
 ParOldGen       total 68608K, used 12973K [0x00000000c0000000, 0x00000000c4300000, 0x00000000eab00000)
  object space 68608K, 18% used [0x00000000c0000000,0x00000000c0cab6c0,0x00000000c4300000)
 Metaspace       used 23481K, committed 24256K, reserved 1114112K
  class space    used 2268K, committed 2560K, reserved 1048576K
}
Event: 3.333 GC heap after
{Heap after GC invocations=9 (full 1):
 PSYoungGen      total 24576K, used 309K [0x00000000eab00000, 0x00000000ec900000, 0x0000000100000000)
  eden space 24064K, 0% used [0x00000000eab00000,0x00000000eab00000,0x00000000ec280000)
  from space 512K, 60% used [0x00000000ec880000,0x00000000ec8cd450,0x00000000ec900000)
  to   space 2048K, 0% used [0x00000000ec500000,0x00000000ec500000,0x00000000ec700000)
 ParOldGen       total 68608K, used 12981K [0x00000000c0000000, 0x00000000c4300000, 0x00000000eab00000)
  object space 68608K, 18% used [0x00000000c0000000,0x00000000c0cad6c0,0x00000000c4300000)
 Metaspace       used 23481K, committed 24256K, reserved 1114112K
  class space    used 2268K, committed 2560K, reserved 1048576K
}
Event: 3.466 GC heap before
{Heap before GC invocations=10 (full 1):
 PSYoungGen      total 24576K, used 24373K [0x00000000eab00000, 0x00000000ec900000, 0x0000000100000000)
  eden space 24064K, 100% used [0x00000000eab00000,0x00000000ec280000,0x00000000ec280000)
  from space 512K, 60% used [0x00000000ec880000,0x00000000ec8cd450,0x00000000ec900000)
  to   space 2048K, 0% used [0x00000000ec500000,0x00000000ec500000,0x00000000ec700000)
 ParOldGen       total 68608K, used 12981K [0x00000000c0000000, 0x00000000c4300000, 0x00000000eab00000)
  object space 68608K, 18% used [0x00000000c0000000,0x00000000c0cad6c0,0x00000000c4300000)
 Metaspace       used 26243K, committed 27008K, reserved 1114112K
  class space    used 2492K, committed 2816K, reserved 1048576K
}
Event: 3.468 GC heap after
{Heap after GC invocations=10 (full 1):
 PSYoungGen      total 25600K, used 1371K [0x00000000eab00000, 0x00000000ec900000, 0x0000000100000000)
  eden space 23552K, 0% used [0x00000000eab00000,0x00000000eab00000,0x00000000ec200000)
  from space 2048K, 66% used [0x00000000ec500000,0x00000000ec656da0,0x00000000ec700000)
  to   space 2048K, 0% used [0x00000000ec700000,0x00000000ec700000,0x00000000ec900000)
 ParOldGen       total 68608K, used 13762K [0x00000000c0000000, 0x00000000c4300000, 0x00000000eab00000)
  object space 68608K, 20% used [0x00000000c0000000,0x00000000c0d70bd0,0x00000000c4300000)
 Metaspace       used 26243K, committed 27008K, reserved 1114112K
  class space    used 2492K, committed 2816K, reserved 1048576K
}
Event: 3.645 GC heap before
{Heap before GC invocations=11 (full 1):
 PSYoungGen      total 25600K, used 24923K [0x00000000eab00000, 0x00000000ec900000, 0x0000000100000000)
  eden space 23552K, 100% used [0x00000000eab00000,0x00000000ec200000,0x00000000ec200000)
  from space 2048K, 66% used [0x00000000ec500000,0x00000000ec656da0,0x00000000ec700000)
  to   space 2048K, 0% used [0x00000000ec700000,0x00000000ec700000,0x00000000ec900000)
 ParOldGen       total 68608K, used 13762K [0x00000000c0000000, 0x00000000c4300000, 0x00000000eab00000)
  object space 68608K, 20% used [0x00000000c0000000,0x00000000c0d70bd0,0x00000000c4300000)
 Metaspace       used 28457K, committed 29312K, reserved 1114112K
  class space    used 2675K, committed 3072K, reserved 1048576K
}
Event: 3.647 GC heap after
{Heap after GC invocations=11 (full 1):
 PSYoungGen      total 25088K, used 2032K [0x00000000eab00000, 0x00000000ec900000, 0x0000000100000000)
  eden space 23040K, 0% used [0x00000000eab00000,0x00000000eab00000,0x00000000ec180000)
  from space 2048K, 99% used [0x00000000ec700000,0x00000000ec8fc048,0x00000000ec900000)
  to   space 3072K, 0% used [0x00000000ec300000,0x00000000ec300000,0x00000000ec600000)
 ParOldGen       total 68608K, used 14122K [0x00000000c0000000, 0x00000000c4300000, 0x00000000eab00000)
  object space 68608K, 20% used [0x00000000c0000000,0x00000000c0dcabd0,0x00000000c4300000)
 Metaspace       used 28457K, committed 29312K, reserved 1114112K
  class space    used 2675K, committed 3072K, reserved 1048576K
}
Event: 4.908 GC heap before
{Heap before GC invocations=12 (full 1):
 PSYoungGen      total 25088K, used 25072K [0x00000000eab00000, 0x00000000ec900000, 0x0000000100000000)
  eden space 23040K, 100% used [0x00000000eab00000,0x00000000ec180000,0x00000000ec180000)
  from space 2048K, 99% used [0x00000000ec700000,0x00000000ec8fc048,0x00000000ec900000)
  to   space 3072K, 0% used [0x00000000ec300000,0x00000000ec300000,0x00000000ec600000)
 ParOldGen       total 68608K, used 14122K [0x00000000c0000000, 0x00000000c4300000, 0x00000000eab00000)
  object space 68608K, 20% used [0x00000000c0000000,0x00000000c0dcabd0,0x00000000c4300000)
 Metaspace       used 31649K, committed 32704K, reserved 1114112K
  class space    used 3059K, committed 3520K, reserved 1048576K
}
Event: 4.913 GC heap after
{Heap after GC invocations=12 (full 1):
 PSYoungGen      total 24576K, used 1744K [0x00000000eab00000, 0x00000000ec780000, 0x0000000100000000)
  eden space 22528K, 0% used [0x00000000eab00000,0x00000000eab00000,0x00000000ec100000)
  from space 2048K, 85% used [0x00000000ec300000,0x00000000ec4b4010,0x00000000ec500000)
  to   space 2048K, 0% used [0x00000000ec580000,0x00000000ec580000,0x00000000ec780000)
 ParOldGen       total 68608K, used 16016K [0x00000000c0000000, 0x00000000c4300000, 0x00000000eab00000)
  object space 68608K, 23% used [0x00000000c0000000,0x00000000c0fa4368,0x00000000c4300000)
 Metaspace       used 31649K, committed 32704K, reserved 1114112K
  class space    used 3059K, committed 3520K, reserved 1048576K
}
Event: 5.077 GC heap before
{Heap before GC invocations=13 (full 1):
 PSYoungGen      total 24576K, used 24272K [0x00000000eab00000, 0x00000000ec780000, 0x0000000100000000)
  eden space 22528K, 100% used [0x00000000eab00000,0x00000000ec100000,0x00000000ec100000)
  from space 2048K, 85% used [0x00000000ec300000,0x00000000ec4b4010,0x00000000ec500000)
  to   space 2048K, 0% used [0x00000000ec580000,0x00000000ec580000,0x00000000ec780000)
 ParOldGen       total 68608K, used 16016K [0x00000000c0000000, 0x00000000c4300000, 0x00000000eab00000)
  object space 68608K, 23% used [0x00000000c0000000,0x00000000c0fa4380,0x00000000c4300000)
 Metaspace       used 33920K, committed 35008K, reserved 1114112K
  class space    used 3306K, committed 3840K, reserved 1048576K
}
Event: 5.082 GC heap after
{Heap after GC invocations=13 (full 1):
 PSYoungGen      total 24576K, used 2027K [0x00000000eab00000, 0x00000000ec780000, 0x0000000100000000)
  eden space 22528K, 0% used [0x00000000eab00000,0x00000000eab00000,0x00000000ec100000)
  from space 2048K, 99% used [0x00000000ec580000,0x00000000ec77af10,0x00000000ec780000)
  to   space 2560K, 0% used [0x00000000ec280000,0x00000000ec280000,0x00000000ec500000)
 ParOldGen       total 68608K, used 17530K [0x00000000c0000000, 0x00000000c4300000, 0x00000000eab00000)
  object space 68608K, 25% used [0x00000000c0000000,0x00000000c111e840,0x00000000c4300000)
 Metaspace       used 33920K, committed 35008K, reserved 1114112K
  class space    used 3306K, committed 3840K, reserved 1048576K
}
Event: 5.146 GC heap before
{Heap before GC invocations=14 (full 1):
 PSYoungGen      total 24576K, used 19525K [0x00000000eab00000, 0x00000000ec780000, 0x0000000100000000)
  eden space 22528K, 77% used [0x00000000eab00000,0x00000000ebc166a0,0x00000000ec100000)
  from space 2048K, 99% used [0x00000000ec580000,0x00000000ec77af10,0x00000000ec780000)
  to   space 2560K, 0% used [0x00000000ec280000,0x00000000ec280000,0x00000000ec500000)
 ParOldGen       total 68608K, used 17530K [0x00000000c0000000, 0x00000000c4300000, 0x00000000eab00000)
  object space 68608K, 25% used [0x00000000c0000000,0x00000000c111e840,0x00000000c4300000)
 Metaspace       used 34778K, committed 35904K, reserved 1114112K
  class space    used 3410K, committed 3904K, reserved 1048576K
}
Event: 5.149 GC heap after
{Heap after GC invocations=14 (full 1):
 PSYoungGen      total 24064K, used 1408K [0x00000000eab00000, 0x00000000ec600000, 0x0000000100000000)
  eden space 22528K, 0% used [0x00000000eab00000,0x00000000eab00000,0x00000000ec100000)
  from space 1536K, 91% used [0x00000000ec280000,0x00000000ec3e0010,0x00000000ec400000)
  to   space 2048K, 0% used [0x00000000ec400000,0x00000000ec400000,0x00000000ec600000)
 ParOldGen       total 68608K, used 19375K [0x00000000c0000000, 0x00000000c4300000, 0x00000000eab00000)
  object space 68608K, 28% used [0x00000000c0000000,0x00000000c12ebcf0,0x00000000c4300000)
 Metaspace       used 34778K, committed 35904K, reserved 1114112K
  class space    used 3410K, committed 3904K, reserved 1048576K
}
Event: 5.185 GC heap before
{Heap before GC invocations=15 (full 1):
 PSYoungGen      total 24064K, used 11641K [0x00000000eab00000, 0x00000000ec600000, 0x0000000100000000)
  eden space 22528K, 45% used [0x00000000eab00000,0x00000000eb4fe3f8,0x00000000ec100000)
  from space 1536K, 91% used [0x00000000ec280000,0x00000000ec3e0010,0x00000000ec400000)
  to   space 2048K, 0% used [0x00000000ec400000,0x00000000ec400000,0x00000000ec600000)
 ParOldGen       total 68608K, used 19375K [0x00000000c0000000, 0x00000000c4300000, 0x00000000eab00000)
  object space 68608K, 28% used [0x00000000c0000000,0x00000000c12ebcf0,0x00000000c4300000)
 Metaspace       used 35041K, committed 36160K, reserved 1114112K
  class space    used 3448K, committed 3968K, reserved 1048576K
}
Event: 5.187 GC heap after
{Heap after GC invocations=15 (full 1):
 PSYoungGen      total 23552K, used 896K [0x00000000eab00000, 0x00000000ec500000, 0x0000000100000000)
  eden space 22528K, 0% used [0x00000000eab00000,0x00000000eab00000,0x00000000ec100000)
  from space 1024K, 87% used [0x00000000ec400000,0x00000000ec4e0000,0x00000000ec500000)
  to   space 1536K, 0% used [0x00000000ec200000,0x00000000ec200000,0x00000000ec380000)
 ParOldGen       total 68608K, used 20543K [0x00000000c0000000, 0x00000000c4300000, 0x00000000eab00000)
  object space 68608K, 29% used [0x00000000c0000000,0x00000000c140fd00,0x00000000c4300000)
 Metaspace       used 35041K, committed 36160K, reserved 1114112K
  class space    used 3448K, committed 3968K, reserved 1048576K
}
Event: 5.187 GC heap before
{Heap before GC invocations=16 (full 2):
 PSYoungGen      total 23552K, used 896K [0x00000000eab00000, 0x00000000ec500000, 0x0000000100000000)
  eden space 22528K, 0% used [0x00000000eab00000,0x00000000eab00000,0x00000000ec100000)
  from space 1024K, 87% used [0x00000000ec400000,0x00000000ec4e0000,0x00000000ec500000)
  to   space 1536K, 0% used [0x00000000ec200000,0x00000000ec200000,0x00000000ec380000)
 ParOldGen       total 68608K, used 20543K [0x00000000c0000000, 0x00000000c4300000, 0x00000000eab00000)
  object space 68608K, 29% used [0x00000000c0000000,0x00000000c140fd00,0x00000000c4300000)
 Metaspace       used 35041K, committed 36160K, reserved 1114112K
  class space    used 3448K, committed 3968K, reserved 1048576K
}
Event: 5.232 GC heap after
{Heap after GC invocations=16 (full 2):
 PSYoungGen      total 23552K, used 0K [0x00000000eab00000, 0x00000000ec500000, 0x0000000100000000)
  eden space 22528K, 0% used [0x00000000eab00000,0x00000000eab00000,0x00000000ec100000)
  from space 1024K, 0% used [0x00000000ec400000,0x00000000ec400000,0x00000000ec500000)
  to   space 1536K, 0% used [0x00000000ec200000,0x00000000ec200000,0x00000000ec380000)
 ParOldGen       total 68608K, used 20655K [0x00000000c0000000, 0x00000000c4300000, 0x00000000eab00000)
  object space 68608K, 30% used [0x00000000c0000000,0x00000000c142bd90,0x00000000c4300000)
 Metaspace       used 35041K, committed 36160K, reserved 1114112K
  class space    used 3448K, committed 3968K, reserved 1048576K
}

Dll operation events (10 events):
Event: 0.007 Loaded shared library c:\Users\ankik\.vscode\extensions\redhat.java-1.41.1-win32-x64\jre\21.0.6-win32-x86_64\bin\java.dll
Event: 0.079 Loaded shared library c:\Users\ankik\.vscode\extensions\redhat.java-1.41.1-win32-x64\jre\21.0.6-win32-x86_64\bin\zip.dll
Event: 0.100 Loaded shared library C:\Users\ankik\.vscode\extensions\redhat.java-1.41.1-win32-x64\jre\21.0.6-win32-x86_64\bin\instrument.dll
Event: 0.104 Loaded shared library C:\Users\ankik\.vscode\extensions\redhat.java-1.41.1-win32-x64\jre\21.0.6-win32-x86_64\bin\net.dll
Event: 0.106 Loaded shared library C:\Users\ankik\.vscode\extensions\redhat.java-1.41.1-win32-x64\jre\21.0.6-win32-x86_64\bin\nio.dll
Event: 0.108 Loaded shared library C:\Users\ankik\.vscode\extensions\redhat.java-1.41.1-win32-x64\jre\21.0.6-win32-x86_64\bin\zip.dll
Event: 0.125 Loaded shared library C:\Users\ankik\.vscode\extensions\redhat.java-1.41.1-win32-x64\jre\21.0.6-win32-x86_64\bin\jimage.dll
Event: 0.205 Loaded shared library c:\Users\ankik\.vscode\extensions\redhat.java-1.41.1-win32-x64\jre\21.0.6-win32-x86_64\bin\verify.dll
Event: 1.482 Loaded shared library C:\Users\ankik\AppData\Roaming\Code\User\globalStorage\redhat.java\1.41.1\config_win\org.eclipse.equinox.launcher\org.eclipse.equinox.launcher.win32.win32.x86_64_1.2.1300.v20250331-1702\eclipse_11911.dll
Event: 2.737 Loaded shared library C:\Users\ankik\AppData\Local\Temp\jna-92964736\jna15790330268596456700.dll

Deoptimization events (20 events):
Event: 4.879 Thread 0x00000234f74d50e0 Uncommon trap: trap_request=0xffffff45 fr.pc=0x00000234a6328b68 relative=0x0000000000000388
Event: 4.880 Thread 0x00000234f74d50e0 Uncommon trap: reason=unstable_if action=reinterpret pc=0x00000234a6328b68 method=java.lang.Integer.parseInt(Ljava/lang/String;I)I @ 119 c2
Event: 4.880 Thread 0x00000234f74d50e0 DEOPT PACKING pc=0x00000234a6328b68 sp=0x0000003ffbcfce50
Event: 4.880 Thread 0x00000234f74d50e0 DEOPT UNPACKING pc=0x00000234a5c96da2 sp=0x0000003ffbcfcdb8 mode 2
Event: 4.952 Thread 0x00000234f74d50e0 Uncommon trap: trap_request=0xffffff45 fr.pc=0x00000234a63aa708 relative=0x0000000000000748
Event: 4.952 Thread 0x00000234f74d50e0 Uncommon trap: reason=unstable_if action=reinterpret pc=0x00000234a63aa708 method=java.util.regex.Pattern$BmpCharPropertyGreedy.match(Ljava/util/regex/Matcher;ILjava/lang/CharSequence;)Z @ 12 c2
Event: 4.953 Thread 0x00000234f74d50e0 DEOPT PACKING pc=0x00000234a63aa708 sp=0x0000003ffbcfd670
Event: 4.953 Thread 0x00000234f74d50e0 DEOPT UNPACKING pc=0x00000234a5c96da2 sp=0x0000003ffbcfd558 mode 2
Event: 5.000 Thread 0x00000234f7805c10 Uncommon trap: trap_request=0xffffff45 fr.pc=0x00000234a63f6560 relative=0x00000000000001a0
Event: 5.000 Thread 0x00000234f7805c10 Uncommon trap: reason=unstable_if action=reinterpret pc=0x00000234a63f6560 method=jdk.internal.jrtfs.JrtPath.normalize(Ljava/lang/String;)Ljava/lang/String; @ 78 c2
Event: 5.000 Thread 0x00000234f7805c10 DEOPT PACKING pc=0x00000234a63f6560 sp=0x0000003ffc1fd480
Event: 5.000 Thread 0x00000234f7805c10 DEOPT UNPACKING pc=0x00000234a5c96da2 sp=0x0000003ffc1fd400 mode 2
Event: 5.006 Thread 0x00000234f7803b40 Uncommon trap: trap_request=0xffffff45 fr.pc=0x00000234a63a825c relative=0x000000000000017c
Event: 5.006 Thread 0x00000234f7803b40 Uncommon trap: reason=unstable_if action=reinterpret pc=0x00000234a63a825c method=java.util.concurrent.locks.ReentrantReadWriteLock$Sync.tryReleaseShared(I)Z @ 129 c2
Event: 5.006 Thread 0x00000234f7803b40 DEOPT PACKING pc=0x00000234a63a825c sp=0x0000003ffc7fb4f0
Event: 5.006 Thread 0x00000234f7803b40 DEOPT UNPACKING pc=0x00000234a5c96da2 sp=0x0000003ffc7fb468 mode 2
Event: 5.176 Thread 0x00000234f7805c10 Uncommon trap: trap_request=0xffffff45 fr.pc=0x00000234a640d6a8 relative=0x0000000000001228
Event: 5.176 Thread 0x00000234f7805c10 Uncommon trap: reason=unstable_if action=reinterpret pc=0x00000234a640d6a8 method=org.eclipse.jdt.internal.core.util.Util.splitOn(CLjava/lang/String;II)[Ljava/lang/String; @ 21 c2
Event: 5.176 Thread 0x00000234f7805c10 DEOPT PACKING pc=0x00000234a640d6a8 sp=0x0000003ffc1fd3c0
Event: 5.176 Thread 0x00000234f7805c10 DEOPT UNPACKING pc=0x00000234a5c96da2 sp=0x0000003ffc1fd388 mode 2

Classes loaded (20 events):
Event: 5.141 Loading class sun/reflect/generics/reflectiveObjects/TypeVariableImpl
Event: 5.141 Loading class sun/reflect/generics/reflectiveObjects/LazyReflectiveObjectGenerator
Event: 5.141 Loading class sun/reflect/generics/reflectiveObjects/LazyReflectiveObjectGenerator done
Event: 5.141 Loading class sun/reflect/generics/reflectiveObjects/TypeVariableImpl done
Event: 5.141 Loading class sun/reflect/generics/tree/TypeVariableSignature
Event: 5.141 Loading class sun/reflect/generics/tree/TypeVariableSignature done
Event: 5.145 Loading class java/lang/reflect/WildcardType
Event: 5.145 Loading class java/lang/reflect/WildcardType done
Event: 5.159 Loading class java/lang/reflect/Executable$ParameterData
Event: 5.160 Loading class java/lang/reflect/Executable$ParameterData done
Event: 5.162 Loading class sun/reflect/generics/scope/MethodScope
Event: 5.163 Loading class sun/reflect/generics/scope/MethodScope done
Event: 5.163 Loading class sun/reflect/generics/repository/MethodRepository
Event: 5.163 Loading class sun/reflect/generics/repository/ConstructorRepository
Event: 5.163 Loading class sun/reflect/generics/repository/ConstructorRepository done
Event: 5.163 Loading class sun/reflect/generics/repository/MethodRepository done
Event: 5.163 Loading class sun/reflect/generics/tree/MethodTypeSignature
Event: 5.163 Loading class sun/reflect/generics/tree/MethodTypeSignature done
Event: 5.236 Loading class jdk/internal/vm/annotation/IntrinsicCandidate
Event: 5.236 Loading class jdk/internal/vm/annotation/IntrinsicCandidate done

Classes unloaded (7 events):
Event: 3.186 Thread 0x00000234af8b0cb0 Unloading class 0x00000234b1195c00 'java/lang/invoke/LambdaForm$MH+0x00000234b1195c00'
Event: 3.186 Thread 0x00000234af8b0cb0 Unloading class 0x00000234b1195800 'java/lang/invoke/LambdaForm$MH+0x00000234b1195800'
Event: 3.186 Thread 0x00000234af8b0cb0 Unloading class 0x00000234b1195400 'java/lang/invoke/LambdaForm$MH+0x00000234b1195400'
Event: 3.186 Thread 0x00000234af8b0cb0 Unloading class 0x00000234b1195000 'java/lang/invoke/LambdaForm$MH+0x00000234b1195000'
Event: 3.186 Thread 0x00000234af8b0cb0 Unloading class 0x00000234b1194c00 'java/lang/invoke/LambdaForm$BMH+0x00000234b1194c00'
Event: 3.186 Thread 0x00000234af8b0cb0 Unloading class 0x00000234b1194800 'java/lang/invoke/LambdaForm$DMH+0x00000234b1194800'
Event: 3.186 Thread 0x00000234af8b0cb0 Unloading class 0x00000234b1193400 'java/lang/invoke/LambdaForm$DMH+0x00000234b1193400'

Classes redefined (0 events):
No events

Internal exceptions (20 events):
Event: 4.750 Thread 0x00000234f78034b0 Exception <a 'java/lang/NoSuchMethodError'{0x00000000eb422830}: 'int java.lang.invoke.DirectMethodHandle$Holder.invokeStaticInit(java.lang.Object, double, double)'> (0x00000000eb422830) 
thrown [s\src\hotspot\share\interpreter\linkResolver.cpp, line 773]
Event: 4.751 Thread 0x00000234f78034b0 Exception <a 'java/lang/NoSuchMethodError'{0x00000000eb426b20}: 'int java.lang.invoke.DirectMethodHandle$Holder.invokeStatic(java.lang.Object, long)'> (0x00000000eb426b20) 
thrown [s\src\hotspot\share\interpreter\linkResolver.cpp, line 773]
Event: 4.755 Thread 0x00000234f78034b0 Exception <a 'java/lang/NoSuchMethodError'{0x00000000eb4ea4f0}: 'int java.lang.invoke.Invokers$Holder.linkToTargetMethod(java.lang.Object, java.lang.Object)'> (0x00000000eb4ea4f0) 
thrown [s\src\hotspot\share\interpreter\linkResolver.cpp, line 773]
Event: 4.758 Thread 0x00000234f78062a0 Exception <a 'java/lang/NoSuchMethodError'{0x00000000eb54d518}: 'int java.lang.invoke.DirectMethodHandle$Holder.invokeSpecial(java.lang.Object, java.lang.Object, java.lang.Object, java.lang.Object)'> (0x00000000eb54d518) 
thrown [s\src\hotspot\share\interpreter\linkResolver.cpp, line 773]
Event: 4.762 Thread 0x00000234f78062a0 Exception <a 'java/lang/NoSuchMethodError'{0x00000000eb575658}: 'java.lang.Object java.lang.invoke.DirectMethodHandle$Holder.invokeStatic(java.lang.Object, int, java.lang.Object, java.lang.Object)'> (0x00000000eb575658) 
thrown [s\src\hotspot\share\interpreter\linkResolver.cpp, line 773]
Event: 4.762 Thread 0x00000234f78062a0 Exception <a 'java/lang/NoSuchMethodError'{0x00000000eb5dfe90}: 'java.lang.Object java.lang.invoke.DelegatingMethodHandle$Holder.delegate(java.lang.Object, int, java.lang.Object, java.lang.Object)'> (0x00000000eb5dfe90) 
thrown [s\src\hotspot\share\interpreter\linkResolver.cpp, line 773]
Event: 4.764 Thread 0x00000234f78062a0 Implicit null exception at 0x00000234a63d2ad2 to 0x00000234a63d2da4
Event: 4.767 Thread 0x00000234f78062a0 Exception <a 'java/lang/NoSuchMethodError'{0x00000000eb6177e8}: 'int java.lang.invoke.Invokers$Holder.linkToTargetMethod(java.lang.Object, java.lang.Object, java.lang.Object)'> (0x00000000eb6177e8) 
thrown [s\src\hotspot\share\interpreter\linkResolver.cpp, line 773]
Event: 4.801 Thread 0x00000234f7805c10 Exception <a 'java/lang/NoSuchMethodError'{0x00000000eb853fc8}: 'java.lang.Object java.lang.invoke.DelegatingMethodHandle$Holder.reinvoke_L(java.lang.Object, int, long, java.lang.Object, java.lang.Object, int, java.lang.Object)'> (0x00000000eb853fc8) 
thrown [s\src\hotspot\share\interpreter\linkResolver.cpp, line 773]
Event: 4.828 Thread 0x00000234f78034b0 Exception <a 'java/lang/NoSuchMethodError'{0x00000000eb9c0228}: 'java.lang.Object java.lang.invoke.DirectMethodHandle$Holder.invokeSpecialIFC(java.lang.Object, java.lang.Object, java.lang.Object, java.lang.Object)'> (0x00000000eb9c0228) 
thrown [s\src\hotspot\share\interpreter\linkResolver.cpp, line 773]
Event: 4.830 Thread 0x00000234f74d50e0 Exception <a 'java/io/FileNotFoundException'{0x00000000eb9ded88}> (0x00000000eb9ded88) 
thrown [s\src\hotspot\share\prims\jni.cpp, line 520]
Event: 4.872 Thread 0x00000234f74d50e0 Exception <a 'java/lang/UnsatisfiedLinkError'{0x00000000ebcf34e0}: The specified procedure could not be found.
> (0x00000000ebcf34e0) 
thrown [s\src\hotspot\share\prims\jni.cpp, line 539]
Event: 4.879 Thread 0x00000234f74d50e0 Exception <a 'java/io/FileNotFoundException'{0x00000000ebd0ae68}> (0x00000000ebd0ae68) 
thrown [s\src\hotspot\share\prims\jni.cpp, line 520]
Event: 4.919 Thread 0x00000234f74d50e0 Exception <a 'java/lang/UnsatisfiedLinkError'{0x00000000eab12650}: The specified procedure could not be found.
> (0x00000000eab12650) 
thrown [s\src\hotspot\share\prims\jni.cpp, line 539]
Event: 4.992 Thread 0x00000234f7805c10 Exception <a 'java/lang/NoSuchMethodError'{0x00000000eb44ba30}: 'java.lang.Object java.lang.invoke.Invokers$Holder.invoke_MT(java.lang.Object, java.lang.Object, java.lang.Object, java.lang.Object, java.lang.Object, java.lang.Object, java.lang.Object, java.lang.Object, java.lang.Object, java.lang.Object)'> (0x00000000eb44ba30) 
thrown [s\src\hotspot\share\interpreter\linkResolver.cpp, line 773]
Event: 5.017 Thread 0x00000234f7804860 Exception <a 'java/lang/NoSuchMethodError'{0x00000000eb726280}: 'void java.lang.invoke.DirectMethodHandle$Holder.invokeStaticInit(java.lang.Object, java.lang.Object, java.lang.Object, java.lang.Object)'> (0x00000000eb726280) 
thrown [s\src\hotspot\share\interpreter\linkResolver.cpp, line 773]
Event: 5.051 Thread 0x000002349b518f00 Exception <a 'java/lang/NoSuchMethodError'{0x00000000ebca15f8}: 'java.lang.Object java.lang.invoke.DirectMethodHandle$Holder.invokeStatic(java.lang.Object, long, java.lang.Object)'> (0x00000000ebca15f8) 
thrown [s\src\hotspot\share\interpreter\linkResolver.cpp, line 773]
Event: 5.053 Thread 0x000002349b518f00 Exception <a 'java/lang/NoSuchMethodError'{0x00000000ebccd930}: 'java.lang.Object java.lang.invoke.DirectMethodHandle$Holder.invokeStaticInit(java.lang.Object, long, java.lang.Object)'> (0x00000000ebccd930) 
thrown [s\src\hotspot\share\interpreter\linkResolver.cpp, line 773]
Event: 5.055 Thread 0x000002349b518f00 Exception <a 'java/lang/NoSuchMethodError'{0x00000000ebd79848}: 'java.lang.Object java.lang.invoke.DirectMethodHandle$Holder.newInvokeSpecial(java.lang.Object, long)'> (0x00000000ebd79848) 
thrown [s\src\hotspot\share\interpreter\linkResolver.cpp, line 773]
Event: 5.248 Thread 0x00000234f78034b0 Exception <a 'java/lang/NoSuchMethodError'{0x00000000eaf1fd98}: 'int java.lang.invoke.DirectMethodHandle$Holder.invokeStatic(java.lang.Object, java.lang.Object, java.lang.Object, java.lang.Object, java.lang.Object)'> (0x00000000eaf1fd98) 
thrown [s\src\hotspot\share\interpreter\linkResolver.cpp, line 773]

ZGC Phase Switch (0 events):
No events

VM Operations (20 events):
Event: 4.763 Executing VM operation: HandshakeAllThreads (Deoptimize) done
Event: 4.836 Executing VM operation: HandshakeAllThreads (Deoptimize)
Event: 4.837 Executing VM operation: HandshakeAllThreads (Deoptimize) done
Event: 4.838 Executing VM operation: HandshakeAllThreads (Deoptimize)
Event: 4.838 Executing VM operation: HandshakeAllThreads (Deoptimize) done
Event: 4.898 Executing VM operation: HandshakeAllThreads (Deoptimize)
Event: 4.898 Executing VM operation: HandshakeAllThreads (Deoptimize) done
Event: 4.907 Executing VM operation: ParallelGCFailedAllocation (Allocation Failure)
Event: 4.913 Executing VM operation: ParallelGCFailedAllocation (Allocation Failure) done
Event: 5.073 Executing VM operation: ParallelGCFailedAllocation (Allocation Failure)
Event: 5.076 Executing VM operation: ParallelGCFailedAllocation (Allocation Failure) done
Event: 5.077 Executing VM operation: ParallelGCSystemGC (GCLocker Initiated GC)
Event: 5.082 Executing VM operation: ParallelGCSystemGC (GCLocker Initiated GC) done
Event: 5.145 Executing VM operation: CollectForMetadataAllocation (Metadata GC Threshold)
Event: 5.145 Executing VM operation: CollectForMetadataAllocation (Metadata GC Threshold) done
Event: 5.146 Executing VM operation: ParallelGCSystemGC (GCLocker Initiated GC)
Event: 5.150 Executing VM operation: ParallelGCSystemGC (GCLocker Initiated GC) done
Event: 5.185 Executing VM operation: CollectForMetadataAllocation (Metadata GC Threshold)
Event: 5.232 Executing VM operation: CollectForMetadataAllocation (Metadata GC Threshold) done
Event: 6.232 Executing VM operation: Cleanup

Memory protections (0 events):
No events

Nmethod flushes (20 events):
Event: 5.207 Thread 0x00000234af8b0cb0 flushing  nmethod 0x000002349edad690
Event: 5.207 Thread 0x00000234af8b0cb0 flushing  nmethod 0x000002349edb4e90
Event: 5.207 Thread 0x00000234af8b0cb0 flushing  nmethod 0x000002349edb5290
Event: 5.207 Thread 0x00000234af8b0cb0 flushing  nmethod 0x000002349edb5b90
Event: 5.207 Thread 0x00000234af8b0cb0 flushing  nmethod 0x000002349edb6d90
Event: 5.207 Thread 0x00000234af8b0cb0 flushing  nmethod 0x000002349edb7590
Event: 5.207 Thread 0x00000234af8b0cb0 flushing  nmethod 0x000002349edb7d10
Event: 5.207 Thread 0x00000234af8b0cb0 flushing  nmethod 0x000002349edb8690
Event: 5.207 Thread 0x00000234af8b0cb0 flushing  nmethod 0x000002349edb8b90
Event: 5.207 Thread 0x00000234af8b0cb0 flushing  nmethod 0x000002349edb9490
Event: 5.207 Thread 0x00000234af8b0cb0 flushing  nmethod 0x000002349edba910
Event: 5.207 Thread 0x00000234af8b0cb0 flushing  nmethod 0x000002349edbc390
Event: 5.207 Thread 0x00000234af8b0cb0 flushing  nmethod 0x000002349edbd110
Event: 5.207 Thread 0x00000234af8b0cb0 flushing  nmethod 0x000002349edd8a10
Event: 5.207 Thread 0x00000234af8b0cb0 flushing  nmethod 0x000002349ede6f10
Event: 5.207 Thread 0x00000234af8b0cb0 flushing  nmethod 0x000002349ede9610
Event: 5.207 Thread 0x00000234af8b0cb0 flushing  nmethod 0x000002349eded210
Event: 5.207 Thread 0x00000234af8b0cb0 flushing  nmethod 0x000002349edf8090
Event: 5.207 Thread 0x00000234af8b0cb0 flushing  nmethod 0x000002349ee06b90
Event: 5.207 Thread 0x00000234af8b0cb0 flushing  nmethod 0x000002349ee08290

Events (20 events):
Event: 2.824 Thread 0x00000234f74d50e0 Thread added: 0x00000234f7805c10
Event: 2.825 Thread 0x00000234f74d50e0 Thread added: 0x00000234f7806930
Event: 2.875 Thread 0x00000234af8fa290 Thread added: 0x00000234af8f94f0
Event: 3.587 Thread 0x00000234f74d50e0 Thread added: 0x00000234f7805580
Event: 3.608 Thread 0x00000234af8fa290 Thread added: 0x00000234af8f6c10
Event: 4.731 Thread 0x00000234f78062a0 Thread added: 0x00000234f78034b0
Event: 4.732 Thread 0x00000234f78034b0 Thread added: 0x00000234f7803b40
Event: 4.932 Thread 0x00000234f7803b40 Thread added: 0x00000234f7804860
Event: 4.978 Thread 0x00000234f7804860 Thread added: 0x00000234f981ccf0
Event: 5.006 Thread 0x00000234f981ccf0 Thread added: 0x00000234f981e730
Event: 5.069 Thread 0x000002349b518f00 Thread added: 0x00000234f981da10
Event: 5.070 Thread 0x000002349b518f00 Thread added: 0x00000234f981bfd0
Event: 5.071 Thread 0x000002349b518f00 Thread added: 0x00000234f981b940
Event: 5.071 Thread 0x000002349b518f00 Thread added: 0x00000234f981f450
Event: 5.071 Thread 0x000002349b518f00 Thread added: 0x00000234f981e0a0
Event: 5.071 Thread 0x000002349b518f00 Thread added: 0x00000234f981edc0
Event: 5.071 Thread 0x000002349b518f00 Thread added: 0x00000234f981fae0
Event: 5.072 Thread 0x000002349b518f00 Thread added: 0x00000234f981d380
Event: 5.072 Thread 0x000002349b518f00 Thread added: 0x00000234f981c660
Event: 5.131 Thread 0x000002349b518f00 Thread added: 0x00000234f9820e90


Dynamic libraries:
0x00007ff720e30000 - 0x00007ff720e3e000 	c:\Users\ankik\.vscode\extensions\redhat.java-1.41.1-win32-x64\jre\21.0.6-win32-x86_64\bin\java.exe
0x00007ffddf640000 - 0x00007ffddf8a6000 	C:\WINDOWS\SYSTEM32\ntdll.dll
0x00007ffddeb30000 - 0x00007ffddebf9000 	C:\WINDOWS\System32\KERNEL32.DLL
0x00007ffddcb40000 - 0x00007ffddcf0c000 	C:\WINDOWS\System32\KERNELBASE.dll
0x00007ffddc930000 - 0x00007ffddca7b000 	C:\WINDOWS\System32\ucrtbase.dll
0x00007ffdd28b0000 - 0x00007ffdd28ce000 	c:\Users\ankik\.vscode\extensions\redhat.java-1.41.1-win32-x64\jre\21.0.6-win32-x86_64\bin\VCRUNTIME140.dll
0x00007ffdd20c0000 - 0x00007ffdd20d8000 	c:\Users\ankik\.vscode\extensions\redhat.java-1.41.1-win32-x64\jre\21.0.6-win32-x86_64\bin\jli.dll
0x00007ffddf1c0000 - 0x00007ffddf38a000 	C:\WINDOWS\System32\USER32.dll
0x00007ffdc46b0000 - 0x00007ffdc494a000 	C:\WINDOWS\WinSxS\amd64_microsoft.windows.common-controls_6595b64144ccf1df_6.0.26100.3912_none_3e07963ce335137e\COMCTL32.dll
0x00007ffddc860000 - 0x00007ffddc887000 	C:\WINDOWS\System32\win32u.dll
0x00007ffddf3a0000 - 0x00007ffddf449000 	C:\WINDOWS\System32\msvcrt.dll
0x00007ffddf480000 - 0x00007ffddf4ab000 	C:\WINDOWS\System32\GDI32.dll
0x00007ffddcf10000 - 0x00007ffddd042000 	C:\WINDOWS\System32\gdi32full.dll
0x00007ffddd1d0000 - 0x00007ffddd273000 	C:\WINDOWS\System32\msvcp_win.dll
0x00007ffdde2c0000 - 0x00007ffdde2f0000 	C:\WINDOWS\System32\IMM32.DLL
0x00007ffdd6bb0000 - 0x00007ffdd6bbc000 	c:\Users\ankik\.vscode\extensions\redhat.java-1.41.1-win32-x64\jre\21.0.6-win32-x86_64\bin\vcruntime140_1.dll
0x00007ffdca1c0000 - 0x00007ffdca24d000 	c:\Users\ankik\.vscode\extensions\redhat.java-1.41.1-win32-x64\jre\21.0.6-win32-x86_64\bin\msvcp140.dll
0x00007ffd7d970000 - 0x00007ffd7e700000 	c:\Users\ankik\.vscode\extensions\redhat.java-1.41.1-win32-x64\jre\21.0.6-win32-x86_64\bin\server\jvm.dll
0x00007ffddf540000 - 0x00007ffddf5f2000 	C:\WINDOWS\System32\ADVAPI32.dll
0x00007ffdde050000 - 0x00007ffdde0f6000 	C:\WINDOWS\System32\sechost.dll
0x00007ffddee60000 - 0x00007ffddef76000 	C:\WINDOWS\System32\RPCRT4.dll
0x00007ffdde100000 - 0x00007ffdde174000 	C:\WINDOWS\System32\WS2_32.dll
0x00007ffddc0a0000 - 0x00007ffddc0fe000 	C:\WINDOWS\SYSTEM32\POWRPROF.dll
0x00007ffdc4a90000 - 0x00007ffdc4ac6000 	C:\WINDOWS\SYSTEM32\WINMM.dll
0x00007ffdd0d80000 - 0x00007ffdd0d8b000 	C:\WINDOWS\SYSTEM32\VERSION.dll
0x00007ffddc080000 - 0x00007ffddc094000 	C:\WINDOWS\SYSTEM32\UMPDC.dll
0x00007ffddb570000 - 0x00007ffddb58a000 	C:\WINDOWS\SYSTEM32\kernel.appcore.dll
0x00007ffdd6b70000 - 0x00007ffdd6b7a000 	c:\Users\ankik\.vscode\extensions\redhat.java-1.41.1-win32-x64\jre\21.0.6-win32-x86_64\bin\jimage.dll
0x00007ffdda0d0000 - 0x00007ffdda311000 	C:\WINDOWS\SYSTEM32\DBGHELP.DLL
0x00007ffddd780000 - 0x00007ffdddb04000 	C:\WINDOWS\System32\combase.dll
0x00007ffdded70000 - 0x00007ffddee50000 	C:\WINDOWS\System32\OLEAUT32.dll
0x00007ffdb54a0000 - 0x00007ffdb54d9000 	C:\WINDOWS\SYSTEM32\dbgcore.DLL
0x00007ffddc890000 - 0x00007ffddc929000 	C:\WINDOWS\System32\bcryptPrimitives.dll
0x00007ffdd6b00000 - 0x00007ffdd6b0f000 	c:\Users\ankik\.vscode\extensions\redhat.java-1.41.1-win32-x64\jre\21.0.6-win32-x86_64\bin\instrument.dll
0x00007ffdd2090000 - 0x00007ffdd20af000 	c:\Users\ankik\.vscode\extensions\redhat.java-1.41.1-win32-x64\jre\21.0.6-win32-x86_64\bin\java.dll
0x00007ffdde380000 - 0x00007ffddeaad000 	C:\WINDOWS\System32\SHELL32.dll
0x00007ffddd050000 - 0x00007ffddd1c4000 	C:\WINDOWS\System32\wintypes.dll
0x00007ffdda400000 - 0x00007ffddac56000 	C:\WINDOWS\SYSTEM32\windows.storage.dll
0x00007ffddec70000 - 0x00007ffdded5f000 	C:\WINDOWS\System32\SHCORE.dll
0x00007ffddec00000 - 0x00007ffddec69000 	C:\WINDOWS\System32\shlwapi.dll
0x00007ffddc6e0000 - 0x00007ffddc70f000 	C:\WINDOWS\SYSTEM32\profapi.dll
0x00007ffdd0f70000 - 0x00007ffdd0f88000 	c:\Users\ankik\.vscode\extensions\redhat.java-1.41.1-win32-x64\jre\21.0.6-win32-x86_64\bin\zip.dll
0x00007ffdd32f0000 - 0x00007ffdd3300000 	C:\Users\ankik\.vscode\extensions\redhat.java-1.41.1-win32-x64\jre\21.0.6-win32-x86_64\bin\net.dll
0x00007ffdd25e0000 - 0x00007ffdd26fe000 	C:\WINDOWS\SYSTEM32\WINHTTP.dll
0x00007ffddbb00000 - 0x00007ffddbb6a000 	C:\WINDOWS\system32\mswsock.dll
0x00007ffdc7d60000 - 0x00007ffdc7d76000 	C:\Users\ankik\.vscode\extensions\redhat.java-1.41.1-win32-x64\jre\21.0.6-win32-x86_64\bin\nio.dll
0x00007ffdd28a0000 - 0x00007ffdd28b0000 	c:\Users\ankik\.vscode\extensions\redhat.java-1.41.1-win32-x64\jre\21.0.6-win32-x86_64\bin\verify.dll
0x00007ffdc7d10000 - 0x00007ffdc7d55000 	C:\Users\ankik\AppData\Roaming\Code\User\globalStorage\redhat.java\1.41.1\config_win\org.eclipse.equinox.launcher\org.eclipse.equinox.launcher.win32.win32.x86_64_1.2.1300.v20250331-1702\eclipse_11911.dll
0x00007ffddd460000 - 0x00007ffddd5ff000 	C:\WINDOWS\System32\ole32.dll
0x00007ffddbda0000 - 0x00007ffddbdbc000 	C:\WINDOWS\SYSTEM32\CRYPTSP.dll
0x00007ffddb4d0000 - 0x00007ffddb50a000 	C:\WINDOWS\system32\rsaenh.dll
0x00007ffddbba0000 - 0x00007ffddbbcb000 	C:\WINDOWS\SYSTEM32\USERENV.dll
0x00007ffddc6b0000 - 0x00007ffddc6d6000 	C:\WINDOWS\SYSTEM32\bcrypt.dll
0x00007ffddbdc0000 - 0x00007ffddbdcc000 	C:\WINDOWS\SYSTEM32\CRYPTBASE.dll
0x00007ffddaf80000 - 0x00007ffddafb3000 	C:\WINDOWS\SYSTEM32\IPHLPAPI.DLL
0x00007ffddef80000 - 0x00007ffddef8a000 	C:\WINDOWS\System32\NSI.dll
0x00007ffdc1690000 - 0x00007ffdc16d9000 	C:\Users\ankik\AppData\Local\Temp\jna-92964736\jna15790330268596456700.dll
0x00007ffdde2b0000 - 0x00007ffdde2b8000 	C:\WINDOWS\System32\PSAPI.DLL
0x00007ffdd37d0000 - 0x00007ffdd37ef000 	C:\WINDOWS\SYSTEM32\dhcpcsvc6.DLL
0x00007ffdd3720000 - 0x00007ffdd3745000 	C:\WINDOWS\SYSTEM32\dhcpcsvc.DLL

dbghelp: loaded successfully - version: 4.0.5 - missing functions: none
symbol engine: initialized successfully - sym options: 0x614 - pdb path: .;c:\Users\ankik\.vscode\extensions\redhat.java-1.41.1-win32-x64\jre\21.0.6-win32-x86_64\bin;C:\WINDOWS\SYSTEM32;C:\WINDOWS\WinSxS\amd64_microsoft.windows.common-controls_6595b64144ccf1df_6.0.26100.3912_none_3e07963ce335137e;c:\Users\ankik\.vscode\extensions\redhat.java-1.41.1-win32-x64\jre\21.0.6-win32-x86_64\bin\server;C:\Users\ankik\AppData\Roaming\Code\User\globalStorage\redhat.java\1.41.1\config_win\org.eclipse.equinox.launcher\org.eclipse.equinox.launcher.win32.win32.x86_64_1.2.1300.v20250331-1702;C:\Users\ankik\AppData\Local\Temp\jna-92964736

VM Arguments:
jvm_args: --add-modules=ALL-SYSTEM --add-opens=java.base/java.util=ALL-UNNAMED --add-opens=java.base/java.lang=ALL-UNNAMED --add-opens=java.base/sun.nio.fs=ALL-UNNAMED -Declipse.application=org.eclipse.jdt.ls.core.id1 -Dosgi.bundles.defaultStartLevel=4 -Declipse.product=org.eclipse.jdt.ls.core.product -Djava.import.generatesMetadataFilesAtProjectRoot=false -DDetectVMInstallationsJob.disabled=true -Dfile.encoding=utf8 -XX:+UseParallelGC -XX:GCTimeRatio=4 -XX:AdaptiveSizePolicyWeight=90 -Dsun.zip.disableMemoryMapping=true -Xmx1G -Xms100m -Xlog:disable -javaagent:c:\Users\ankik\.vscode\extensions\redhat.java-1.41.1-win32-x64\lombok\lombok-1.18.36.jar -XX:+HeapDumpOnOutOfMemoryError -XX:HeapDumpPath=c:\Users\ankik\AppData\Roaming\Code\User\workspaceStorage\9961edf7579b5d0fc1c44e751a7c1207\redhat.java -Daether.dependencyCollector.impl=bf 
java_command: c:\Users\ankik\.vscode\extensions\redhat.java-1.41.1-win32-x64\server\plugins\org.eclipse.equinox.launcher_1.7.0.v20250331-1702.jar -configuration c:\Users\ankik\AppData\Roaming\Code\User\globalStorage\redhat.java\1.41.1\config_win -data c:\Users\ankik\AppData\Roaming\Code\User\workspaceStorage\9961edf7579b5d0fc1c44e751a7c1207\redhat.java\jdt_ws --pipe=\\.\pipe\lsp-d5156190fbc56a2cc142371ac108d8e7-sock
java_class_path (initial): c:\Users\ankik\.vscode\extensions\redhat.java-1.41.1-win32-x64\server\plugins\org.eclipse.equinox.launcher_1.7.0.v20250331-1702.jar
Launcher Type: SUN_STANDARD

[Global flags]
    uintx AdaptiveSizePolicyWeight                 = 90                                        {product} {command line}
     intx CICompilerCount                          = 4                                         {product} {ergonomic}
    uintx GCTimeRatio                              = 4                                         {product} {command line}
     bool HeapDumpOnOutOfMemoryError               = true                                   {manageable} {command line}
    ccstr HeapDumpPath                             = c:\Users\ankik\AppData\Roaming\Code\User\workspaceStorage\9961edf7579b5d0fc1c44e751a7c1207\redhat.java         {manageable} {command line}
   size_t InitialHeapSize                          = 104857600                                 {product} {command line}
   size_t MaxHeapSize                              = 1073741824                                {product} {command line}
   size_t MaxNewSize                               = 357564416                                 {product} {ergonomic}
   size_t MinHeapDeltaBytes                        = 524288                                    {product} {ergonomic}
   size_t MinHeapSize                              = 104857600                                 {product} {command line}
   size_t NewSize                                  = 34603008                                  {product} {ergonomic}
    uintx NonNMethodCodeHeapSize                   = 5839372                                {pd product} {ergonomic}
    uintx NonProfiledCodeHeapSize                  = 122909434                              {pd product} {ergonomic}
   size_t OldSize                                  = 70254592                                  {product} {ergonomic}
    uintx ProfiledCodeHeapSize                     = 122909434                              {pd product} {ergonomic}
    uintx ReservedCodeCacheSize                    = 251658240                              {pd product} {ergonomic}
     bool SegmentedCodeCache                       = true                                      {product} {ergonomic}
   size_t SoftMaxHeapSize                          = 1073741824                             {manageable} {ergonomic}
     bool UseCompressedOops                        = true                           {product lp64_product} {ergonomic}
     bool UseLargePagesIndividualAllocation        = false                                  {pd product} {ergonomic}
     bool UseParallelGC                            = true                                      {product} {command line}

Logging:
Log output configuration:
 #0: stdout all=off uptime,level,tags foldmultilines=false
 #1: stderr all=off uptime,level,tags foldmultilines=false

Environment Variables:
PATH=C:\WINDOWS\system32;C:\WINDOWS;C:\WINDOWS\System32\Wbem;C:\WINDOWS\System32\WindowsPowerShell\v1.0\;C:\WINDOWS\System32\OpenSSH\;C:\Program Files\dotnet\;C:\Program Files\Git\cmd;C:\Users\ankik\AppData\Local\Microsoft\WindowsApps;C:\Users\ankik\AppData\Local\Programs\Microsoft VS Code\bin;C:\Users\ankik\AppData\Local\GitHubDesktop\bin
USERNAME=ankik
OS=Windows_NT
PROCESSOR_IDENTIFIER=Intel64 Family 6 Model 140 Stepping 1, GenuineIntel
TMP=C:\Users\ankik\AppData\Local\Temp
TEMP=C:\Users\ankik\AppData\Local\Temp




Periodic native trim disabled

---------------  S Y S T E M  ---------------

OS:
 Windows 11 , 64 bit Build 26100 (10.0.26100.3912)
OS uptime: 15 days 21:06 hours
Hyper-V role detected

CPU: total 8 (initial active 8) (4 cores per cpu, 2 threads per core) family 6 model 140 stepping 1 microcode 0x8a, cx8, cmov, fxsr, ht, mmx, 3dnowpref, sse, sse2, sse3, ssse3, sse4.1, sse4.2, popcnt, lzcnt, tsc, tscinvbit, avx, avx2, aes, erms, clmul, bmi1, bmi2, adx, avx512f, avx512dq, avx512cd, avx512bw, avx512vl, sha, fma, vzeroupper, avx512_vpopcntdq, avx512_vpclmulqdq, avx512_vaes, avx512_vnni, clflush, clflushopt, clwb, avx512_vbmi2, avx512_vbmi, hv, rdtscp, rdpid, fsrm, gfni, avx512_bitalg, f16c, cet_ibt, cet_ss, avx512_ifma
Processor Information for the first 8 processors :
  Max Mhz: 2419, Current Mhz: 2419, Mhz Limit: 2419

Memory: 4k page, system-wide physical 7971M (791M free)
TotalPageFile size 10971M (AvailPageFile size 13M)
current process WorkingSet (physical memory assigned to process): 186M, peak: 199M
current process commit charge ("private bytes"): 271M, peak: 284M

vm_info: OpenJDK 64-Bit Server VM (21.0.6+7-LTS) for windows-amd64 JRE (21.0.6+7-LTS), built on 2025-01-21T00:00:00Z by "admin" with MS VC++ 17.7 (VS2022)

END.
